{"/Users/matusalenalves/Documents/Workspace/React/PDM/vitta/src/infra/firebase/repository/firebaseAppointmentRepository.ts": {"path":"/Users/matusalenalves/Documents/Workspace/React/PDM/vitta/src/infra/firebase/repository/firebaseAppointmentRepository.ts","statementMap":{"0":{"start":{"line":3,"column":0},"end":{"line":3,"column":61}},"1":{"start":{"line":4,"column":0},"end":{"line":4,"column":42}},"2":{"start":{"line":5,"column":0},"end":{"line":5,"column":null}},"3":{"start":{"line":21,"column":38},"end":{"line":21,"column":52}},"4":{"start":{"line":24,"column":8},"end":{"line":35,"column":10}},"5":{"start":{"line":39,"column":46},"end":{"line":48,"column":10}},"6":{"start":{"line":50,"column":8},"end":{"line":52,"column":9}},"7":{"start":{"line":51,"column":12},"end":{"line":51,"column":57}},"8":{"start":{"line":54,"column":8},"end":{"line":54,"column":20}},"9":{"start":{"line":58,"column":8},"end":{"line":64,"column":9}},"10":{"start":{"line":59,"column":23},"end":{"line":59,"column":38}},"11":{"start":{"line":60,"column":27},"end":{"line":60,"column":71}},"12":{"start":{"line":61,"column":12},"end":{"line":61,"column":64}},"13":{"start":{"line":63,"column":12},"end":{"line":63,"column":81}},"14":{"start":{"line":68,"column":8},"end":{"line":80,"column":9}},"15":{"start":{"line":69,"column":23},"end":{"line":69,"column":38}},"16":{"start":{"line":70,"column":27},"end":{"line":70,"column":59}},"17":{"start":{"line":71,"column":28},"end":{"line":71,"column":48}},"18":{"start":{"line":73,"column":12},"end":{"line":75,"column":13}},"19":{"start":{"line":74,"column":16},"end":{"line":74,"column":28}},"20":{"start":{"line":77,"column":12},"end":{"line":77,"column":66}},"21":{"start":{"line":79,"column":12},"end":{"line":79,"column":82}},"22":{"start":{"line":84,"column":8},"end":{"line":98,"column":9}},"23":{"start":{"line":85,"column":23},"end":{"line":85,"column":38}},"24":{"start":{"line":86,"column":34},"end":{"line":86,"column":69}},"25":{"start":{"line":87,"column":22},"end":{"line":91,"column":null}},"26":{"start":{"line":94,"column":29},"end":{"line":94,"column":45}},"27":{"start":{"line":95,"column":12},"end":{"line":95,"column":84}},"28":{"start":{"line":95,"column":44},"end":{"line":95,"column":82}},"29":{"start":{"line":97,"column":12},"end":{"line":97,"column":82}},"30":{"start":{"line":102,"column":8},"end":{"line":119,"column":9}},"31":{"start":{"line":103,"column":23},"end":{"line":103,"column":38}},"32":{"start":{"line":104,"column":34},"end":{"line":104,"column":69}},"33":{"start":{"line":105,"column":51},"end":{"line":108,"column":14}},"34":{"start":{"line":110,"column":12},"end":{"line":112,"column":13}},"35":{"start":{"line":111,"column":16},"end":{"line":111,"column":83}},"36":{"start":{"line":114,"column":22},"end":{"line":114,"column":58}},"37":{"start":{"line":115,"column":29},"end":{"line":115,"column":45}},"38":{"start":{"line":116,"column":12},"end":{"line":116,"column":84}},"39":{"start":{"line":116,"column":44},"end":{"line":116,"column":82}},"40":{"start":{"line":118,"column":12},"end":{"line":118,"column":79}},"41":{"start":{"line":123,"column":8},"end":{"line":141,"column":9}},"42":{"start":{"line":124,"column":23},"end":{"line":124,"column":38}},"43":{"start":{"line":125,"column":34},"end":{"line":125,"column":69}},"44":{"start":{"line":126,"column":51},"end":{"line":130,"column":14}},"45":{"start":{"line":132,"column":12},"end":{"line":134,"column":13}},"46":{"start":{"line":133,"column":16},"end":{"line":133,"column":83}},"47":{"start":{"line":136,"column":22},"end":{"line":136,"column":58}},"48":{"start":{"line":137,"column":29},"end":{"line":137,"column":45}},"49":{"start":{"line":138,"column":12},"end":{"line":138,"column":84}},"50":{"start":{"line":138,"column":44},"end":{"line":138,"column":82}},"51":{"start":{"line":140,"column":12},"end":{"line":140,"column":81}},"52":{"start":{"line":149,"column":8},"end":{"line":166,"column":9}},"53":{"start":{"line":150,"column":23},"end":{"line":150,"column":38}},"54":{"start":{"line":151,"column":34},"end":{"line":151,"column":69}},"55":{"start":{"line":152,"column":22},"end":{"line":159,"column":null}},"56":{"start":{"line":162,"column":29},"end":{"line":162,"column":45}},"57":{"start":{"line":163,"column":12},"end":{"line":163,"column":84}},"58":{"start":{"line":163,"column":44},"end":{"line":163,"column":82}},"59":{"start":{"line":165,"column":12},"end":{"line":165,"column":90}},"60":{"start":{"line":170,"column":8},"end":{"line":179,"column":9}},"61":{"start":{"line":171,"column":23},"end":{"line":171,"column":38}},"62":{"start":{"line":172,"column":27},"end":{"line":172,"column":59}},"63":{"start":{"line":173,"column":12},"end":{"line":176,"column":15}},"64":{"start":{"line":178,"column":12},"end":{"line":178,"column":82}},"65":{"start":{"line":187,"column":19},"end":{"line":187,"column":34}},"66":{"start":{"line":188,"column":30},"end":{"line":188,"column":65}},"67":{"start":{"line":189,"column":18},"end":{"line":193,"column":null}},"68":{"start":{"line":196,"column":28},"end":{"line":206,"column":null}},"69":{"start":{"line":199,"column":37},"end":{"line":200,"column":null}},"70":{"start":{"line":200,"column":20},"end":{"line":200,"column":58}},"71":{"start":{"line":202,"column":16},"end":{"line":202,"column":39}},"72":{"start":{"line":205,"column":16},"end":{"line":205,"column":82}},"73":{"start":{"line":209,"column":8},"end":{"line":209,"column":27}},"74":{"start":{"line":216,"column":19},"end":{"line":216,"column":34}},"75":{"start":{"line":217,"column":30},"end":{"line":217,"column":65}},"76":{"start":{"line":218,"column":18},"end":{"line":223,"column":null}},"77":{"start":{"line":226,"column":28},"end":{"line":236,"column":null}},"78":{"start":{"line":229,"column":37},"end":{"line":230,"column":null}},"79":{"start":{"line":230,"column":20},"end":{"line":230,"column":58}},"80":{"start":{"line":232,"column":16},"end":{"line":232,"column":39}},"81":{"start":{"line":235,"column":16},"end":{"line":235,"column":80}},"82":{"start":{"line":239,"column":8},"end":{"line":239,"column":27}},"83":{"start":{"line":20,"column":0},"end":{"line":20,"column":21}}},"fnMap":{"0":{"name":"(anonymous_1)","decl":{"start":{"line":23,"column":12},"end":{"line":23,"column":25}},"loc":{"start":{"line":23,"column":67},"end":{"line":36,"column":5}}},"1":{"name":"(anonymous_2)","decl":{"start":{"line":38,"column":12},"end":{"line":38,"column":23}},"loc":{"start":{"line":38,"column":48},"end":{"line":55,"column":5}}},"2":{"name":"(anonymous_3)","decl":{"start":{"line":57,"column":4},"end":{"line":57,"column":9}},"loc":{"start":{"line":57,"column":41},"end":{"line":65,"column":5}}},"3":{"name":"(anonymous_4)","decl":{"start":{"line":67,"column":4},"end":{"line":67,"column":9}},"loc":{"start":{"line":67,"column":28},"end":{"line":81,"column":5}}},"4":{"name":"(anonymous_5)","decl":{"start":{"line":83,"column":4},"end":{"line":83,"column":9}},"loc":{"start":{"line":83,"column":41},"end":{"line":99,"column":5}}},"5":{"name":"(anonymous_6)","decl":{"start":{"line":95,"column":37},"end":{"line":95,"column":40}},"loc":{"start":{"line":95,"column":44},"end":{"line":95,"column":82}}},"6":{"name":"(anonymous_7)","decl":{"start":{"line":101,"column":4},"end":{"line":101,"column":9}},"loc":{"start":{"line":101,"column":58},"end":{"line":120,"column":5}}},"7":{"name":"(anonymous_8)","decl":{"start":{"line":116,"column":37},"end":{"line":116,"column":40}},"loc":{"start":{"line":116,"column":44},"end":{"line":116,"column":82}}},"8":{"name":"(anonymous_9)","decl":{"start":{"line":122,"column":4},"end":{"line":122,"column":9}},"loc":{"start":{"line":122,"column":73},"end":{"line":142,"column":5}}},"9":{"name":"(anonymous_10)","decl":{"start":{"line":138,"column":37},"end":{"line":138,"column":40}},"loc":{"start":{"line":138,"column":44},"end":{"line":138,"column":82}}},"10":{"name":"(anonymous_11)","decl":{"start":{"line":144,"column":4},"end":{"line":144,"column":9}},"loc":{"start":{"line":147,"column":30},"end":{"line":167,"column":5}}},"11":{"name":"(anonymous_12)","decl":{"start":{"line":163,"column":37},"end":{"line":163,"column":40}},"loc":{"start":{"line":163,"column":44},"end":{"line":163,"column":82}}},"12":{"name":"(anonymous_13)","decl":{"start":{"line":169,"column":4},"end":{"line":169,"column":9}},"loc":{"start":{"line":169,"column":60},"end":{"line":180,"column":5}}},"13":{"name":"(anonymous_14)","decl":{"start":{"line":183,"column":4},"end":{"line":183,"column":31}},"loc":{"start":{"line":185,"column":55},"end":{"line":210,"column":5}}},"14":{"name":"(anonymous_15)","decl":{"start":{"line":198,"column":12},"end":{"line":198,"column":13}},"loc":{"start":{"line":198,"column":25},"end":{"line":203,"column":13}}},"15":{"name":"(anonymous_16)","decl":{"start":{"line":199,"column":55},"end":{"line":199,"column":58}},"loc":{"start":{"line":200,"column":20},"end":{"line":200,"column":58}}},"16":{"name":"(anonymous_17)","decl":{"start":{"line":204,"column":12},"end":{"line":204,"column":13}},"loc":{"start":{"line":204,"column":22},"end":{"line":206,"column":13}}},"17":{"name":"(anonymous_18)","decl":{"start":{"line":212,"column":4},"end":{"line":212,"column":31}},"loc":{"start":{"line":214,"column":55},"end":{"line":240,"column":5}}},"18":{"name":"(anonymous_19)","decl":{"start":{"line":228,"column":12},"end":{"line":228,"column":13}},"loc":{"start":{"line":228,"column":25},"end":{"line":233,"column":13}}},"19":{"name":"(anonymous_20)","decl":{"start":{"line":229,"column":55},"end":{"line":229,"column":58}},"loc":{"start":{"line":230,"column":20},"end":{"line":230,"column":58}}},"20":{"name":"(anonymous_21)","decl":{"start":{"line":234,"column":12},"end":{"line":234,"column":13}},"loc":{"start":{"line":234,"column":22},"end":{"line":236,"column":13}}}},"branchMap":{"0":{"loc":{"start":{"line":50,"column":8},"end":{"line":52,"column":9}},"type":"if","locations":[{"start":{"line":50,"column":8},"end":{"line":52,"column":9}}]},"1":{"loc":{"start":{"line":73,"column":12},"end":{"line":75,"column":13}},"type":"if","locations":[{"start":{"line":73,"column":12},"end":{"line":75,"column":13}}]},"2":{"loc":{"start":{"line":110,"column":12},"end":{"line":112,"column":13}},"type":"if","locations":[{"start":{"line":110,"column":12},"end":{"line":112,"column":13}}]},"3":{"loc":{"start":{"line":132,"column":12},"end":{"line":134,"column":13}},"type":"if","locations":[{"start":{"line":132,"column":12},"end":{"line":134,"column":13}}]}},"s":{"0":1,"1":1,"2":1,"3":22,"4":7,"5":4,"6":4,"7":3,"8":4,"9":4,"10":4,"11":4,"12":4,"13":2,"14":4,"15":4,"16":4,"17":4,"18":2,"19":1,"20":1,"21":2,"22":3,"23":3,"24":3,"25":3,"26":3,"27":1,"28":1,"29":2,"30":4,"31":4,"32":4,"33":4,"34":4,"35":1,"36":4,"37":4,"38":2,"39":1,"40":2,"41":4,"42":4,"43":4,"44":4,"45":4,"46":1,"47":4,"48":4,"49":2,"50":1,"51":2,"52":3,"53":3,"54":3,"55":3,"56":3,"57":1,"58":1,"59":2,"60":3,"61":3,"62":3,"63":3,"64":2,"65":2,"66":2,"67":2,"68":2,"69":1,"70":1,"71":1,"72":1,"73":2,"74":2,"75":2,"76":2,"77":2,"78":2,"79":1,"80":2,"81":0,"82":2,"83":1},"f":{"0":7,"1":4,"2":4,"3":4,"4":3,"5":1,"6":4,"7":1,"8":4,"9":1,"10":3,"11":1,"12":3,"13":2,"14":1,"15":1,"16":1,"17":2,"18":2,"19":1,"20":0},"b":{"0":[3],"1":[1],"2":[1],"3":[1]}}
,"/Users/matusalenalves/Documents/Workspace/React/PDM/vitta/src/infra/firebase/repository/firebaseUserRepository.ts": {"path":"/Users/matusalenalves/Documents/Workspace/React/PDM/vitta/src/infra/firebase/repository/firebaseUserRepository.ts","statementMap":{"0":{"start":{"line":3,"column":0},"end":{"line":3,"column":61}},"1":{"start":{"line":4,"column":0},"end":{"line":4,"column":42}},"2":{"start":{"line":5,"column":0},"end":{"line":5,"column":103}},"3":{"start":{"line":8,"column":38},"end":{"line":8,"column":45}},"4":{"start":{"line":11,"column":8},"end":{"line":22,"column":9}},"5":{"start":{"line":12,"column":23},"end":{"line":12,"column":38}},"6":{"start":{"line":13,"column":28},"end":{"line":13,"column":65}},"7":{"start":{"line":14,"column":12},"end":{"line":19,"column":15}},"8":{"start":{"line":21,"column":12},"end":{"line":21,"column":77}},"9":{"start":{"line":26,"column":8},"end":{"line":45,"column":9}},"10":{"start":{"line":27,"column":23},"end":{"line":27,"column":38}},"11":{"start":{"line":28,"column":28},"end":{"line":28,"column":61}},"12":{"start":{"line":29,"column":29},"end":{"line":29,"column":50}},"13":{"start":{"line":31,"column":12},"end":{"line":33,"column":13}},"14":{"start":{"line":32,"column":16},"end":{"line":32,"column":28}},"15":{"start":{"line":35,"column":25},"end":{"line":35,"column":40}},"16":{"start":{"line":36,"column":12},"end":{"line":42,"column":14}},"17":{"start":{"line":44,"column":12},"end":{"line":44,"column":78}},"18":{"start":{"line":49,"column":8},"end":{"line":68,"column":9}},"19":{"start":{"line":50,"column":23},"end":{"line":50,"column":38}},"20":{"start":{"line":51,"column":34},"end":{"line":51,"column":69}},"21":{"start":{"line":52,"column":22},"end":{"line":52,"column":69}},"22":{"start":{"line":53,"column":29},"end":{"line":53,"column":45}},"23":{"start":{"line":55,"column":12},"end":{"line":64,"column":15}},"24":{"start":{"line":56,"column":29},"end":{"line":56,"column":39}},"25":{"start":{"line":57,"column":16},"end":{"line":63,"column":18}},"26":{"start":{"line":66,"column":12},"end":{"line":66,"column":53}},"27":{"start":{"line":67,"column":12},"end":{"line":67,"column":88}},"28":{"start":{"line":7,"column":0},"end":{"line":7,"column":21}}},"fnMap":{"0":{"name":"(anonymous_1)","decl":{"start":{"line":10,"column":4},"end":{"line":10,"column":9}},"loc":{"start":{"line":10,"column":31},"end":{"line":23,"column":5}}},"1":{"name":"(anonymous_2)","decl":{"start":{"line":25,"column":4},"end":{"line":25,"column":9}},"loc":{"start":{"line":25,"column":33},"end":{"line":46,"column":5}}},"2":{"name":"(anonymous_3)","decl":{"start":{"line":48,"column":4},"end":{"line":48,"column":9}},"loc":{"start":{"line":48,"column":52},"end":{"line":69,"column":5}}},"3":{"name":"(anonymous_4)","decl":{"start":{"line":55,"column":37},"end":{"line":55,"column":40}},"loc":{"start":{"line":55,"column":43},"end":{"line":64,"column":13}}}},"branchMap":{"0":{"loc":{"start":{"line":31,"column":12},"end":{"line":33,"column":13}},"type":"if","locations":[{"start":{"line":31,"column":12},"end":{"line":33,"column":13}}]},"1":{"loc":{"start":{"line":62,"column":31},"end":{"line":62,"column":69}},"type":"binary-expr","locations":[{"start":{"line":62,"column":31},"end":{"line":62,"column":55}},{"start":{"line":62,"column":59},"end":{"line":62,"column":69}}]}},"s":{"0":1,"1":1,"2":1,"3":9,"4":3,"5":3,"6":3,"7":3,"8":2,"9":4,"10":4,"11":4,"12":4,"13":2,"14":1,"15":1,"16":1,"17":2,"18":5,"19":5,"20":5,"21":5,"22":5,"23":3,"24":3,"25":3,"26":2,"27":2,"28":1},"f":{"0":3,"1":4,"2":5,"3":3},"b":{"0":[1],"1":[3,1]}}
,"/Users/matusalenalves/Documents/Workspace/React/PDM/vitta/src/infra/firebase/service/firebaseAuthService.ts": {"path":"/Users/matusalenalves/Documents/Workspace/React/PDM/vitta/src/infra/firebase/service/firebaseAuthService.ts","statementMap":{"0":{"start":{"line":2,"column":0},"end":{"line":2,"column":49}},"1":{"start":{"line":4,"column":0},"end":{"line":4,"column":null}},"2":{"start":{"line":12,"column":0},"end":{"line":12,"column":58}},"3":{"start":{"line":16,"column":8},"end":{"line":25,"column":9}},"4":{"start":{"line":17,"column":25},"end":{"line":17,"column":42}},"5":{"start":{"line":18,"column":35},"end":{"line":18,"column":90}},"6":{"start":{"line":19,"column":12},"end":{"line":22,"column":null}},"7":{"start":{"line":24,"column":12},"end":{"line":24,"column":58}},"8":{"start":{"line":29,"column":8},"end":{"line":38,"column":9}},"9":{"start":{"line":30,"column":25},"end":{"line":30,"column":42}},"10":{"start":{"line":31,"column":35},"end":{"line":31,"column":94}},"11":{"start":{"line":32,"column":12},"end":{"line":35,"column":null}},"12":{"start":{"line":37,"column":12},"end":{"line":37,"column":57}},"13":{"start":{"line":42,"column":8},"end":{"line":46,"column":9}},"14":{"start":{"line":43,"column":12},"end":{"line":43,"column":45}},"15":{"start":{"line":45,"column":12},"end":{"line":45,"column":66}},"16":{"start":{"line":50,"column":8},"end":{"line":54,"column":9}},"17":{"start":{"line":51,"column":12},"end":{"line":51,"column":67}},"18":{"start":{"line":53,"column":12},"end":{"line":53,"column":83}},"19":{"start":{"line":58,"column":8},"end":{"line":67,"column":11}},"20":{"start":{"line":59,"column":12},"end":{"line":66,"column":13}},"21":{"start":{"line":60,"column":16},"end":{"line":63,"column":19}},"22":{"start":{"line":65,"column":16},"end":{"line":65,"column":31}},"23":{"start":{"line":14,"column":0},"end":{"line":14,"column":21}}},"fnMap":{"0":{"name":"(anonymous_1)","decl":{"start":{"line":15,"column":4},"end":{"line":15,"column":9}},"loc":{"start":{"line":15,"column":47},"end":{"line":26,"column":5}}},"1":{"name":"(anonymous_2)","decl":{"start":{"line":28,"column":4},"end":{"line":28,"column":9}},"loc":{"start":{"line":28,"column":48},"end":{"line":39,"column":5}}},"2":{"name":"(anonymous_3)","decl":{"start":{"line":41,"column":4},"end":{"line":41,"column":9}},"loc":{"start":{"line":41,"column":16},"end":{"line":47,"column":5}}},"3":{"name":"(anonymous_4)","decl":{"start":{"line":49,"column":4},"end":{"line":49,"column":9}},"loc":{"start":{"line":49,"column":37},"end":{"line":55,"column":5}}},"4":{"name":"(anonymous_5)","decl":{"start":{"line":57,"column":4},"end":{"line":57,"column":22}},"loc":{"start":{"line":57,"column":69},"end":{"line":68,"column":5}}},"5":{"name":"(anonymous_6)","decl":{"start":{"line":58,"column":53},"end":{"line":58,"column":54}},"loc":{"start":{"line":58,"column":91},"end":{"line":67,"column":9}}}},"branchMap":{"0":{"loc":{"start":{"line":21,"column":23},"end":{"line":21,"column":54}},"type":"binary-expr","locations":[{"start":{"line":21,"column":23},"end":{"line":21,"column":48}},{"start":{"line":21,"column":52},"end":{"line":21,"column":54}}]},"1":{"loc":{"start":{"line":34,"column":23},"end":{"line":34,"column":54}},"type":"binary-expr","locations":[{"start":{"line":34,"column":23},"end":{"line":34,"column":48}},{"start":{"line":34,"column":52},"end":{"line":34,"column":54}}]},"2":{"loc":{"start":{"line":59,"column":12},"end":{"line":66,"column":13}},"type":"if","locations":[{"start":{"line":59,"column":12},"end":{"line":66,"column":13}},{"start":{"line":64,"column":19},"end":{"line":66,"column":13}}]},"3":{"loc":{"start":{"line":62,"column":27},"end":{"line":62,"column":51}},"type":"binary-expr","locations":[{"start":{"line":62,"column":27},"end":{"line":62,"column":45}},{"start":{"line":62,"column":49},"end":{"line":62,"column":51}}]}},"s":{"0":1,"1":1,"2":1,"3":4,"4":4,"5":4,"6":2,"7":2,"8":4,"9":4,"10":4,"11":2,"12":2,"13":3,"14":3,"15":2,"16":0,"17":0,"18":0,"19":3,"20":3,"21":2,"22":1,"23":1},"f":{"0":4,"1":4,"2":3,"3":0,"4":3,"5":3},"b":{"0":[2,1],"1":[2,1],"2":[2,1],"3":[2,1]}}
,"/Users/matusalenalves/Documents/Workspace/React/PDM/vitta/src/model/errors/authError.ts": {"path":"/Users/matusalenalves/Documents/Workspace/React/PDM/vitta/src/model/errors/authError.ts","statementMap":{"0":{"start":{"line":1,"column":0},"end":{"line":1,"column":21}}},"fnMap":{},"branchMap":{},"s":{"0":6},"f":{},"b":{}}
,"/Users/matusalenalves/Documents/Workspace/React/PDM/vitta/src/model/errors/repositoryError.ts": {"path":"/Users/matusalenalves/Documents/Workspace/React/PDM/vitta/src/model/errors/repositoryError.ts","statementMap":{"0":{"start":{"line":1,"column":0},"end":{"line":1,"column":21}}},"fnMap":{},"branchMap":{},"s":{"0":14},"f":{},"b":{}}
,"/Users/matusalenalves/Documents/Workspace/React/PDM/vitta/src/model/errors/validationError.ts": {"path":"/Users/matusalenalves/Documents/Workspace/React/PDM/vitta/src/model/errors/validationError.ts","statementMap":{"0":{"start":{"line":1,"column":0},"end":{"line":1,"column":21}}},"fnMap":{},"branchMap":{},"s":{"0":23},"f":{},"b":{}}
,"/Users/matusalenalves/Documents/Workspace/React/PDM/vitta/src/model/factories/makeAppointment.ts": {"path":"/Users/matusalenalves/Documents/Workspace/React/PDM/vitta/src/model/factories/makeAppointment.ts","statementMap":{"0":{"start":{"line":15,"column":0},"end":{"line":15,"column":16}},"1":{"start":{"line":2,"column":0},"end":{"line":2,"column":46}},"2":{"start":{"line":16,"column":16},"end":{"line":16,"column":26}},"3":{"start":{"line":18,"column":4},"end":{"line":29,"column":6}}},"fnMap":{"0":{"name":"makeAppointment","decl":{"start":{"line":15,"column":16},"end":{"line":15,"column":31}},"loc":{"start":{"line":15,"column":61},"end":{"line":30,"column":1}}}},"branchMap":{"0":{"loc":{"start":{"line":19,"column":12},"end":{"line":19,"column":42}},"type":"binary-expr","locations":[{"start":{"line":19,"column":12},"end":{"line":19,"column":20}},{"start":{"line":19,"column":24},"end":{"line":19,"column":42}}]},"1":{"loc":{"start":{"line":25,"column":16},"end":{"line":25,"column":41}},"type":"binary-expr","locations":[{"start":{"line":25,"column":16},"end":{"line":25,"column":28}},{"start":{"line":25,"column":32},"end":{"line":25,"column":41}}]}},"s":{"0":2,"1":2,"2":38,"3":38},"f":{"0":38},"b":{"0":[38,37],"1":[38,33]}}
,"/Users/matusalenalves/Documents/Workspace/React/PDM/vitta/src/model/factories/makeTimeSlot.ts": {"path":"/Users/matusalenalves/Documents/Workspace/React/PDM/vitta/src/model/factories/makeTimeSlot.ts","statementMap":{"0":{"start":{"line":10,"column":0},"end":{"line":10,"column":16}},"1":{"start":{"line":11,"column":4},"end":{"line":16,"column":6}}},"fnMap":{"0":{"name":"makeTimeSlot","decl":{"start":{"line":10,"column":16},"end":{"line":10,"column":28}},"loc":{"start":{"line":10,"column":55},"end":{"line":17,"column":1}}}},"branchMap":{"0":{"loc":{"start":{"line":15,"column":19},"end":{"line":15,"column":42}},"type":"binary-expr","locations":[{"start":{"line":15,"column":19},"end":{"line":15,"column":34}},{"start":{"line":15,"column":38},"end":{"line":15,"column":42}}]}},"s":{"0":2,"1":71},"f":{"0":71},"b":{"0":[71,3]}}
,"/Users/matusalenalves/Documents/Workspace/React/PDM/vitta/src/model/factories/makeUser.ts": {"path":"/Users/matusalenalves/Documents/Workspace/React/PDM/vitta/src/model/factories/makeUser.ts","statementMap":{"0":{"start":{"line":11,"column":0},"end":{"line":11,"column":16}},"1":{"start":{"line":2,"column":0},"end":{"line":2,"column":45}},"2":{"start":{"line":12,"column":4},"end":{"line":18,"column":6}}},"fnMap":{"0":{"name":"makeUser","decl":{"start":{"line":11,"column":16},"end":{"line":11,"column":24}},"loc":{"start":{"line":11,"column":46},"end":{"line":19,"column":1}}}},"branchMap":{"0":{"loc":{"start":{"line":13,"column":12},"end":{"line":13,"column":41}},"type":"binary-expr","locations":[{"start":{"line":13,"column":12},"end":{"line":13,"column":19}},{"start":{"line":13,"column":23},"end":{"line":13,"column":41}}]}},"s":{"0":2,"1":2,"2":9},"f":{"0":9},"b":{"0":[9,1]}}
,"/Users/matusalenalves/Documents/Workspace/React/PDM/vitta/src/model/utils/idUtils.ts": {"path":"/Users/matusalenalves/Documents/Workspace/React/PDM/vitta/src/model/utils/idUtils.ts","statementMap":{"0":{"start":{"line":1,"column":0},"end":{"line":1,"column":16}},"1":{"start":{"line":2,"column":4},"end":{"line":4,"column":5}},"2":{"start":{"line":3,"column":8},"end":{"line":3,"column":46}},"3":{"start":{"line":5,"column":4},"end":{"line":5,"column":76}}},"fnMap":{"0":{"name":"generateId","decl":{"start":{"line":1,"column":16},"end":{"line":1,"column":26}},"loc":{"start":{"line":1,"column":41},"end":{"line":6,"column":1}}}},"branchMap":{"0":{"loc":{"start":{"line":2,"column":4},"end":{"line":4,"column":5}},"type":"if","locations":[{"start":{"line":2,"column":4},"end":{"line":4,"column":5}}]},"1":{"loc":{"start":{"line":2,"column":8},"end":{"line":2,"column":102}},"type":"binary-expr","locations":[{"start":{"line":2,"column":8},"end":{"line":2,"column":48}},{"start":{"line":2,"column":52},"end":{"line":2,"column":102}}]}},"s":{"0":4,"1":38,"2":38,"3":0},"f":{"0":38},"b":{"0":[38],"1":[38,38]}}
,"/Users/matusalenalves/Documents/Workspace/React/PDM/vitta/src/model/utils/timeSlotUtils.ts": {"path":"/Users/matusalenalves/Documents/Workspace/React/PDM/vitta/src/model/utils/timeSlotUtils.ts","statementMap":{"0":{"start":{"line":10,"column":0},"end":{"line":10,"column":16}},"1":{"start":{"line":15,"column":0},"end":{"line":15,"column":16}},"2":{"start":{"line":1,"column":13},"end":{"line":6,"column":11}},"3":{"start":{"line":8,"column":13},"end":{"line":8,"column":59}},"4":{"start":{"line":11,"column":22},"end":{"line":11,"column":35}},"5":{"start":{"line":12,"column":4},"end":{"line":12,"column":71}},"6":{"start":{"line":16,"column":17},"end":{"line":16,"column":35}},"7":{"start":{"line":17,"column":18},"end":{"line":17,"column":62}},"8":{"start":{"line":18,"column":16},"end":{"line":18,"column":55}},"9":{"start":{"line":19,"column":4},"end":{"line":19,"column":37}}},"fnMap":{"0":{"name":"isWeekday","decl":{"start":{"line":10,"column":16},"end":{"line":10,"column":25}},"loc":{"start":{"line":10,"column":36},"end":{"line":13,"column":1}}},"1":{"name":"formatDateToISO","decl":{"start":{"line":15,"column":16},"end":{"line":15,"column":31}},"loc":{"start":{"line":15,"column":42},"end":{"line":20,"column":1}}}},"branchMap":{},"s":{"0":5,"1":5,"2":5,"3":5,"4":66,"5":66,"6":63,"7":63,"8":63,"9":63},"f":{"0":66,"1":63},"b":{}}
,"/Users/matusalenalves/Documents/Workspace/React/PDM/vitta/src/usecase/appointment/availability/getAvailableTimeSlotsUseCase.ts": {"path":"/Users/matusalenalves/Documents/Workspace/React/PDM/vitta/src/usecase/appointment/availability/getAvailableTimeSlotsUseCase.ts","statementMap":{"0":{"start":{"line":3,"column":0},"end":{"line":3,"column":62}},"1":{"start":{"line":4,"column":0},"end":{"line":4,"column":null}},"2":{"start":{"line":11,"column":0},"end":{"line":11,"column":83}},"3":{"start":{"line":17,"column":8},"end":{"line":17,"column":59}},"4":{"start":{"line":25,"column":8},"end":{"line":25,"column":50}},"5":{"start":{"line":27,"column":8},"end":{"line":29,"column":9}},"6":{"start":{"line":28,"column":12},"end":{"line":28,"column":22}},"7":{"start":{"line":31,"column":8},"end":{"line":33,"column":9}},"8":{"start":{"line":32,"column":12},"end":{"line":32,"column":22}},"9":{"start":{"line":35,"column":24},"end":{"line":35,"column":45}},"10":{"start":{"line":37,"column":37},"end":{"line":39,"column":null}},"11":{"start":{"line":41,"column":36},"end":{"line":41,"column":89}},"12":{"start":{"line":43,"column":30},"end":{"line":44,"column":null}},"13":{"start":{"line":44,"column":45},"end":{"line":44,"column":80}},"14":{"start":{"line":47,"column":43},"end":{"line":47,"column":45}},"15":{"start":{"line":49,"column":8},"end":{"line":67,"column":9}},"16":{"start":{"line":50,"column":28},"end":{"line":50,"column":79}},"17":{"start":{"line":51,"column":31},"end":{"line":51,"column":57}},"18":{"start":{"line":53,"column":12},"end":{"line":66,"column":13}},"19":{"start":{"line":58,"column":16},"end":{"line":65,"column":18}},"20":{"start":{"line":69,"column":8},"end":{"line":69,"column":30}},"21":{"start":{"line":78,"column":8},"end":{"line":78,"column":50}},"22":{"start":{"line":79,"column":8},"end":{"line":79,"column":50}},"23":{"start":{"line":81,"column":23},"end":{"line":81,"column":52}},"24":{"start":{"line":83,"column":25},"end":{"line":83,"column":51}},"25":{"start":{"line":84,"column":23},"end":{"line":84,"column":47}},"26":{"start":{"line":86,"column":37},"end":{"line":89,"column":null}},"27":{"start":{"line":91,"column":36},"end":{"line":93,"column":16}},"28":{"start":{"line":95,"column":35},"end":{"line":95,"column":67}},"29":{"start":{"line":96,"column":8},"end":{"line":100,"column":9}},"30":{"start":{"line":97,"column":29},"end":{"line":97,"column":68}},"31":{"start":{"line":98,"column":12},"end":{"line":98,"column":32}},"32":{"start":{"line":99,"column":12},"end":{"line":99,"column":56}},"33":{"start":{"line":102,"column":37},"end":{"line":102,"column":67}},"34":{"start":{"line":103,"column":8},"end":{"line":114,"column":9}},"35":{"start":{"line":104,"column":12},"end":{"line":106,"column":13}},"36":{"start":{"line":105,"column":16},"end":{"line":105,"column":25}},"37":{"start":{"line":107,"column":12},"end":{"line":109,"column":13}},"38":{"start":{"line":108,"column":16},"end":{"line":108,"column":25}},"39":{"start":{"line":110,"column":28},"end":{"line":110,"column":63}},"40":{"start":{"line":111,"column":29},"end":{"line":111,"column":85}},"41":{"start":{"line":112,"column":12},"end":{"line":112,"column":34}},"42":{"start":{"line":113,"column":12},"end":{"line":113,"column":58}},"43":{"start":{"line":116,"column":28},"end":{"line":116,"column":47}},"44":{"start":{"line":117,"column":22},"end":{"line":117,"column":32}},"45":{"start":{"line":118,"column":8},"end":{"line":118,"column":35}},"46":{"start":{"line":120,"column":8},"end":{"line":153,"column":9}},"47":{"start":{"line":121,"column":12},"end":{"line":150,"column":13}},"48":{"start":{"line":122,"column":32},"end":{"line":122,"column":60}},"49":{"start":{"line":123,"column":41},"end":{"line":123,"column":78}},"50":{"start":{"line":124,"column":44},"end":{"line":124,"column":98}},"51":{"start":{"line":126,"column":38},"end":{"line":127,"column":null}},"52":{"start":{"line":127,"column":49},"end":{"line":127,"column":84}},"53":{"start":{"line":130,"column":51},"end":{"line":130,"column":53}},"54":{"start":{"line":131,"column":16},"end":{"line":147,"column":17}},"55":{"start":{"line":132,"column":36},"end":{"line":132,"column":87}},"56":{"start":{"line":133,"column":20},"end":{"line":146,"column":21}},"57":{"start":{"line":138,"column":24},"end":{"line":145,"column":26}},"58":{"start":{"line":149,"column":16},"end":{"line":149,"column":52}},"59":{"start":{"line":152,"column":12},"end":{"line":152,"column":59}},"60":{"start":{"line":155,"column":8},"end":{"line":155,"column":22}},"61":{"start":{"line":159,"column":8},"end":{"line":159,"column":50}},"62":{"start":{"line":161,"column":22},"end":{"line":161,"column":73}},"63":{"start":{"line":162,"column":8},"end":{"line":162,"column":32}},"64":{"start":{"line":166,"column":8},"end":{"line":166,"column":66}},"65":{"start":{"line":170,"column":8},"end":{"line":170,"column":77}},"66":{"start":{"line":177,"column":29},"end":{"line":177,"column":94}},"67":{"start":{"line":178,"column":8},"end":{"line":178,"column":71}},"68":{"start":{"line":178,"column":43},"end":{"line":178,"column":69}},"69":{"start":{"line":182,"column":8},"end":{"line":184,"column":9}},"70":{"start":{"line":183,"column":12},"end":{"line":183,"column":37}},"71":{"start":{"line":186,"column":29},"end":{"line":186,"column":86}},"72":{"start":{"line":187,"column":24},"end":{"line":188,"column":null}},"73":{"start":{"line":188,"column":20},"end":{"line":188,"column":79}},"74":{"start":{"line":190,"column":8},"end":{"line":190,"column":81}},"75":{"start":{"line":190,"column":43},"end":{"line":190,"column":78}},"76":{"start":{"line":194,"column":8},"end":{"line":194,"column":62}},"77":{"start":{"line":198,"column":22},"end":{"line":198,"column":32}},"78":{"start":{"line":199,"column":8},"end":{"line":199,"column":35}},"79":{"start":{"line":200,"column":22},"end":{"line":200,"column":36}},"80":{"start":{"line":201,"column":8},"end":{"line":201,"column":35}},"81":{"start":{"line":202,"column":8},"end":{"line":202,"column":29}},"82":{"start":{"line":206,"column":33},"end":{"line":206,"column":65}},"83":{"start":{"line":207,"column":8},"end":{"line":209,"column":9}},"84":{"start":{"line":208,"column":12},"end":{"line":208,"column":24}},"85":{"start":{"line":211,"column":26},"end":{"line":211,"column":40}},"86":{"start":{"line":212,"column":8},"end":{"line":212,"column":49}},"87":{"start":{"line":213,"column":8},"end":{"line":213,"column":38}},"88":{"start":{"line":13,"column":0},"end":{"line":13,"column":21}}},"fnMap":{"0":{"name":"(anonymous_0)","decl":{"start":{"line":16,"column":4},"end":{"line":16,"column":16}},"loc":{"start":{"line":16,"column":61},"end":{"line":18,"column":5}}},"1":{"name":"(anonymous_1)","decl":{"start":{"line":20,"column":4},"end":{"line":20,"column":9}},"loc":{"start":{"line":23,"column":26},"end":{"line":70,"column":5}}},"2":{"name":"(anonymous_2)","decl":{"start":{"line":44,"column":37},"end":{"line":44,"column":41}},"loc":{"start":{"line":44,"column":45},"end":{"line":44,"column":80}}},"3":{"name":"(anonymous_3)","decl":{"start":{"line":72,"column":4},"end":{"line":72,"column":9}},"loc":{"start":{"line":76,"column":26},"end":{"line":156,"column":5}}},"4":{"name":"(anonymous_4)","decl":{"start":{"line":127,"column":41},"end":{"line":127,"column":45}},"loc":{"start":{"line":127,"column":49},"end":{"line":127,"column":84}}},"5":{"name":"(anonymous_5)","decl":{"start":{"line":158,"column":4},"end":{"line":158,"column":9}},"loc":{"start":{"line":158,"column":66},"end":{"line":163,"column":5}}},"6":{"name":"(anonymous_6)","decl":{"start":{"line":165,"column":12},"end":{"line":165,"column":32}},"loc":{"start":{"line":165,"column":55},"end":{"line":167,"column":5}}},"7":{"name":"(anonymous_7)","decl":{"start":{"line":169,"column":12},"end":{"line":169,"column":28}},"loc":{"start":{"line":169,"column":59},"end":{"line":171,"column":5}}},"8":{"name":"(anonymous_8)","decl":{"start":{"line":173,"column":12},"end":{"line":173,"column":17}},"loc":{"start":{"line":175,"column":30},"end":{"line":179,"column":5}}},"9":{"name":"(anonymous_9)","decl":{"start":{"line":178,"column":35},"end":{"line":178,"column":39}},"loc":{"start":{"line":178,"column":43},"end":{"line":178,"column":69}}},"10":{"name":"(anonymous_10)","decl":{"start":{"line":181,"column":12},"end":{"line":181,"column":17}},"loc":{"start":{"line":181,"column":73},"end":{"line":191,"column":5}}},"11":{"name":"(anonymous_11)","decl":{"start":{"line":188,"column":12},"end":{"line":188,"column":16}},"loc":{"start":{"line":188,"column":20},"end":{"line":188,"column":79}}},"12":{"name":"(anonymous_12)","decl":{"start":{"line":190,"column":35},"end":{"line":190,"column":39}},"loc":{"start":{"line":190,"column":43},"end":{"line":190,"column":78}}},"13":{"name":"(anonymous_13)","decl":{"start":{"line":193,"column":12},"end":{"line":193,"column":31}},"loc":{"start":{"line":193,"column":61},"end":{"line":195,"column":5}}},"14":{"name":"(anonymous_14)","decl":{"start":{"line":197,"column":12},"end":{"line":197,"column":24}},"loc":{"start":{"line":197,"column":35},"end":{"line":203,"column":5}}},"15":{"name":"(anonymous_15)","decl":{"start":{"line":205,"column":12},"end":{"line":205,"column":24}},"loc":{"start":{"line":205,"column":54},"end":{"line":214,"column":5}}}},"branchMap":{"0":{"loc":{"start":{"line":27,"column":8},"end":{"line":29,"column":9}},"type":"if","locations":[{"start":{"line":27,"column":8},"end":{"line":29,"column":9}}]},"1":{"loc":{"start":{"line":31,"column":8},"end":{"line":33,"column":9}},"type":"if","locations":[{"start":{"line":31,"column":8},"end":{"line":33,"column":9}}]},"2":{"loc":{"start":{"line":53,"column":12},"end":{"line":66,"column":13}},"type":"if","locations":[{"start":{"line":53,"column":12},"end":{"line":66,"column":13}}]},"3":{"loc":{"start":{"line":54,"column":16},"end":{"line":56,"column":64}},"type":"binary-expr","locations":[{"start":{"line":54,"column":16},"end":{"line":54,"column":27}},{"start":{"line":55,"column":16},"end":{"line":55,"column":49}},{"start":{"line":56,"column":16},"end":{"line":56,"column":64}}]},"4":{"loc":{"start":{"line":91,"column":36},"end":{"line":93,"column":16}},"type":"cond-expr","locations":[{"start":{"line":92,"column":14},"end":{"line":92,"column":71}},{"start":{"line":93,"column":14},"end":{"line":93,"column":16}}]},"5":{"loc":{"start":{"line":97,"column":29},"end":{"line":97,"column":68}},"type":"binary-expr","locations":[{"start":{"line":97,"column":29},"end":{"line":97,"column":62}},{"start":{"line":97,"column":66},"end":{"line":97,"column":68}}]},"6":{"loc":{"start":{"line":104,"column":12},"end":{"line":106,"column":13}},"type":"if","locations":[{"start":{"line":104,"column":12},"end":{"line":106,"column":13}}]},"7":{"loc":{"start":{"line":107,"column":12},"end":{"line":109,"column":13}},"type":"if","locations":[{"start":{"line":107,"column":12},"end":{"line":109,"column":13}}]},"8":{"loc":{"start":{"line":107,"column":16},"end":{"line":107,"column":58}},"type":"binary-expr","locations":[{"start":{"line":107,"column":16},"end":{"line":107,"column":36}},{"start":{"line":107,"column":40},"end":{"line":107,"column":58}}]},"9":{"loc":{"start":{"line":111,"column":29},"end":{"line":111,"column":85}},"type":"binary-expr","locations":[{"start":{"line":111,"column":29},"end":{"line":111,"column":64}},{"start":{"line":111,"column":68},"end":{"line":111,"column":85}}]},"10":{"loc":{"start":{"line":121,"column":12},"end":{"line":150,"column":13}},"type":"if","locations":[{"start":{"line":121,"column":12},"end":{"line":150,"column":13}}]},"11":{"loc":{"start":{"line":121,"column":16},"end":{"line":121,"column":62}},"type":"binary-expr","locations":[{"start":{"line":121,"column":16},"end":{"line":121,"column":38}},{"start":{"line":121,"column":42},"end":{"line":121,"column":62}}]},"12":{"loc":{"start":{"line":123,"column":41},"end":{"line":123,"column":78}},"type":"binary-expr","locations":[{"start":{"line":123,"column":41},"end":{"line":123,"column":72}},{"start":{"line":123,"column":76},"end":{"line":123,"column":78}}]},"13":{"loc":{"start":{"line":124,"column":44},"end":{"line":124,"column":98}},"type":"binary-expr","locations":[{"start":{"line":124,"column":44},"end":{"line":124,"column":77}},{"start":{"line":124,"column":81},"end":{"line":124,"column":98}}]},"14":{"loc":{"start":{"line":133,"column":20},"end":{"line":146,"column":21}},"type":"if","locations":[{"start":{"line":133,"column":20},"end":{"line":146,"column":21}}]},"15":{"loc":{"start":{"line":134,"column":24},"end":{"line":136,"column":79}},"type":"binary-expr","locations":[{"start":{"line":134,"column":24},"end":{"line":134,"column":51}},{"start":{"line":135,"column":24},"end":{"line":135,"column":57}},{"start":{"line":136,"column":24},"end":{"line":136,"column":79}}]},"16":{"loc":{"start":{"line":182,"column":8},"end":{"line":184,"column":9}},"type":"if","locations":[{"start":{"line":182,"column":8},"end":{"line":184,"column":9}}]},"17":{"loc":{"start":{"line":188,"column":20},"end":{"line":188,"column":79}},"type":"binary-expr","locations":[{"start":{"line":188,"column":20},"end":{"line":188,"column":38}},{"start":{"line":188,"column":42},"end":{"line":188,"column":79}}]},"18":{"loc":{"start":{"line":194,"column":15},"end":{"line":194,"column":61}},"type":"binary-expr","locations":[{"start":{"line":194,"column":15},"end":{"line":194,"column":35}},{"start":{"line":194,"column":39},"end":{"line":194,"column":61}}]},"19":{"loc":{"start":{"line":207,"column":8},"end":{"line":209,"column":9}},"type":"if","locations":[{"start":{"line":207,"column":8},"end":{"line":209,"column":9}}]},"20":{"loc":{"start":{"line":207,"column":12},"end":{"line":207,"column":56}},"type":"binary-expr","locations":[{"start":{"line":207,"column":12},"end":{"line":207,"column":31}},{"start":{"line":207,"column":35},"end":{"line":207,"column":56}}]}},"s":{"0":1,"1":1,"2":1,"3":18,"4":16,"5":16,"6":3,"7":13,"8":0,"9":13,"10":13,"11":13,"12":13,"13":11,"14":13,"15":13,"16":52,"17":52,"18":52,"19":38,"20":13,"21":2,"22":2,"23":2,"24":2,"25":2,"26":2,"27":2,"28":2,"29":2,"30":0,"31":0,"32":0,"33":2,"34":2,"35":0,"36":0,"37":0,"38":0,"39":0,"40":0,"41":0,"42":0,"43":2,"44":2,"45":2,"46":2,"47":9,"48":7,"49":7,"50":7,"51":7,"52":0,"53":7,"54":7,"55":28,"56":28,"57":28,"58":7,"59":9,"60":2,"61":3,"62":3,"63":3,"64":21,"65":2,"66":13,"67":13,"68":14,"69":13,"70":12,"71":1,"72":1,"73":1,"74":1,"75":1,"76":1,"77":13,"78":13,"79":13,"80":13,"81":13,"82":68,"83":68,"84":0,"85":68,"86":68,"87":68,"88":1},"f":{"0":18,"1":16,"2":11,"3":2,"4":0,"5":3,"6":21,"7":2,"8":13,"9":14,"10":13,"11":1,"12":1,"13":1,"14":13,"15":68},"b":{"0":[3],"1":[0],"2":[38],"3":[52,41,40],"4":[0,2],"5":[0,0],"6":[0],"7":[0],"8":[0,0],"9":[0,0],"10":[7],"11":[9,7],"12":[7,7],"13":[7,7],"14":[28],"15":[28,28,28],"16":[12],"17":[1,1],"18":[1,0],"19":[0],"20":[68,68]}}
,"/Users/matusalenalves/Documents/Workspace/React/PDM/vitta/src/usecase/appointment/details/getAppointmentDetailsUseCase.ts": {"path":"/Users/matusalenalves/Documents/Workspace/React/PDM/vitta/src/usecase/appointment/details/getAppointmentDetailsUseCase.ts","statementMap":{"0":{"start":{"line":2,"column":0},"end":{"line":2,"column":65}},"1":{"start":{"line":10,"column":8},"end":{"line":10,"column":59}},"2":{"start":{"line":14,"column":8},"end":{"line":14,"column":42}},"3":{"start":{"line":16,"column":8},"end":{"line":16,"column":71}},"4":{"start":{"line":20,"column":8},"end":{"line":20,"column":71}},"5":{"start":{"line":6,"column":0},"end":{"line":6,"column":21}}},"fnMap":{"0":{"name":"(anonymous_0)","decl":{"start":{"line":9,"column":4},"end":{"line":9,"column":16}},"loc":{"start":{"line":9,"column":61},"end":{"line":11,"column":5}}},"1":{"name":"(anonymous_1)","decl":{"start":{"line":13,"column":4},"end":{"line":13,"column":9}},"loc":{"start":{"line":13,"column":39},"end":{"line":17,"column":5}}},"2":{"name":"(anonymous_2)","decl":{"start":{"line":19,"column":12},"end":{"line":19,"column":25}},"loc":{"start":{"line":19,"column":47},"end":{"line":21,"column":5}}}},"branchMap":{},"s":{"0":1,"1":9,"2":10,"3":7,"4":10,"5":1},"f":{"0":9,"1":10,"2":10},"b":{}}
,"/Users/matusalenalves/Documents/Workspace/React/PDM/vitta/src/usecase/appointment/list/listNutritionistAgendaUseCase.ts": {"path":"/Users/matusalenalves/Documents/Workspace/React/PDM/vitta/src/usecase/appointment/list/listNutritionistAgendaUseCase.ts","statementMap":{"0":{"start":{"line":3,"column":0},"end":{"line":3,"column":62}},"1":{"start":{"line":5,"column":0},"end":{"line":5,"column":83}},"2":{"start":{"line":11,"column":8},"end":{"line":11,"column":59}},"3":{"start":{"line":19,"column":8},"end":{"line":19,"column":50}},"4":{"start":{"line":21,"column":22},"end":{"line":21,"column":45}},"5":{"start":{"line":22,"column":20},"end":{"line":22,"column":83}},"6":{"start":{"line":23,"column":8},"end":{"line":23,"column":42}},"7":{"start":{"line":25,"column":25},"end":{"line":25,"column":47}},"8":{"start":{"line":26,"column":23},"end":{"line":26,"column":43}},"9":{"start":{"line":28,"column":29},"end":{"line":31,"column":null}},"10":{"start":{"line":34,"column":30},"end":{"line":34,"column":62}},"11":{"start":{"line":36,"column":8},"end":{"line":40,"column":9}},"12":{"start":{"line":37,"column":29},"end":{"line":37,"column":63}},"13":{"start":{"line":38,"column":12},"end":{"line":38,"column":32}},"14":{"start":{"line":39,"column":12},"end":{"line":39,"column":51}},"15":{"start":{"line":42,"column":39},"end":{"line":42,"column":41}},"16":{"start":{"line":44,"column":8},"end":{"line":47,"column":9}},"17":{"start":{"line":45,"column":12},"end":{"line":45,"column":73}},"18":{"start":{"line":45,"column":33},"end":{"line":45,"column":71}},"19":{"start":{"line":46,"column":12},"end":{"line":46,"column":55}},"20":{"start":{"line":49,"column":8},"end":{"line":49,"column":60}},"21":{"start":{"line":49,"column":30},"end":{"line":49,"column":58}},"22":{"start":{"line":51,"column":8},"end":{"line":51,"column":22}},"23":{"start":{"line":55,"column":8},"end":{"line":55,"column":50}},"24":{"start":{"line":57,"column":24},"end":{"line":57,"column":45}},"25":{"start":{"line":59,"column":32},"end":{"line":59,"column":100}},"26":{"start":{"line":61,"column":8},"end":{"line":63,"column":68}},"27":{"start":{"line":62,"column":28},"end":{"line":62,"column":54}},"28":{"start":{"line":63,"column":28},"end":{"line":63,"column":66}},"29":{"start":{"line":67,"column":8},"end":{"line":67,"column":66}},"30":{"start":{"line":71,"column":8},"end":{"line":71,"column":77}},"31":{"start":{"line":7,"column":0},"end":{"line":7,"column":21}}},"fnMap":{"0":{"name":"(anonymous_0)","decl":{"start":{"line":10,"column":4},"end":{"line":10,"column":16}},"loc":{"start":{"line":10,"column":61},"end":{"line":12,"column":5}}},"1":{"name":"(anonymous_1)","decl":{"start":{"line":14,"column":4},"end":{"line":14,"column":9}},"loc":{"start":{"line":17,"column":22},"end":{"line":52,"column":5}}},"2":{"name":"(anonymous_2)","decl":{"start":{"line":45,"column":23},"end":{"line":45,"column":24}},"loc":{"start":{"line":45,"column":33},"end":{"line":45,"column":71}}},"3":{"name":"(anonymous_3)","decl":{"start":{"line":49,"column":20},"end":{"line":49,"column":21}},"loc":{"start":{"line":49,"column":30},"end":{"line":49,"column":58}}},"4":{"name":"(anonymous_4)","decl":{"start":{"line":54,"column":4},"end":{"line":54,"column":9}},"loc":{"start":{"line":54,"column":63},"end":{"line":64,"column":5}}},"5":{"name":"(anonymous_5)","decl":{"start":{"line":62,"column":20},"end":{"line":62,"column":24}},"loc":{"start":{"line":62,"column":28},"end":{"line":62,"column":54}}},"6":{"name":"(anonymous_6)","decl":{"start":{"line":63,"column":18},"end":{"line":63,"column":19}},"loc":{"start":{"line":63,"column":28},"end":{"line":63,"column":66}}},"7":{"name":"(anonymous_7)","decl":{"start":{"line":66,"column":12},"end":{"line":66,"column":32}},"loc":{"start":{"line":66,"column":55},"end":{"line":68,"column":5}}},"8":{"name":"(anonymous_8)","decl":{"start":{"line":70,"column":12},"end":{"line":70,"column":28}},"loc":{"start":{"line":70,"column":59},"end":{"line":72,"column":5}}}},"branchMap":{"0":{"loc":{"start":{"line":21,"column":22},"end":{"line":21,"column":45}},"type":"binary-expr","locations":[{"start":{"line":21,"column":22},"end":{"line":21,"column":31}},{"start":{"line":21,"column":35},"end":{"line":21,"column":45}}]},"1":{"loc":{"start":{"line":22,"column":20},"end":{"line":22,"column":83}},"type":"binary-expr","locations":[{"start":{"line":22,"column":20},"end":{"line":22,"column":27}},{"start":{"line":22,"column":31},"end":{"line":22,"column":83}}]},"2":{"loc":{"start":{"line":37,"column":29},"end":{"line":37,"column":63}},"type":"binary-expr","locations":[{"start":{"line":37,"column":29},"end":{"line":37,"column":57}},{"start":{"line":37,"column":61},"end":{"line":37,"column":63}}]}},"s":{"0":1,"1":1,"2":8,"3":5,"4":5,"5":5,"6":5,"7":5,"8":5,"9":5,"10":5,"11":5,"12":9,"13":9,"14":9,"15":5,"16":5,"17":6,"18":5,"19":6,"20":5,"21":5,"22":5,"23":3,"24":3,"25":3,"26":3,"27":6,"28":2,"29":8,"30":5,"31":1},"f":{"0":8,"1":5,"2":5,"3":5,"4":3,"5":6,"6":2,"7":8,"8":5},"b":{"0":[5,4],"1":[5,4],"2":[9,6]}}
,"/Users/matusalenalves/Documents/Workspace/React/PDM/vitta/src/usecase/appointment/list/listPatientAppointmentsUseCase.ts": {"path":"/Users/matusalenalves/Documents/Workspace/React/PDM/vitta/src/usecase/appointment/list/listPatientAppointmentsUseCase.ts","statementMap":{"0":{"start":{"line":4,"column":0},"end":{"line":4,"column":65}},"1":{"start":{"line":10,"column":8},"end":{"line":10,"column":59}},"2":{"start":{"line":14,"column":8},"end":{"line":14,"column":40}},"3":{"start":{"line":16,"column":27},"end":{"line":16,"column":84}},"4":{"start":{"line":18,"column":8},"end":{"line":20,"column":9}},"5":{"start":{"line":19,"column":12},"end":{"line":19,"column":86}},"6":{"start":{"line":19,"column":55},"end":{"line":19,"column":84}},"7":{"start":{"line":22,"column":8},"end":{"line":25,"column":9}},"8":{"start":{"line":23,"column":26},"end":{"line":23,"column":52}},"9":{"start":{"line":24,"column":12},"end":{"line":24,"column":75}},"10":{"start":{"line":24,"column":55},"end":{"line":24,"column":73}},"11":{"start":{"line":27,"column":8},"end":{"line":27,"column":28}},"12":{"start":{"line":34,"column":8},"end":{"line":34,"column":40}},"13":{"start":{"line":36,"column":8},"end":{"line":36,"column":91}},"14":{"start":{"line":40,"column":22},"end":{"line":40,"column":32}},"15":{"start":{"line":41,"column":21},"end":{"line":41,"column":40}},"16":{"start":{"line":42,"column":22},"end":{"line":42,"column":67}},"17":{"start":{"line":43,"column":20},"end":{"line":43,"column":60}},"18":{"start":{"line":44,"column":8},"end":{"line":44,"column":41}},"19":{"start":{"line":48,"column":8},"end":{"line":48,"column":56}},"20":{"start":{"line":6,"column":0},"end":{"line":6,"column":21}}},"fnMap":{"0":{"name":"(anonymous_0)","decl":{"start":{"line":9,"column":4},"end":{"line":9,"column":16}},"loc":{"start":{"line":9,"column":61},"end":{"line":11,"column":5}}},"1":{"name":"(anonymous_1)","decl":{"start":{"line":13,"column":4},"end":{"line":13,"column":9}},"loc":{"start":{"line":13,"column":74},"end":{"line":28,"column":5}}},"2":{"name":"(anonymous_2)","decl":{"start":{"line":19,"column":47},"end":{"line":19,"column":51}},"loc":{"start":{"line":19,"column":55},"end":{"line":19,"column":84}}},"3":{"name":"(anonymous_3)","decl":{"start":{"line":24,"column":47},"end":{"line":24,"column":51}},"loc":{"start":{"line":24,"column":55},"end":{"line":24,"column":73}}},"4":{"name":"(anonymous_4)","decl":{"start":{"line":30,"column":4},"end":{"line":30,"column":34}},"loc":{"start":{"line":32,"column":55},"end":{"line":37,"column":5}}},"5":{"name":"(anonymous_5)","decl":{"start":{"line":39,"column":12},"end":{"line":39,"column":31}},"loc":{"start":{"line":39,"column":31},"end":{"line":45,"column":5}}},"6":{"name":"(anonymous_6)","decl":{"start":{"line":47,"column":12},"end":{"line":47,"column":27}},"loc":{"start":{"line":47,"column":45},"end":{"line":49,"column":5}}}},"branchMap":{"0":{"loc":{"start":{"line":18,"column":8},"end":{"line":20,"column":9}},"type":"if","locations":[{"start":{"line":18,"column":8},"end":{"line":20,"column":9}}]},"1":{"loc":{"start":{"line":22,"column":8},"end":{"line":25,"column":9}},"type":"if","locations":[{"start":{"line":22,"column":8},"end":{"line":25,"column":9}}]}},"s":{"0":1,"1":11,"2":9,"3":9,"4":9,"5":5,"6":13,"7":9,"8":2,"9":2,"10":5,"11":9,"12":2,"13":2,"14":2,"15":2,"16":2,"17":2,"18":2,"19":11,"20":1},"f":{"0":11,"1":9,"2":13,"3":5,"4":2,"5":2,"6":11},"b":{"0":[5],"1":[2]}}
,"/Users/matusalenalves/Documents/Workspace/React/PDM/vitta/src/usecase/appointment/list/listPendingAppointmentsUseCase.ts": {"path":"/Users/matusalenalves/Documents/Workspace/React/PDM/vitta/src/usecase/appointment/list/listPendingAppointmentsUseCase.ts","statementMap":{"0":{"start":{"line":4,"column":0},"end":{"line":4,"column":65}},"1":{"start":{"line":10,"column":8},"end":{"line":10,"column":59}},"2":{"start":{"line":14,"column":8},"end":{"line":14,"column":50}},"3":{"start":{"line":16,"column":36},"end":{"line":18,"column":null}},"4":{"start":{"line":21,"column":8},"end":{"line":27,"column":11}},"5":{"start":{"line":22,"column":32},"end":{"line":22,"column":60}},"6":{"start":{"line":23,"column":12},"end":{"line":25,"column":13}},"7":{"start":{"line":24,"column":16},"end":{"line":24,"column":35}},"8":{"start":{"line":26,"column":12},"end":{"line":26,"column":58}},"9":{"start":{"line":34,"column":8},"end":{"line":34,"column":50}},"10":{"start":{"line":35,"column":8},"end":{"line":35,"column":96}},"11":{"start":{"line":39,"column":8},"end":{"line":39,"column":66}},"12":{"start":{"line":6,"column":0},"end":{"line":6,"column":21}}},"fnMap":{"0":{"name":"(anonymous_0)","decl":{"start":{"line":9,"column":4},"end":{"line":9,"column":16}},"loc":{"start":{"line":9,"column":61},"end":{"line":11,"column":5}}},"1":{"name":"(anonymous_1)","decl":{"start":{"line":13,"column":4},"end":{"line":13,"column":9}},"loc":{"start":{"line":13,"column":58},"end":{"line":28,"column":5}}},"2":{"name":"(anonymous_2)","decl":{"start":{"line":21,"column":40},"end":{"line":21,"column":41}},"loc":{"start":{"line":21,"column":49},"end":{"line":27,"column":9}}},"3":{"name":"(anonymous_3)","decl":{"start":{"line":30,"column":4},"end":{"line":30,"column":34}},"loc":{"start":{"line":32,"column":55},"end":{"line":36,"column":5}}},"4":{"name":"(anonymous_4)","decl":{"start":{"line":38,"column":12},"end":{"line":38,"column":32}},"loc":{"start":{"line":38,"column":55},"end":{"line":40,"column":5}}}},"branchMap":{"0":{"loc":{"start":{"line":23,"column":12},"end":{"line":25,"column":13}},"type":"if","locations":[{"start":{"line":23,"column":12},"end":{"line":25,"column":13}}]}},"s":{"0":1,"1":4,"2":4,"3":4,"4":4,"5":9,"6":9,"7":5,"8":4,"9":0,"10":0,"11":4,"12":1},"f":{"0":4,"1":4,"2":9,"3":0,"4":4},"b":{"0":[5]}}
,"/Users/matusalenalves/Documents/Workspace/React/PDM/vitta/src/usecase/appointment/request/requestAppointmentUseCase.ts": {"path":"/Users/matusalenalves/Documents/Workspace/React/PDM/vitta/src/usecase/appointment/request/requestAppointmentUseCase.ts","statementMap":{"0":{"start":{"line":2,"column":0},"end":{"line":2,"column":68}},"1":{"start":{"line":3,"column":0},"end":{"line":3,"column":62}},"2":{"start":{"line":4,"column":0},"end":{"line":4,"column":61}},"3":{"start":{"line":7,"column":0},"end":{"line":7,"column":174}},"4":{"start":{"line":13,"column":8},"end":{"line":13,"column":59}},"5":{"start":{"line":17,"column":28},"end":{"line":17,"column":60}},"6":{"start":{"line":18,"column":8},"end":{"line":18,"column":61}},"7":{"start":{"line":19,"column":8},"end":{"line":19,"column":27}},"8":{"start":{"line":23,"column":8},"end":{"line":23,"column":30}},"9":{"start":{"line":24,"column":8},"end":{"line":24,"column":32}},"10":{"start":{"line":25,"column":8},"end":{"line":25,"column":36}},"11":{"start":{"line":26,"column":8},"end":{"line":26,"column":57}},"12":{"start":{"line":27,"column":8},"end":{"line":27,"column":56}},"13":{"start":{"line":29,"column":24},"end":{"line":29,"column":51}},"14":{"start":{"line":30,"column":8},"end":{"line":35,"column":10}},"15":{"start":{"line":36,"column":8},"end":{"line":41,"column":10}},"16":{"start":{"line":43,"column":8},"end":{"line":51,"column":11}},"17":{"start":{"line":60,"column":27},"end":{"line":64,"column":null}},"18":{"start":{"line":67,"column":8},"end":{"line":69,"column":9}},"19":{"start":{"line":68,"column":12},"end":{"line":68,"column":97}},"20":{"start":{"line":78,"column":34},"end":{"line":82,"column":null}},"21":{"start":{"line":85,"column":8},"end":{"line":87,"column":9}},"22":{"start":{"line":86,"column":12},"end":{"line":86,"column":99}},"23":{"start":{"line":96,"column":29},"end":{"line":96,"column":94}},"24":{"start":{"line":98,"column":8},"end":{"line":103,"column":11}},"25":{"start":{"line":99,"column":12},"end":{"line":101,"column":13}},"26":{"start":{"line":100,"column":16},"end":{"line":100,"column":29}},"27":{"start":{"line":102,"column":12},"end":{"line":102,"column":91}},"28":{"start":{"line":112,"column":36},"end":{"line":112,"column":93}},"29":{"start":{"line":114,"column":8},"end":{"line":119,"column":11}},"30":{"start":{"line":115,"column":12},"end":{"line":117,"column":13}},"31":{"start":{"line":116,"column":16},"end":{"line":116,"column":29}},"32":{"start":{"line":118,"column":12},"end":{"line":118,"column":92}},"33":{"start":{"line":9,"column":0},"end":{"line":9,"column":21}}},"fnMap":{"0":{"name":"(anonymous_1)","decl":{"start":{"line":12,"column":4},"end":{"line":12,"column":16}},"loc":{"start":{"line":12,"column":61},"end":{"line":14,"column":5}}},"1":{"name":"(anonymous_2)","decl":{"start":{"line":16,"column":4},"end":{"line":16,"column":9}},"loc":{"start":{"line":16,"column":59},"end":{"line":20,"column":5}}},"2":{"name":"(anonymous_3)","decl":{"start":{"line":22,"column":4},"end":{"line":22,"column":9}},"loc":{"start":{"line":22,"column":55},"end":{"line":52,"column":5}}},"3":{"name":"(anonymous_4)","decl":{"start":{"line":54,"column":12},"end":{"line":54,"column":17}},"loc":{"start":{"line":58,"column":30},"end":{"line":70,"column":5}}},"4":{"name":"(anonymous_5)","decl":{"start":{"line":72,"column":12},"end":{"line":72,"column":17}},"loc":{"start":{"line":76,"column":23},"end":{"line":88,"column":5}}},"5":{"name":"(anonymous_6)","decl":{"start":{"line":90,"column":12},"end":{"line":90,"column":17}},"loc":{"start":{"line":94,"column":30},"end":{"line":104,"column":5}}},"6":{"name":"(anonymous_7)","decl":{"start":{"line":98,"column":33},"end":{"line":98,"column":37}},"loc":{"start":{"line":98,"column":40},"end":{"line":103,"column":9}}},"7":{"name":"(anonymous_8)","decl":{"start":{"line":106,"column":12},"end":{"line":106,"column":17}},"loc":{"start":{"line":110,"column":23},"end":{"line":120,"column":5}}},"8":{"name":"(anonymous_9)","decl":{"start":{"line":114,"column":40},"end":{"line":114,"column":44}},"loc":{"start":{"line":114,"column":47},"end":{"line":119,"column":9}}}},"branchMap":{"0":{"loc":{"start":{"line":67,"column":8},"end":{"line":69,"column":9}},"type":"if","locations":[{"start":{"line":67,"column":8},"end":{"line":69,"column":9}}]},"1":{"loc":{"start":{"line":85,"column":8},"end":{"line":87,"column":9}},"type":"if","locations":[{"start":{"line":85,"column":8},"end":{"line":87,"column":9}}]},"2":{"loc":{"start":{"line":99,"column":12},"end":{"line":101,"column":13}},"type":"if","locations":[{"start":{"line":99,"column":12},"end":{"line":101,"column":13}}]},"3":{"loc":{"start":{"line":99,"column":16},"end":{"line":99,"column":72}},"type":"binary-expr","locations":[{"start":{"line":99,"column":16},"end":{"line":99,"column":44}},{"start":{"line":99,"column":48},"end":{"line":99,"column":72}}]},"4":{"loc":{"start":{"line":102,"column":19},"end":{"line":102,"column":90}},"type":"binary-expr","locations":[{"start":{"line":102,"column":19},"end":{"line":102,"column":45}},{"start":{"line":102,"column":49},"end":{"line":102,"column":74}},{"start":{"line":102,"column":78},"end":{"line":102,"column":90}}]},"5":{"loc":{"start":{"line":115,"column":12},"end":{"line":117,"column":13}},"type":"if","locations":[{"start":{"line":115,"column":12},"end":{"line":117,"column":13}}]},"6":{"loc":{"start":{"line":115,"column":16},"end":{"line":115,"column":94}},"type":"binary-expr","locations":[{"start":{"line":115,"column":16},"end":{"line":115,"column":34}},{"start":{"line":115,"column":38},"end":{"line":115,"column":66}},{"start":{"line":115,"column":70},"end":{"line":115,"column":94}}]},"7":{"loc":{"start":{"line":118,"column":19},"end":{"line":118,"column":91}},"type":"binary-expr","locations":[{"start":{"line":118,"column":19},"end":{"line":118,"column":44}},{"start":{"line":118,"column":48},"end":{"line":118,"column":75}},{"start":{"line":118,"column":79},"end":{"line":118,"column":91}}]}},"s":{"0":1,"1":1,"2":1,"3":1,"4":25,"5":27,"6":16,"7":16,"8":27,"9":27,"10":27,"11":22,"12":22,"13":21,"14":21,"15":18,"16":16,"17":18,"18":18,"19":2,"20":21,"21":21,"22":3,"23":18,"24":18,"25":5,"26":1,"27":4,"28":21,"29":21,"30":5,"31":2,"32":3,"33":1},"f":{"0":25,"1":27,"2":27,"3":18,"4":21,"5":18,"6":5,"7":21,"8":5},"b":{"0":[2],"1":[3],"2":[1],"3":[5,4],"4":[4,3,2],"5":[2],"6":[5,4,3],"7":[3,1,0]}}
,"/Users/matusalenalves/Documents/Workspace/React/PDM/vitta/src/usecase/appointment/request/validator/requestAppointmentValidator.ts": {"path":"/Users/matusalenalves/Documents/Workspace/React/PDM/vitta/src/usecase/appointment/request/validator/requestAppointmentValidator.ts","statementMap":{"0":{"start":{"line":6,"column":0},"end":{"line":6,"column":16}},"1":{"start":{"line":11,"column":0},"end":{"line":11,"column":16}},"2":{"start":{"line":16,"column":0},"end":{"line":16,"column":16}},"3":{"start":{"line":31,"column":0},"end":{"line":31,"column":16}},"4":{"start":{"line":46,"column":0},"end":{"line":46,"column":16}},"5":{"start":{"line":1,"column":0},"end":{"line":1,"column":61}},"6":{"start":{"line":2,"column":0},"end":{"line":2,"column":78}},"7":{"start":{"line":3,"column":0},"end":{"line":3,"column":65}},"8":{"start":{"line":7,"column":4},"end":{"line":7,"column":58}},"9":{"start":{"line":8,"column":4},"end":{"line":8,"column":68}},"10":{"start":{"line":12,"column":4},"end":{"line":12,"column":67}},"11":{"start":{"line":13,"column":4},"end":{"line":13,"column":66}},"12":{"start":{"line":17,"column":4},"end":{"line":19,"column":5}},"13":{"start":{"line":18,"column":8},"end":{"line":18,"column":96}},"14":{"start":{"line":21,"column":18},"end":{"line":21,"column":28}},"15":{"start":{"line":22,"column":4},"end":{"line":22,"column":31}},"16":{"start":{"line":23,"column":22},"end":{"line":23,"column":36}},"17":{"start":{"line":24,"column":4},"end":{"line":24,"column":35}},"18":{"start":{"line":26,"column":4},"end":{"line":28,"column":5}},"19":{"start":{"line":27,"column":8},"end":{"line":27,"column":89}},"20":{"start":{"line":32,"column":29},"end":{"line":32,"column":61}},"21":{"start":{"line":33,"column":4},"end":{"line":35,"column":5}},"22":{"start":{"line":34,"column":8},"end":{"line":34,"column":78}},"23":{"start":{"line":37,"column":16},"end":{"line":37,"column":26}},"24":{"start":{"line":38,"column":22},"end":{"line":38,"column":36}},"25":{"start":{"line":39,"column":4},"end":{"line":39,"column":45}},"26":{"start":{"line":41,"column":4},"end":{"line":43,"column":5}},"27":{"start":{"line":42,"column":8},"end":{"line":42,"column":92}},"28":{"start":{"line":47,"column":24},"end":{"line":48,"column":null}},"29":{"start":{"line":48,"column":16},"end":{"line":48,"column":72}},"30":{"start":{"line":51,"column":4},"end":{"line":53,"column":5}},"31":{"start":{"line":52,"column":8},"end":{"line":52,"column":78}}},"fnMap":{"0":{"name":"assertValidIds","decl":{"start":{"line":6,"column":16},"end":{"line":6,"column":30}},"loc":{"start":{"line":6,"column":61},"end":{"line":9,"column":1}}},"1":{"name":"assertValidTimes","decl":{"start":{"line":11,"column":16},"end":{"line":11,"column":32}},"loc":{"start":{"line":11,"column":63},"end":{"line":14,"column":1}}},"2":{"name":"assertValidDate","decl":{"start":{"line":16,"column":16},"end":{"line":16,"column":31}},"loc":{"start":{"line":16,"column":42},"end":{"line":29,"column":1}}},"3":{"name":"assertSlotNotInPast","decl":{"start":{"line":31,"column":16},"end":{"line":31,"column":35}},"loc":{"start":{"line":31,"column":65},"end":{"line":44,"column":1}}},"4":{"name":"assertValidSlot","decl":{"start":{"line":46,"column":16},"end":{"line":46,"column":31}},"loc":{"start":{"line":46,"column":66},"end":{"line":54,"column":1}}},"5":{"name":"(anonymous_6)","decl":{"start":{"line":48,"column":8},"end":{"line":48,"column":12}},"loc":{"start":{"line":48,"column":16},"end":{"line":48,"column":72}}}},"branchMap":{"0":{"loc":{"start":{"line":17,"column":4},"end":{"line":19,"column":5}},"type":"if","locations":[{"start":{"line":17,"column":4},"end":{"line":19,"column":5}}]},"1":{"loc":{"start":{"line":26,"column":4},"end":{"line":28,"column":5}},"type":"if","locations":[{"start":{"line":26,"column":4},"end":{"line":28,"column":5}}]},"2":{"loc":{"start":{"line":33,"column":4},"end":{"line":35,"column":5}},"type":"if","locations":[{"start":{"line":33,"column":4},"end":{"line":35,"column":5}}]},"3":{"loc":{"start":{"line":33,"column":8},"end":{"line":33,"column":52}},"type":"binary-expr","locations":[{"start":{"line":33,"column":8},"end":{"line":33,"column":27}},{"start":{"line":33,"column":31},"end":{"line":33,"column":52}}]},"4":{"loc":{"start":{"line":41,"column":4},"end":{"line":43,"column":5}},"type":"if","locations":[{"start":{"line":41,"column":4},"end":{"line":43,"column":5}}]},"5":{"loc":{"start":{"line":48,"column":16},"end":{"line":48,"column":72}},"type":"binary-expr","locations":[{"start":{"line":48,"column":16},"end":{"line":48,"column":44}},{"start":{"line":48,"column":48},"end":{"line":48,"column":72}}]},"6":{"loc":{"start":{"line":51,"column":4},"end":{"line":53,"column":5}},"type":"if","locations":[{"start":{"line":51,"column":4},"end":{"line":53,"column":5}}]}},"s":{"0":2,"1":2,"2":2,"3":2,"4":2,"5":2,"6":2,"7":2,"8":27,"9":27,"10":27,"11":27,"12":29,"13":5,"14":24,"15":24,"16":24,"17":24,"18":24,"19":2,"20":25,"21":25,"22":1,"23":24,"24":24,"25":24,"26":24,"27":1,"28":24,"29":37,"30":24,"31":2},"f":{"0":27,"1":27,"2":29,"3":25,"4":24,"5":37},"b":{"0":[5],"1":[2],"2":[1],"3":[25,24],"4":[1],"5":[37,22],"6":[2]}}
,"/Users/matusalenalves/Documents/Workspace/React/PDM/vitta/src/usecase/appointment/status/acceptAppointmentUseCase.ts": {"path":"/Users/matusalenalves/Documents/Workspace/React/PDM/vitta/src/usecase/appointment/status/acceptAppointmentUseCase.ts","statementMap":{"0":{"start":{"line":2,"column":0},"end":{"line":2,"column":61}},"1":{"start":{"line":3,"column":0},"end":{"line":3,"column":65}},"2":{"start":{"line":5,"column":0},"end":{"line":5,"column":107}},"3":{"start":{"line":17,"column":8},"end":{"line":17,"column":59}},"4":{"start":{"line":18,"column":8},"end":{"line":19,"column":106}},"5":{"start":{"line":23,"column":8},"end":{"line":23,"column":52}},"6":{"start":{"line":24,"column":8},"end":{"line":24,"column":81}},"7":{"start":{"line":25,"column":8},"end":{"line":25,"column":57}},"8":{"start":{"line":26,"column":8},"end":{"line":26,"column":53}},"9":{"start":{"line":30,"column":8},"end":{"line":30,"column":42}},"10":{"start":{"line":32,"column":28},"end":{"line":32,"column":75}},"11":{"start":{"line":33,"column":8},"end":{"line":33,"column":40}},"12":{"start":{"line":34,"column":8},"end":{"line":34,"column":49}},"13":{"start":{"line":38,"column":8},"end":{"line":38,"column":71}},"14":{"start":{"line":42,"column":28},"end":{"line":42,"column":83}},"15":{"start":{"line":43,"column":8},"end":{"line":45,"column":9}},"16":{"start":{"line":44,"column":12},"end":{"line":44,"column":66}},"17":{"start":{"line":46,"column":8},"end":{"line":46,"column":27}},"18":{"start":{"line":50,"column":8},"end":{"line":52,"column":9}},"19":{"start":{"line":51,"column":12},"end":{"line":51,"column":87}},"20":{"start":{"line":56,"column":28},"end":{"line":62,"column":10}},"21":{"start":{"line":64,"column":8},"end":{"line":66,"column":9}},"22":{"start":{"line":65,"column":12},"end":{"line":65,"column":86}},"23":{"start":{"line":70,"column":28},"end":{"line":70,"column":75}},"24":{"start":{"line":71,"column":24},"end":{"line":73,"column":null}},"25":{"start":{"line":76,"column":25},"end":{"line":81,"column":null}},"26":{"start":{"line":78,"column":16},"end":{"line":81,"column":52}},"27":{"start":{"line":84,"column":8},"end":{"line":86,"column":10}},"28":{"start":{"line":85,"column":33},"end":{"line":85,"column":93}},"29":{"start":{"line":90,"column":35},"end":{"line":90,"column":90}},"30":{"start":{"line":91,"column":8},"end":{"line":93,"column":9}},"31":{"start":{"line":92,"column":12},"end":{"line":92,"column":80}},"32":{"start":{"line":94,"column":8},"end":{"line":94,"column":34}},"33":{"start":{"line":9,"column":0},"end":{"line":9,"column":21}}},"fnMap":{"0":{"name":"(anonymous_1)","decl":{"start":{"line":13,"column":4},"end":{"line":13,"column":null}},"loc":{"start":{"line":15,"column":74},"end":{"line":20,"column":5}}},"1":{"name":"(anonymous_2)","decl":{"start":{"line":22,"column":4},"end":{"line":22,"column":9}},"loc":{"start":{"line":22,"column":49},"end":{"line":27,"column":5}}},"2":{"name":"(anonymous_3)","decl":{"start":{"line":29,"column":4},"end":{"line":29,"column":9}},"loc":{"start":{"line":29,"column":49},"end":{"line":35,"column":5}}},"3":{"name":"(anonymous_4)","decl":{"start":{"line":37,"column":12},"end":{"line":37,"column":25}},"loc":{"start":{"line":37,"column":47},"end":{"line":39,"column":5}}},"4":{"name":"(anonymous_5)","decl":{"start":{"line":41,"column":12},"end":{"line":41,"column":17}},"loc":{"start":{"line":41,"column":61},"end":{"line":47,"column":5}}},"5":{"name":"(anonymous_6)","decl":{"start":{"line":49,"column":12},"end":{"line":49,"column":25}},"loc":{"start":{"line":49,"column":50},"end":{"line":53,"column":5}}},"6":{"name":"(anonymous_7)","decl":{"start":{"line":55,"column":12},"end":{"line":55,"column":17}},"loc":{"start":{"line":55,"column":59},"end":{"line":67,"column":5}}},"7":{"name":"(anonymous_8)","decl":{"start":{"line":69,"column":12},"end":{"line":69,"column":17}},"loc":{"start":{"line":69,"column":62},"end":{"line":87,"column":5}}},"8":{"name":"(anonymous_9)","decl":{"start":{"line":77,"column":12},"end":{"line":77,"column":16}},"loc":{"start":{"line":78,"column":16},"end":{"line":81,"column":52}}},"9":{"name":"(anonymous_10)","decl":{"start":{"line":85,"column":25},"end":{"line":85,"column":29}},"loc":{"start":{"line":85,"column":33},"end":{"line":85,"column":93}}},"10":{"name":"(anonymous_11)","decl":{"start":{"line":89,"column":12},"end":{"line":89,"column":17}},"loc":{"start":{"line":89,"column":57},"end":{"line":95,"column":5}}}},"branchMap":{"0":{"loc":{"start":{"line":19,"column":12},"end":{"line":19,"column":105}},"type":"binary-expr","locations":[{"start":{"line":19,"column":12},"end":{"line":19,"column":43}},{"start":{"line":19,"column":47},"end":{"line":19,"column":105}}]},"1":{"loc":{"start":{"line":43,"column":8},"end":{"line":45,"column":9}},"type":"if","locations":[{"start":{"line":43,"column":8},"end":{"line":45,"column":9}}]},"2":{"loc":{"start":{"line":50,"column":8},"end":{"line":52,"column":9}},"type":"if","locations":[{"start":{"line":50,"column":8},"end":{"line":52,"column":9}}]},"3":{"loc":{"start":{"line":64,"column":8},"end":{"line":66,"column":9}},"type":"if","locations":[{"start":{"line":64,"column":8},"end":{"line":66,"column":9}}]},"4":{"loc":{"start":{"line":78,"column":16},"end":{"line":81,"column":52}},"type":"binary-expr","locations":[{"start":{"line":78,"column":16},"end":{"line":78,"column":42}},{"start":{"line":79,"column":16},"end":{"line":79,"column":41}},{"start":{"line":80,"column":16},"end":{"line":80,"column":56}},{"start":{"line":81,"column":16},"end":{"line":81,"column":52}}]},"5":{"loc":{"start":{"line":91,"column":8},"end":{"line":93,"column":9}},"type":"if","locations":[{"start":{"line":91,"column":8},"end":{"line":93,"column":9}}]}},"s":{"0":1,"1":1,"2":1,"3":10,"4":10,"5":13,"6":5,"7":5,"8":5,"9":13,"10":13,"11":11,"12":7,"13":13,"14":18,"15":18,"16":2,"17":16,"18":11,"19":4,"20":7,"21":7,"22":2,"23":5,"24":5,"25":5,"26":11,"27":5,"28":2,"29":5,"30":5,"31":0,"32":5,"33":1},"f":{"0":10,"1":13,"2":13,"3":13,"4":18,"5":11,"6":7,"7":5,"8":11,"9":2,"10":5},"b":{"0":[10,10],"1":[2],"2":[4],"3":[2],"4":[11,6,4,2],"5":[0]}}
,"/Users/matusalenalves/Documents/Workspace/React/PDM/vitta/src/usecase/appointment/status/cancelAppointmentUseCase.ts": {"path":"/Users/matusalenalves/Documents/Workspace/React/PDM/vitta/src/usecase/appointment/status/cancelAppointmentUseCase.ts","statementMap":{"0":{"start":{"line":2,"column":0},"end":{"line":2,"column":61}},"1":{"start":{"line":3,"column":0},"end":{"line":3,"column":65}},"2":{"start":{"line":11,"column":8},"end":{"line":11,"column":59}},"3":{"start":{"line":15,"column":8},"end":{"line":15,"column":48}},"4":{"start":{"line":16,"column":8},"end":{"line":16,"column":82}},"5":{"start":{"line":17,"column":8},"end":{"line":17,"column":53}},"6":{"start":{"line":21,"column":8},"end":{"line":21,"column":42}},"7":{"start":{"line":23,"column":28},"end":{"line":23,"column":75}},"8":{"start":{"line":24,"column":8},"end":{"line":24,"column":43}},"9":{"start":{"line":28,"column":8},"end":{"line":28,"column":71}},"10":{"start":{"line":32,"column":28},"end":{"line":32,"column":83}},"11":{"start":{"line":33,"column":8},"end":{"line":35,"column":9}},"12":{"start":{"line":34,"column":12},"end":{"line":34,"column":66}},"13":{"start":{"line":36,"column":8},"end":{"line":36,"column":27}},"14":{"start":{"line":40,"column":8},"end":{"line":42,"column":9}},"15":{"start":{"line":41,"column":12},"end":{"line":41,"column":101}},"16":{"start":{"line":46,"column":35},"end":{"line":46,"column":90}},"17":{"start":{"line":47,"column":8},"end":{"line":49,"column":9}},"18":{"start":{"line":48,"column":12},"end":{"line":48,"column":80}},"19":{"start":{"line":50,"column":8},"end":{"line":50,"column":34}},"20":{"start":{"line":7,"column":0},"end":{"line":7,"column":21}}},"fnMap":{"0":{"name":"(anonymous_1)","decl":{"start":{"line":10,"column":4},"end":{"line":10,"column":16}},"loc":{"start":{"line":10,"column":61},"end":{"line":12,"column":5}}},"1":{"name":"(anonymous_2)","decl":{"start":{"line":14,"column":4},"end":{"line":14,"column":9}},"loc":{"start":{"line":14,"column":49},"end":{"line":18,"column":5}}},"2":{"name":"(anonymous_3)","decl":{"start":{"line":20,"column":4},"end":{"line":20,"column":9}},"loc":{"start":{"line":20,"column":45},"end":{"line":25,"column":5}}},"3":{"name":"(anonymous_4)","decl":{"start":{"line":27,"column":12},"end":{"line":27,"column":25}},"loc":{"start":{"line":27,"column":47},"end":{"line":29,"column":5}}},"4":{"name":"(anonymous_5)","decl":{"start":{"line":31,"column":12},"end":{"line":31,"column":17}},"loc":{"start":{"line":31,"column":61},"end":{"line":37,"column":5}}},"5":{"name":"(anonymous_6)","decl":{"start":{"line":39,"column":12},"end":{"line":39,"column":28}},"loc":{"start":{"line":39,"column":53},"end":{"line":43,"column":5}}},"6":{"name":"(anonymous_7)","decl":{"start":{"line":45,"column":12},"end":{"line":45,"column":17}},"loc":{"start":{"line":45,"column":57},"end":{"line":51,"column":5}}}},"branchMap":{"0":{"loc":{"start":{"line":33,"column":8},"end":{"line":35,"column":9}},"type":"if","locations":[{"start":{"line":33,"column":8},"end":{"line":35,"column":9}}]},"1":{"loc":{"start":{"line":40,"column":8},"end":{"line":42,"column":9}},"type":"if","locations":[{"start":{"line":40,"column":8},"end":{"line":42,"column":9}}]},"2":{"loc":{"start":{"line":40,"column":12},"end":{"line":40,"column":81}},"type":"binary-expr","locations":[{"start":{"line":40,"column":12},"end":{"line":40,"column":45}},{"start":{"line":40,"column":49},"end":{"line":40,"column":81}}]},"3":{"loc":{"start":{"line":47,"column":8},"end":{"line":49,"column":9}},"type":"if","locations":[{"start":{"line":47,"column":8},"end":{"line":49,"column":9}}]}},"s":{"0":1,"1":1,"2":5,"3":5,"4":2,"5":2,"6":5,"7":4,"8":3,"9":5,"10":4,"11":4,"12":1,"13":3,"14":3,"15":1,"16":2,"17":2,"18":1,"19":1,"20":1},"f":{"0":5,"1":5,"2":5,"3":5,"4":4,"5":3,"6":2},"b":{"0":[1],"1":[1],"2":[3,2],"3":[1]}}
,"/Users/matusalenalves/Documents/Workspace/React/PDM/vitta/src/usecase/appointment/status/checkAppointmentConflictUseCase.ts": {"path":"/Users/matusalenalves/Documents/Workspace/React/PDM/vitta/src/usecase/appointment/status/checkAppointmentConflictUseCase.ts","statementMap":{"0":{"start":{"line":2,"column":0},"end":{"line":2,"column":61}},"1":{"start":{"line":3,"column":0},"end":{"line":3,"column":65}},"2":{"start":{"line":10,"column":8},"end":{"line":10,"column":59}},"3":{"start":{"line":14,"column":8},"end":{"line":14,"column":37}},"4":{"start":{"line":16,"column":29},"end":{"line":18,"column":null}},"5":{"start":{"line":21,"column":8},"end":{"line":29,"column":11}},"6":{"start":{"line":22,"column":12},"end":{"line":24,"column":13}},"7":{"start":{"line":23,"column":16},"end":{"line":23,"column":29}},"8":{"start":{"line":25,"column":12},"end":{"line":27,"column":13}},"9":{"start":{"line":26,"column":16},"end":{"line":26,"column":29}},"10":{"start":{"line":28,"column":12},"end":{"line":28,"column":46}},"11":{"start":{"line":33,"column":8},"end":{"line":33,"column":53}},"12":{"start":{"line":34,"column":8},"end":{"line":34,"column":69}},"13":{"start":{"line":35,"column":8},"end":{"line":35,"column":65}},"14":{"start":{"line":36,"column":8},"end":{"line":36,"column":72}},"15":{"start":{"line":38,"column":8},"end":{"line":40,"column":9}},"16":{"start":{"line":39,"column":12},"end":{"line":39,"column":56}},"17":{"start":{"line":6,"column":0},"end":{"line":6,"column":21}}},"fnMap":{"0":{"name":"(anonymous_1)","decl":{"start":{"line":9,"column":4},"end":{"line":9,"column":16}},"loc":{"start":{"line":9,"column":61},"end":{"line":11,"column":5}}},"1":{"name":"(anonymous_2)","decl":{"start":{"line":13,"column":4},"end":{"line":13,"column":9}},"loc":{"start":{"line":13,"column":58},"end":{"line":30,"column":5}}},"2":{"name":"(anonymous_3)","decl":{"start":{"line":21,"column":33},"end":{"line":21,"column":37}},"loc":{"start":{"line":21,"column":40},"end":{"line":29,"column":9}}},"3":{"name":"(anonymous_4)","decl":{"start":{"line":32,"column":12},"end":{"line":32,"column":28}},"loc":{"start":{"line":32,"column":65},"end":{"line":41,"column":5}}}},"branchMap":{"0":{"loc":{"start":{"line":22,"column":12},"end":{"line":24,"column":13}},"type":"if","locations":[{"start":{"line":22,"column":12},"end":{"line":24,"column":13}}]},"1":{"loc":{"start":{"line":25,"column":12},"end":{"line":27,"column":13}},"type":"if","locations":[{"start":{"line":25,"column":12},"end":{"line":27,"column":13}}]},"2":{"loc":{"start":{"line":25,"column":16},"end":{"line":25,"column":84}},"type":"binary-expr","locations":[{"start":{"line":25,"column":16},"end":{"line":25,"column":50}},{"start":{"line":25,"column":54},"end":{"line":25,"column":84}}]},"3":{"loc":{"start":{"line":38,"column":8},"end":{"line":40,"column":9}},"type":"if","locations":[{"start":{"line":38,"column":8},"end":{"line":40,"column":9}}]}},"s":{"0":2,"1":2,"2":16,"3":14,"4":12,"5":12,"6":21,"7":8,"8":13,"9":3,"10":10,"11":14,"12":13,"13":13,"14":13,"15":13,"16":1,"17":2},"f":{"0":16,"1":14,"2":21,"3":14},"b":{"0":[8],"1":[3],"2":[13,10],"3":[1]}}
,"/Users/matusalenalves/Documents/Workspace/React/PDM/vitta/src/usecase/appointment/status/rejectAppointmentUseCase.ts": {"path":"/Users/matusalenalves/Documents/Workspace/React/PDM/vitta/src/usecase/appointment/status/rejectAppointmentUseCase.ts","statementMap":{"0":{"start":{"line":2,"column":0},"end":{"line":2,"column":61}},"1":{"start":{"line":3,"column":0},"end":{"line":3,"column":65}},"2":{"start":{"line":11,"column":8},"end":{"line":11,"column":59}},"3":{"start":{"line":15,"column":8},"end":{"line":15,"column":51}},"4":{"start":{"line":16,"column":8},"end":{"line":16,"column":81}},"5":{"start":{"line":17,"column":8},"end":{"line":17,"column":53}},"6":{"start":{"line":21,"column":8},"end":{"line":21,"column":42}},"7":{"start":{"line":23,"column":28},"end":{"line":23,"column":75}},"8":{"start":{"line":24,"column":8},"end":{"line":24,"column":40}},"9":{"start":{"line":28,"column":8},"end":{"line":28,"column":71}},"10":{"start":{"line":32,"column":28},"end":{"line":32,"column":83}},"11":{"start":{"line":33,"column":8},"end":{"line":35,"column":9}},"12":{"start":{"line":34,"column":12},"end":{"line":34,"column":66}},"13":{"start":{"line":36,"column":8},"end":{"line":36,"column":27}},"14":{"start":{"line":40,"column":8},"end":{"line":42,"column":9}},"15":{"start":{"line":41,"column":12},"end":{"line":41,"column":89}},"16":{"start":{"line":46,"column":35},"end":{"line":46,"column":90}},"17":{"start":{"line":47,"column":8},"end":{"line":49,"column":9}},"18":{"start":{"line":48,"column":12},"end":{"line":48,"column":80}},"19":{"start":{"line":50,"column":8},"end":{"line":50,"column":34}},"20":{"start":{"line":7,"column":0},"end":{"line":7,"column":21}}},"fnMap":{"0":{"name":"(anonymous_1)","decl":{"start":{"line":10,"column":4},"end":{"line":10,"column":16}},"loc":{"start":{"line":10,"column":61},"end":{"line":12,"column":5}}},"1":{"name":"(anonymous_2)","decl":{"start":{"line":14,"column":4},"end":{"line":14,"column":9}},"loc":{"start":{"line":14,"column":49},"end":{"line":18,"column":5}}},"2":{"name":"(anonymous_3)","decl":{"start":{"line":20,"column":4},"end":{"line":20,"column":9}},"loc":{"start":{"line":20,"column":48},"end":{"line":25,"column":5}}},"3":{"name":"(anonymous_4)","decl":{"start":{"line":27,"column":12},"end":{"line":27,"column":25}},"loc":{"start":{"line":27,"column":47},"end":{"line":29,"column":5}}},"4":{"name":"(anonymous_5)","decl":{"start":{"line":31,"column":12},"end":{"line":31,"column":17}},"loc":{"start":{"line":31,"column":61},"end":{"line":37,"column":5}}},"5":{"name":"(anonymous_6)","decl":{"start":{"line":39,"column":12},"end":{"line":39,"column":25}},"loc":{"start":{"line":39,"column":50},"end":{"line":43,"column":5}}},"6":{"name":"(anonymous_7)","decl":{"start":{"line":45,"column":12},"end":{"line":45,"column":17}},"loc":{"start":{"line":45,"column":57},"end":{"line":51,"column":5}}}},"branchMap":{"0":{"loc":{"start":{"line":33,"column":8},"end":{"line":35,"column":9}},"type":"if","locations":[{"start":{"line":33,"column":8},"end":{"line":35,"column":9}}]},"1":{"loc":{"start":{"line":40,"column":8},"end":{"line":42,"column":9}},"type":"if","locati
[...]
olumn":1}}},"1":{"name":"(anonymous_2)","decl":{"start":{"line":24,"column":33},"end":{"line":24,"column":38}},"loc":{"start":{"line":24,"column":59},"end":{"line":68,"column":5}}},"2":{"name":"(anonymous_3)","decl":{"start":{"line":42,"column":29},"end":{"line":42,"column":34}},"loc":{"start":{"line":42,"column":44},"end":{"line":54,"column":17}}},"3":{"name":"(anonymous_4)","decl":{"start":{"line":57,"column":23},"end":{"line":57,"column":24}},"loc":{"start":{"line":57,"column":33},"end":{"line":57,"column":61}}},"4":{"name":"(anonymous_5)","decl":{"start":{"line":70,"column":14},"end":{"line":70,"column":17}},"loc":{"start":{"line":70,"column":19},"end":{"line":72,"column":5}}},"5":{"name":"(anonymous_6)","decl":{"start":{"line":74,"column":14},"end":{"line":74,"column":17}},"loc":{"start":{"line":74,"column":19},"end":{"line":85,"column":5}}},"6":{"name":"(anonymous_7)","decl":{"start":{"line":79,"column":12},"end":{"line":79,"column":13}},"loc":{"start":{"line":79,"column":24},"end":{"line":81,"column":13}}},"7":{"name":"(anonymous_8)","decl":{"start":{"line":87,"column":32},"end":{"line":87,"column":37}},"loc":{"start":{"line":87,"column":58},"end":{"line":89,"column":5}}},"8":{"name":"(anonymous_9)","decl":{"start":{"line":91,"column":35},"end":{"line":91,"column":44}},"loc":{"start":{"line":91,"column":46},"end":{"line":93,"column":5}}},"9":{"name":"(anonymous_10)","decl":{"start":{"line":95,"column":44},"end":{"line":95,"column":47}},"loc":{"start":{"line":95,"column":49},"end":{"line":98,"column":5}}},"10":{"name":"(anonymous_11)","decl":{"start":{"line":100,"column":35},"end":{"line":100,"column":38}},"loc":{"start":{"line":100,"column":40},"end":{"line":103,"column":5}}},"11":{"name":"(anonymous_12)","decl":{"start":{"line":105,"column":40},"end":{"line":105,"column":43}},"loc":{"start":{"line":105,"column":45},"end":{"line":107,"column":5}}},"12":{"name":"(anonymous_13)","decl":{"start":{"line":109,"column":14},"end":{"line":109,"column":17}},"loc":{"start":{"line":109,"column":19},"end":{"line":111,"column":5}}},"13":{"name":"(anonymous_14)","decl":{"start":{"line":113,"column":14},"end":{"line":113,"column":17}},"loc":{"start":{"line":113,"column":19},"end":{"line":120,"column":5}}},"14":{"name":"(anonymous_15)","decl":{"start":{"line":115,"column":37},"end":{"line":115,"column":40}},"loc":{"start":{"line":115,"column":42},"end":{"line":117,"column":13}}},"15":{"name":"(anonymous_16)","decl":{"start":{"line":118,"column":19},"end":{"line":118,"column":22}},"loc":{"start":{"line":118,"column":25},"end":{"line":118,"column":44}}}},"branchMap":{"0":{"loc":{"start":{"line":25,"column":8},"end":{"line":25,"column":36}},"type":"if","locations":[{"start":{"line":25,"column":8},"end":{"line":25,"column":36}}]},"1":{"loc":{"start":{"line":46,"column":24},"end":{"line":46,"column":64}},"type":"if","locations":[{"start":{"line":46,"column":24},"end":{"line":46,"column":64}}]},"2":{"loc":{"start":{"line":60,"column":12},"end":{"line":64,"column":13}},"type":"if","locations":[{"start":{"line":60,"column":12},"end":{"line":64,"column":13}},{"start":{"line":62,"column":19},"end":{"line":64,"column":13}}]},"3":{"loc":{"start":{"line":75,"column":8},"end":{"line":75,"column":36}},"type":"if","locations":[{"start":{"line":75,"column":8},"end":{"line":75,"column":36}}]},"4":{"loc":{"start":{"line":114,"column":8},"end":{"line":119,"column":9}},"type":"if","locations":[{"start":{"line":114,"column":8},"end":{"line":119,"column":9}}]},"5":{"loc":{"start":{"line":114,"column":12},"end":{"line":114,"column":63}},"type":"binary-expr","locations":[{"start":{"line":114,"column":12},"end":{"line":114,"column":33}},{"start":{"line":114,"column":37},"end":{"line":114,"column":51}},{"start":{"line":114,"column":55},"end":{"line":114,"column":63}}]}},"s":{"0":1,"1":1,"2":1,"3":28,"4":28,"5":28,"6":28,"7":28,"8":28,"9":28,"10":28,"11":28,"12":13,"13":1,"14":12,"15":12,"16":12,"17":12,"18":9,"19":9,"20":9,"21":9,"22":9,"23":3,"24":3,"25":3,"26":2,"27":1,"28":3,"29":9,"30":0,"31":9,"32":3,"33":2,"34":1,"35":12,"36":28,"37":12,"38":28,"39":12,"40":1,"41":11,"42":0,"43":11,"44":28,"45":1,"46":28,"47":1,"48":28,"49":0,"50":0,"51":28,"52":0,"53":0,"54":28,"55":0,"56":28,"57":15,"58":28,"59":26,"60":7,"61":1,"62":7,"63":7,"64":28},"f":{"0":28,"1":13,"2":3,"3":0,"4":12,"5":12,"6":0,"7":1,"8":1,"9":0,"10":0,"11":0,"12":15,"13":26,"14":1,"15":7},"b":{"0":[1],"1":[1],"2":[2,1],"3":[1],"4":[7],"5":[26,20,19]}}
,"/Users/matusalenalves/Documents/Workspace/React/PDM/vitta/src/viewmodel/nutritionist/usePatientNameCache.ts": {"path":"/Users/matusalenalves/Documents/Workspace/React/PDM/vitta/src/viewmodel/nutritionist/usePatientNameCache.ts","statementMap":{"0":{"start":{"line":4,"column":0},"end":{"line":4,"column":24}},"1":{"start":{"line":1,"column":0},"end":{"line":1,"column":46}},"2":{"start":{"line":5,"column":30},"end":{"line":5,"column":66}},"3":{"start":{"line":7,"column":27},"end":{"line":19,"column":35}},"4":{"start":{"line":8,"column":8},"end":{"line":10,"column":9}},"5":{"start":{"line":9,"column":12},"end":{"line":9,"column":36}},"6":{"start":{"line":11,"column":8},"end":{"line":18,"column":9}},"7":{"start":{"line":12,"column":28},"end":{"line":12,"column":71}},"8":{"start":{"line":13,"column":25},"end":{"line":13,"column":52}},"9":{"start":{"line":14,"column":12},"end":{"line":14,"column":63}},"10":{"start":{"line":14,"column":30},"end":{"line":14,"column":60}},"11":{"start":{"line":15,"column":12},"end":{"line":15,"column":24}},"12":{"start":{"line":17,"column":12},"end":{"line":17,"column":30}},"13":{"start":{"line":21,"column":4},"end":{"line":21,"column":30}}},"fnMap":{"0":{"name":"usePatientNameCache","decl":{"start":{"line":4,"column":24},"end":{"line":4,"column":43}},"loc":{"start":{"line":4,"column":83},"end":{"line":22,"column":1}}},"1":{"name":"(anonymous_1)","decl":{"start":{"line":7,"column":39},"end":{"line":7,"column":44}},"loc":{"start":{"line":7,"column":84},"end":{"line":19,"column":5}}},"2":{"name":"(anonymous_2)","decl":{"start":{"line":14,"column":21},"end":{"line":14,"column":25}},"loc":{"start":{"line":14,"column":30},"end":{"line":14,"column":60}}}},"branchMap":{"0":{"loc":{"start":{"line":8,"column":8},"end":{"line":10,"column":9}},"type":"if","locations":[{"start":{"line":8,"column":8},"end":{"line":10,"column":9}}]},"1":{"loc":{"start":{"line":13,"column":25},"end":{"line":13,"column":52}},"type":"binary-expr","locations":[{"start":{"line":13,"column":25},"end":{"line":13,"column":38}},{"start":{"line":13,"column":42},"end":{"line":13,"column":52}}]}},"s":{"0":2,"1":2,"2":54,"3":54,"4":12,"5":5,"6":7,"7":7,"8":7,"9":7,"10":7,"11":7,"12":0,"13":54},"f":{"0":54,"1":12,"2":7},"b":{"0":[5],"1":[7,0]}}
,"/Users/matusalenalves/Documents/Workspace/React/PDM/vitta/src/viewmodel/nutritionist/usePendingRequestsViewModel.ts": {"path":"/Users/matusalenalves/Documents/Workspace/React/PDM/vitta/src/viewmodel/nutritionist/usePendingRequestsViewModel.ts","statementMap":{"0":{"start":{"line":17,"column":0},"end":{"line":17,"column":24}},"1":{"start":{"line":1,"column":0},"end":{"line":1,"column":57}},"2":{"start":{"line":7,"column":0},"end":{"line":7,"column":61}},"3":{"start":{"line":8,"column":0},"end":{"line":8,"column":61}},"4":{"start":{"line":14,"column":0},"end":{"line":14,"column":101}},"5":{"start":{"line":15,"column":0},"end":{"line":15,"column":79}},"6":{"start":{"line":25,"column":58},"end":{"line":25,"column":96}},"7":{"start":{"line":26,"column":34},"end":{"line":26,"column":48}},"8":{"start":{"line":27,"column":40},"end":{"line":27,"column":55}},"9":{"start":{"line":28,"column":30},"end":{"line":28,"column":59}},"10":{"start":{"line":29,"column":48},"end":{"line":29,"column":77}},"11":{"start":{"line":30,"column":31},"end":{"line":30,"column":70}},"12":{"start":{"line":32,"column":4},"end":{"line":65,"column":73}},"13":{"start":{"line":33,"column":8},"end":{"line":36,"column":9}},"14":{"start":{"line":34,"column":12},"end":{"line":34,"column":30}},"15":{"start":{"line":35,"column":12},"end":{"line":35,"column":19}},"16":{"start":{"line":38,"column":8},"end":{"line":38,"column":25}},"17":{"start":{"line":40,"column":28},"end":{"line":59,"column":null}},"18":{"start":{"line":43,"column":56},"end":{"line":55,"column":null}},"19":{"start":{"line":45,"column":44},"end":{"line":45,"column":80}},"20":{"start":{"line":46,"column":24},"end":{"line":54,"column":26}},"21":{"start":{"line":57,"column":16},"end":{"line":57,"column":46}},"22":{"start":{"line":58,"column":16},"end":{"line":58,"column":34}},"23":{"start":{"line":62,"column":8},"end":{"line":64,"column":10}},"24":{"start":{"line":63,"column":12},"end":{"line":63,"column":26}},"25":{"start":{"line":67,"column":30},"end":{"line":87,"column":34}},"26":{"start":{"line":68,"column":8},"end":{"line":68,"column":28}},"27":{"start":{"line":69,"column":8},"end":{"line":69,"column":23}},"28":{"start":{"line":71,"column":8},"end":{"line":86,"column":9}},"29":{"start":{"line":72,"column":12},"end":{"line":72,"column":76}},"30":{"start":{"line":73,"column":12},"end":{"line":73,"column":62}},"31":{"start":{"line":74,"column":12},"end":{"line":74,"column":24}},"32":{"start":{"line":76,"column":12},"end":{"line":82,"column":13}},"33":{"start":{"line":77,"column":16},"end":{"line":77,"column":38}},"34":{"start":{"line":78,"column":19},"end":{"line":82,"column":13}},"35":{"start":{"line":79,"column":16},"end":{"line":79,"column":38}},"36":{"start":{"line":81,"column":16},"end":{"line":81,"column":71}},"37":{"start":{"line":83,"column":12},"end":{"line":83,"column":25}},"38":{"start":{"line":85,"column":12},"end":{"line":85,"column":33}},"39":{"start":{"line":89,"column":30},"end":{"line":109,"column":34}},"40":{"start":{"line":90,"column":8},"end":{"line":90,"column":28}},"41":{"start":{"line":91,"column":8},"end":{"line":91,"column":23}},"42":{"start":{"line":93,"column":8},"end":{"line":108,"column":9}},"43":{"start":{"line":94,"column":12},"end":{"line":94,"column":76}},"44":{"start":{"line":95,"column":12},"end":{"line":95,"column":52}},"45":{"start":{"line":96,"column":12},"end":{"line":96,"column":24}},"46":{"start":{"line":98,"column":12},"end":{"line":104,"column":13}},"47":{"start":{"line":99,"column":16},"end":{"line":99,"column":38}},"48":{"start":{"line":100,"column":19},"end":{"line":104,"column":13}},"49":{"start":{"line":101,"column":16},"end":{"line":101,"column":38}},"50":{"start":{"line":103,"column":16},"end":{"line":103,"column":71}},"51":{"start":{"line":105,"column":12},"end":{"line":105,"column":25}},"52":{"start":{"line":107,"column":12},"end":{"line":107,"column":33}},"53":{"start":{"line":111,"column":23},"end":{"line":113,"column":10}},"54":{"start":{"line":112,"column":8},"end":{"line":112,"column":23}},"55":{"start":{"line":115,"column":25},"end":{"line":117,"column":10}},"56":{"start":{"line":116,"column":8},"end":{"line":116,"column":32}},"57":{"start":{"line":119,"column":4},"end":{"line":129,"column":6}}},"fnMap":{"0":{"name":"usePendingRequestsViewModel","decl":{"start":{"line":17,"column":24},"end":{"line":17,"column":51}},"loc":{"start":{"line":22,"column":26},"end":{"line":130,"column":1}}},"1":{"name":"(anonymous_2)","decl":{"start":{"line":32,"column":14},"end":{"line":32,"column":17}},"loc":{"start":{"line":32,"column":19},"end":{"line":65,"column":5}}},"2":{"name":"(anonymous_3)","decl":{"start":{"line":42,"column":12},"end":{"line":42,"column":17}},"loc":{"start":{"line":42,"column":50},"end":{"line":59,"column":13}}},"3":{"name":"(anonymous_4)","decl":{"start":{"line":44,"column":37},"end":{"line":44,"column":42}},"loc":{"start":{"line":44,"column":52},"end":{"line":55,"column":21}}},"4":{"name":"(anonymous_5)","decl":{"start":{"line":62,"column":15},"end":{"line":62,"column":18}},"loc":{"start":{"line":62,"column":20},"end":{"line":64,"column":9}}},"5":{"name":"(anonymous_6)","decl":{"start":{"line":67,"column":42},"end":{"line":67,"column":47}},"loc":{"start":{"line":67,"column":92},"end":{"line":87,"column":5}}},"6":{"name":"(anonymous_7)","decl":{"start":{"line":89,"column":42},"end":{"line":89,"column":47}},"loc":{"start":{"line":89,"column":92},"end":{"line":109,"column":5}}},"7":{"name":"(anonymous_8)","decl":{"start":{"line":111,"column":35},"end":{"line":111,"column":44}},"loc":{"start":{"line":111,"column":46},"end":{"line":113,"column":5}}},"8":{"name":"(anonymous_9)","decl":{"start":{"line":115,"column":37},"end":{"line":115,"column":46}},"loc":{"start":{"line":115,"column":48},"end":{"line":117,"column":5}}}},"branchMap":{"0":{"loc":{"start":{"line":33,"column":8},"end":{"line":36,"column":9}},"type":"if","locations":[{"start":{"line":33,"column":8},"end":{"line":36,"column":9}}]},"1":{"loc":{"start":{"line":76,"column":12},"end":{"line":82,"column":13}},"type":"if","locations":[{"start":{"line":76,"column":12},"end":{"line":82,"column":13}},{"start":{"line":78,"column":19},"end":{"line":82,"column":13}}]},"2":{"loc":{"start":{"line":78,"column":19},"end":{"line":82,"column":13}},"type":"if","locations":[{"start":{"line":78,"column":19},"end":{"line":82,"column":13}},{"start":{"line":80,"column":19},"end":{"line":82,"column":13}}]},"3":{"loc":{"start":{"line":98,"column":12},"end":{"line":104,"column":13}},"type":"if","locations":[{"start":{"line":98,"column":12},"end":{"line":104,"column":13}},{"start":{"line":100,"column":19},"end":{"line":104,"column":13}}]},"4":{"loc":{"start":{"line":100,"column":19},"end":{"line":104,"column":13}},"type":"if","locations":[{"start":{"line":100,"column":19},"end":{"line":104,"column":13}},{"start":{"line":102,"column":19},"end":{"line":104,"column":13}}]}},"s":{"0":1,"1":1,"2":1,"3":1,"4":1,"5":1,"6":28,"7":28,"8":28,"9":28,"10":28,"11":28,"12":28,"13":13,"14":0,"15":0,"16":13,"17":13,"18":12,"19":10,"20":10,"21":12,"22":12,"23":13,"24":13,"25":28,"26":5,"27":5,"28":5,"29":5,"30":2,"31":2,"32":3,"33":2,"34":1,"35":1,"36":0,"37":3,"38":5,"39":28,"40":1,"41":1,"42":1,"43":1,"44":1,"45":1,"46":0,"47":0,"48":0,"49":0,"50":0,"51":0,"52":1,"53":28,"54":1,"55":28,"56":1,"57":28},"f":{"0":28,"1":13,"2":12,"3":10,"4":13,"5":5,"6":1,"7":1,"8":1},"b":{"0":[0],"1":[2,1],"2":[1,0],"3":[0,0],"4":[0,0]}}
,"/Users/matusalenalves/Documents/Workspace/React/PDM/vitta/src/viewmodel/nutritionist/helpers/nutritionistAgendaViewModelHelpers.ts": {"path":"/Users/matusalenalves/Documents/Workspace/React/PDM/vitta/src/viewmodel/nutritionist/helpers/nutritionistAgendaViewModelHelpers.ts","statementMap":{"0":{"start":{"line":3,"column":0},"end":{"line":3,"column":16}},"1":{"start":{"line":14,"column":0},"end":{"line":14,"column":16}},"2":{"start":{"line":24,"column":0},"end":{"line":24,"column":16}},"3":{"start":{"line":4,"column":31},"end":{"line":4,"column":61}},"4":{"start":{"line":5,"column":17},"end":{"line":5,"column":47}},"5":{"start":{"line":6,"column":22},"end":{"line":10,"column":20}},"6":{"start":{"line":11,"column":4},"end":{"line":11,"column":66}},"7":{"start":{"line":15,"column":4},"end":{"line":15,"column":25}},"8":{"start":{"line":15,"column":15},"end":{"line":15,"column":25}},"9":{"start":{"line":16,"column":22},"end":{"line":20,"column":20}},"10":{"start":{"line":21,"column":4},"end":{"line":21,"column":66}},"11":{"start":{"line":25,"column":18},"end":{"line":25,"column":28}},"12":{"start":{"line":26,"column":4},"end":{"line":26,"column":31}},"13":{"start":{"line":28,"column":4},"end":{"line":43,"column":5}},"14":{"start":{"line":30,"column":12},"end":{"line":30,"column":48}},"15":{"start":{"line":32,"column":30},"end":{"line":32,"column":44}},"16":{"start":{"line":33,"column":30},"end":{"line":33,"column":45}},"17":{"start":{"line":34,"column":12},"end":{"line":34,"column":65}},"18":{"start":{"line":35,"column":12},"end":{"line":35,"column":52}},"19":{"start":{"line":39,"column":28},"end":{"line":39,"column":43}},"20":{"start":{"line":40,"column":12},"end":{"line":40,"column":50}},"21":{"start":{"line":41,"column":12},"end":{"line":41,"column":50}}},"fnMap":{"0":{"name":"formatDateShort","decl":{"start":{"line":3,"column":16},"end":{"line":3,"column":31}},"loc":{"start":{"line":3,"column":47},"end":{"line":12,"column":1}}},"1":{"name":"formatSelectedDate","decl":{"start":{"line":14,"column":16},"end":{"line":14,"column":34}},"loc":{"start":{"line":14,"column":52},"end":{"line":22,"column":1}}},"2":{"name":"getDateRange","decl":{"start":{"line":24,"column":16},"end":{"line":24,"column":28}},"loc":{"start":{"line":24,"column":53},"end":{"line":44,"column":1}}}},"branchMap":{"0":{"loc":{"start":{"line":15,"column":4},"end":{"line":15,"column":25}},"type":"if","locations":[{"start":{"line":15,"column":4},"end":{"line":15,"column":25}}]},"1":{"loc":{"start":{"line":28,"column":4},"end":{"line":43,"column":5}},"type":"switch","locations":[{"start":{"line":29,"column":8},"end":{"line":30,"column":48}},{"start":{"line":31,"column":8},"end":{"line":36,"column":9}},{"start":{"line":37,"column":8},"end":{"line":37,"column":19}},{"start":{"line":38,"column":8},"end":{"line":42,"column":9}}]}},"s":{"0":1,"1":1,"2":1,"3":2,"4":2,"5":2,"6":2,"7":13,"8":10,"9":3,"10":3,"11":13,"12":13,"13":13,"14":1,"15":0,"16":0,"17":0,"18":0,"19":12,"20":12,"21":12},"f":{"0":2,"1":13,"2":13},"b":{"0":[10],"1":[1,0,12,12]}}
,"/Users/matusalenalves/Documents/Workspace/React/PDM/vitta/src/viewmodel/nutritionist/helpers/pendingRequestsViewModelHelpers.ts": {"path":"/Users/matusalenalves/Documents/Workspace/React/PDM/vitta/src/viewmodel/nutritionist/helpers/pendingRequestsViewModelHelpers.ts","statementMap":{"0":{"start":{"line":1,"column":0},"end":{"line":1,"column":16}},"1":{"start":{"line":2,"column":31},"end":{"line":2,"column":61}},"2":{"start":{"line":3,"column":17},"end":{"line":3,"column":47}},"3":{"start":{"line":4,"column":4},"end":{"line":8,"column":7}}},"fnMap":{"0":{"name":"formatPendingDate","decl":{"start":{"line":1,"column":16},"end":{"line":1,"column":33}},"loc":{"start":{"line":1,"column":49},"end":{"line":9,"column":1}}}},"branchMap":{},"s":{"0":1,"1":10,"2":10,"3":10},"f":{"0":10},"b":{}}
,"/Users/matusalenalves/Documents/Workspace/React/PDM/vitta/src/viewmodel/patient/usePatientHomeViewModel.ts": {"path":"/Users/matusalenalves/Documents/Workspace/React/PDM/vitta/src/viewmodel/patient/usePatientHomeViewModel.ts","statementMap":{"0":{"start":{"line":14,"column":0},"end":{"line":14,"column":24}},"1":{"start":{"line":1,"column":0},"end":{"line":1,"column":46}},"2":{"start":{"line":15,"column":50},"end":{"line":15,"column":79}},"3":{"start":{"line":16,"column":52},"end":{"line":16,"column":91}},"4":{"start":{"line":18,"column":25},"end":{"line":21,"column":10}},"5":{"start":{"line":19,"column":8},"end":{"line":19,"column":36}},"6":{"start":{"line":20,"column":8},"end":{"line":20,"column":40}},"7":{"start":{"line":23,"column":29},"end":{"line":26,"column":10}},"8":{"start":{"line":24,"column":8},"end":{"line":24,"column":36}},"9":{"start":{"line":25,"column":8},"end":{"line":25,"column":47}},"10":{"start":{"line":28,"column":28},"end":{"line":30,"column":10}},"11":{"start":{"line":29,"column":8},"end":{"line":29,"column":33}},"12":{"start":{"line":32,"column":4},"end":{"line":38,"column":6}}},"fnMap":{"0":{"name":"usePatientHomeViewModel","decl":{"start":{"line":14,"column":24},"end":{"line":14,"column":47}},"loc":{"start":{"line":14,"column":47},"end":{"line":39,"column":1}}},"1":{"name":"(anonymous_1)","decl":{"start":{"line":18,"column":37},"end":{"line":18,"column":40}},"loc":{"start":{"line":18,"column":42},"end":{"line":21,"column":5}}},"2":{"name":"(anonymous_2)","decl":{"start":{"line":23,"column":41},"end":{"line":23,"column":44}},"loc":{"start":{"line":23,"column":46},"end":{"line":26,"column":5}}},"3":{"name":"(anonymous_3)","decl":{"start":{"line":28,"column":40},"end":{"line":28,"column":43}},"loc":{"start":{"line":28,"column":45},"end":{"line":30,"column":5}}}},"branchMap":{},"s":{"0":1,"1":1,"2":7,"3":7,"4":7,"5":2,"6":2,"7":7,"8":1,"9":1,"10":7,"11":1,"12":7},"f":{"0":7,"1":2,"2":1,"3":1},"b":{}}
}
