{"/Users/matusalenalves/Documents/Workspace/React/PDM/vitta/src/infra/calendar/calendarService.ts": {"path":"/Users/matusalenalves/Documents/Workspace/React/PDM/vitta/src/infra/calendar/calendarService.ts","statementMap":{"0":{"start":{"line":1,"column":0},"end":{"line":1,"column":49}},"1":{"start":{"line":2,"column":0},"end":{"line":2,"column":42}},"2":{"start":{"line":7,"column":27},"end":{"line":7,"column":71}},"3":{"start":{"line":8,"column":8},"end":{"line":8,"column":48}},"4":{"start":{"line":12,"column":27},"end":{"line":12,"column":75}},"5":{"start":{"line":13,"column":8},"end":{"line":13,"column":48}},"6":{"start":{"line":17,"column":8},"end":{"line":17,"column":37}},"7":{"start":{"line":21,"column":27},"end":{"line":21,"column":60}},"8":{"start":{"line":22,"column":23},"end":{"line":22,"column":68}},"9":{"start":{"line":23,"column":8},"end":{"line":30,"column":11}},"10":{"start":{"line":34,"column":23},"end":{"line":34,"column":68}},"11":{"start":{"line":35,"column":8},"end":{"line":42,"column":11}},"12":{"start":{"line":43,"column":8},"end":{"line":43,"column":23}},"13":{"start":{"line":47,"column":8},"end":{"line":47,"column":49}},"14":{"start":{"line":51,"column":8},"end":{"line":53,"column":9}},"15":{"start":{"line":52,"column":12},"end":{"line":52,"column":32}},"16":{"start":{"line":54,"column":8},"end":{"line":56,"column":9}},"17":{"start":{"line":55,"column":12},"end":{"line":55,"column":28}},"18":{"start":{"line":57,"column":8},"end":{"line":57,"column":30}},"19":{"start":{"line":61,"column":8},"end":{"line":66,"column":9}},"20":{"start":{"line":62,"column":36},"end":{"line":62,"column":76}},"21":{"start":{"line":63,"column":12},"end":{"line":65,"column":13}},"22":{"start":{"line":64,"column":16},"end":{"line":64,"column":42}},"23":{"start":{"line":68,"column":26},"end":{"line":68,"column":86}},"24":{"start":{"line":69,"column":25},"end":{"line":69,"column":83}},"25":{"start":{"line":69,"column":54},"end":{"line":69,"column":82}},"26":{"start":{"line":70,"column":8},"end":{"line":72,"column":9}},"27":{"start":{"line":71,"column":12},"end":{"line":71,"column":31}},"28":{"start":{"line":73,"column":8},"end":{"line":75,"column":9}},"29":{"start":{"line":74,"column":12},"end":{"line":74,"column":35}},"30":{"start":{"line":77,"column":8},"end":{"line":77,"column":77}},"31":{"start":{"line":81,"column":8},"end":{"line":83,"column":9}},"32":{"start":{"line":82,"column":12},"end":{"line":82,"column":29}},"33":{"start":{"line":84,"column":8},"end":{"line":86,"column":12}},"34":{"start":{"line":84,"column":55},"end":{"line":86,"column":10}},"35":{"start":{"line":5,"column":0},"end":{"line":5,"column":21}}},"fnMap":{"0":{"name":"(anonymous_9)","decl":{"start":{"line":6,"column":4},"end":{"line":6,"column":9}},"loc":{"start":{"line":6,"column":26},"end":{"line":9,"column":5}}},"1":{"name":"(anonymous_10)","decl":{"start":{"line":11,"column":4},"end":{"line":11,"column":9}},"loc":{"start":{"line":11,"column":28},"end":{"line":14,"column":5}}},"2":{"name":"(anonymous_11)","decl":{"start":{"line":16,"column":4},"end":{"line":16,"column":9}},"loc":{"start":{"line":16,"column":22},"end":{"line":18,"column":5}}},"3":{"name":"(anonymous_12)","decl":{"start":{"line":20,"column":4},"end":{"line":20,"column":9}},"loc":{"start":{"line":20,"column":47},"end":{"line":31,"column":5}}},"4":{"name":"(anonymous_13)","decl":{"start":{"line":33,"column":4},"end":{"line":33,"column":9}},"loc":{"start":{"line":33,"column":64},"end":{"line":44,"column":5}}},"5":{"name":"(anonymous_14)","decl":{"start":{"line":46,"column":4},"end":{"line":46,"column":9}},"loc":{"start":{"line":46,"column":37},"end":{"line":48,"column":5}}},"6":{"name":"(anonymous_15)","decl":{"start":{"line":50,"column":12},"end":{"line":50,"column":31}},"loc":{"start":{"line":50,"column":46},"end":{"line":58,"column":5}}},"7":{"name":"(anonymous_16)","decl":{"start":{"line":60,"column":12},"end":{"line":60,"column":17}},"loc":{"start":{"line":60,"column":38},"end":{"line":78,"column":5}}},"8":{"name":"(anonymous_17)","decl":{"start":{"line":69,"column":40},"end":{"line":69,"column":41}},"loc":{"start":{"line":69,"column":54},"end":{"line":69,"column":82}}},"9":{"name":"(anonymous_18)","decl":{"start":{"line":80,"column":12},"end":{"line":80,"column":23}},"loc":{"start":{"line":80,"column":56},"end":{"line":87,"column":5}}},"10":{"name":"(anonymous_19)","decl":{"start":{"line":84,"column":41},"end":{"line":84,"column":42}},"loc":{"start":{"line":84,"column":55},"end":{"line":86,"column":10}}}},"branchMap":{"0":{"loc":{"start":{"line":51,"column":8},"end":{"line":53,"column":9}},"type":"if","locations":[{"start":{"line":51,"column":8},"end":{"line":53,"column":9}}]},"1":{"loc":{"start":{"line":54,"column":8},"end":{"line":56,"column":9}},"type":"if","locations":[{"start":{"line":54,"column":8},"end":{"line":56,"column":9}}]},"2":{"loc":{"start":{"line":61,"column":8},"end":{"line":66,"column":9}},"type":"if","locations":[{"start":{"line":61,"column":8},"end":{"line":66,"column":9}}]},"3":{"loc":{"start":{"line":63,"column":12},"end":{"line":65,"column":13}},"type":"if","locations":[{"start":{"line":63,"column":12},"end":{"line":65,"column":13}}]},"4":{"loc":{"start":{"line":70,"column":8},"end":{"line":72,"column":9}},"type":"if","locations":[{"start":{"line":70,"column":8},"end":{"line":72,"column":9}}]},"5":{"loc":{"start":{"line":73,"column":8},"end":{"line":75,"column":9}},"type":"if","locations":[{"start":{"line":73,"column":8},"end":{"line":75,"column":9}}]},"6":{"loc":{"start":{"line":81,"column":8},"end":{"line":83,"column":9}},"type":"if","locations":[{"start":{"line":81,"column":8},"end":{"line":83,"column":9}}]},"7":{"loc":{"start":{"line":81,"column":12},"end":{"line":81,"column":72}},"type":"binary-expr","locations":[{"start":{"line":81,"column":12},"end":{"line":81,"column":34}},{"start":{"line":81,"column":38},"end":{"line":81,"column":72}}]}},"s":{"0":0,"1":0,"2":0,"3":0,"4":0,"5":0,"6":0,"7":0,"8":0,"9":0,"10":0,"11":0,"12":0,"13":0,"14":0,"15":0,"16":0,"17":0,"18":0,"19":0,"20":0,"21":0,"22":0,"23":0,"24":0,"25":0,"26":0,"27":0,"28":0,"29":0,"30":0,"31":0,"32":0,"33":0,"34":0,"35":0},"f":{"0":0,"1":0,"2":0,"3":0,"4":0,"5":0,"6":0,"7":0,"8":0,"9":0,"10":0},"b":{"0":[0],"1":[0],"2":[0],"3":[0],"4":[0],"5":[0],"6":[0],"7":[0,0]}}
,"/Users/matusalenalves/Documents/Workspace/React/PDM/vitta/src/infra/env/publicEnv.ts": {"path":"/Users/matusalenalves/Documents/Workspace/React/PDM/vitta/src/infra/env/publicEnv.ts","statementMap":{"0":{"start":{"line":10,"column":0},"end":{"line":10,"column":16}},"1":{"start":{"line":1,"column":0},"end":{"line":1,"column":39}},"2":{"start":{"line":6,"column":22},"end":{"line":6,"column":85}},"3":{"start":{"line":7,"column":4},"end":{"line":7,"column":33}},"4":{"start":{"line":11,"column":4},"end":{"line":11,"column":50}}},"fnMap":{"0":{"name":"getExtraEnv","decl":{"start":{"line":5,"column":9},"end":{"line":5,"column":20}},"loc":{"start":{"line":5,"column":20},"end":{"line":8,"column":1}}},"1":{"name":"getPublicEnv","decl":{"start":{"line":10,"column":16},"end":{"line":10,"column":28}},"loc":{"start":{"line":10,"column":40},"end":{"line":12,"column":1}}}},"branchMap":{"0":{"loc":{"start":{"line":6,"column":22},"end":{"line":6,"column":85}},"type":"binary-expr","locations":[{"start":{"line":6,"column":22},"end":{"line":6,"column":49}},{"start":{"line":6,"column":53},"end":{"line":6,"column":79}},{"start":{"line":6,"column":83},"end":{"line":6,"column":85}}]},"1":{"loc":{"start":{"line":11,"column":11},"end":{"line":11,"column":49}},"type":"binary-expr","locations":[{"start":{"line":11,"column":11},"end":{"line":11,"column":27}},{"start":{"line":11,"column":31},"end":{"line":11,"column":49}}]}},"s":{"0":1,"1":1,"2":4,"3":4,"4":4},"f":{"0":4,"1":4},"b":{"0":[4,0,0],"1":[4,4]}}
,"/Users/matusalenalves/Documents/Workspace/React/PDM/vitta/src/infra/firebase/repository/firebaseAppointmentRepository.ts": {"path":"/Users/matusalenalves/Documents/Workspace/React/PDM/vitta/src/infra/firebase/repository/firebaseAppointmentRepository.ts","statementMap":{"0":{"start":{"line":3,"column":0},"end":{"line":3,"column":61}},"1":{"start":{"line":4,"column":0},"end":{"line":4,"column":42}},"2":{"start":{"line":5,"column":0},"end":{"line":5,"column":null}},"3":{"start":{"line":21,"column":38},"end":{"line":21,"column":52}},"4":{"start":{"line":24,"column":8},"end":{"line":36,"column":10}},"5":{"start":{"line":40,"column":46},"end":{"line":49,"column":10}},"6":{"start":{"line":51,"column":8},"end":{"line":53,"column":9}},"7":{"start":{"line":52,"column":12},"end":{"line":52,"column":77}},"8":{"start":{"line":54,"column":8},"end":{"line":56,"column":9}},"9":{"start":{"line":55,"column":12},"end":{"line":55,"column":87}},"10":{"start":{"line":58,"column":8},"end":{"line":58,"column":20}},"11":{"start":{"line":62,"column":8},"end":{"line":68,"column":9}},"12":{"start":{"line":63,"column":23},"end":{"line":63,"column":38}},"13":{"start":{"line":64,"column":27},"end":{"line":64,"column":71}},"14":{"start":{"line":65,"column":12},"end":{"line":65,"column":64}},"15":{"start":{"line":67,"column":12},"end":{"line":67,"column":81}},"16":{"start":{"line":72,"column":8},"end":{"line":84,"column":9}},"17":{"start":{"line":73,"column":23},"end":{"line":73,"column":38}},"18":{"start":{"line":74,"column":27},"end":{"line":74,"column":59}},"19":{"start":{"line":75,"column":28},"end":{"line":75,"column":48}},"20":{"start":{"line":77,"column":12},"end":{"line":79,"column":13}},"21":{"start":{"line":78,"column":16},"end":{"line":78,"column":28}},"22":{"start":{"line":81,"column":12},"end":{"line":81,"column":66}},"23":{"start":{"line":83,"column":12},"end":{"line":83,"column":82}},"24":{"start":{"line":88,"column":8},"end":{"line":102,"column":9}},"25":{"start":{"line":89,"column":23},"end":{"line":89,"column":38}},"26":{"start":{"line":90,"column":34},"end":{"line":90,"column":69}},"27":{"start":{"line":91,"column":22},"end":{"line":95,"column":null}},"28":{"start":{"line":98,"column":29},"end":{"line":98,"column":45}},"29":{"start":{"line":99,"column":12},"end":{"line":99,"column":84}},"30":{"start":{"line":99,"column":44},"end":{"line":99,"column":82}},"31":{"start":{"line":101,"column":12},"end":{"line":101,"column":82}},"32":{"start":{"line":106,"column":8},"end":{"line":123,"column":9}},"33":{"start":{"line":107,"column":23},"end":{"line":107,"column":38}},"34":{"start":{"line":108,"column":34},"end":{"line":108,"column":69}},"35":{"start":{"line":109,"column":51},"end":{"line":112,"column":14}},"36":{"start":{"line":114,"column":12},"end":{"line":116,"column":13}},"37":{"start":{"line":115,"column":16},"end":{"line":115,"column":83}},"38":{"start":{"line":118,"column":22},"end":{"line":118,"column":58}},"39":{"start":{"line":119,"column":29},"end":{"line":119,"column":45}},"40":{"start":{"line":120,"column":12},"end":{"line":120,"column":84}},"41":{"start":{"line":120,"column":44},"end":{"line":120,"column":82}},"42":{"start":{"line":122,"column":12},"end":{"line":122,"column":79}},"43":{"start":{"line":127,"column":8},"end":{"line":145,"column":9}},"44":{"start":{"line":128,"column":23},"end":{"line":128,"column":38}},"45":{"start":{"line":129,"column":34},"end":{"line":129,"column":69}},"46":{"start":{"line":130,"column":51},"end":{"line":134,"column":14}},"47":{"start":{"line":136,"column":12},"end":{"line":138,"column":13}},"48":{"start":{"line":137,"column":16},"end":{"line":137,"column":83}},"49":{"start":{"line":140,"column":22},"end":{"line":140,"column":58}},"50":{"start":{"line":141,"column":29},"end":{"line":141,"column":45}},"51":{"start":{"line":142,"column":12},"end":{"line":142,"column":84}},"52":{"start":{"line":142,"column":44},"end":{"line":142,"column":82}},"53":{"start":{"line":144,"column":12},"end":{"line":144,"column":81}},"54":{"start":{"line":153,"column":8},"end":{"line":170,"column":9}},"55":{"start":{"line":154,"column":23},"end":{"line":154,"column":38}},"56":{"start":{"line":155,"column":34},"end":{"line":155,"column":69}},"57":{"start":{"line":156,"column":22},"end":{"line":163,"column":null}},"58":{"start":{"line":166,"column":29},"end":{"line":166,"column":45}},"59":{"start":{"line":167,"column":12},"end":{"line":167,"column":84}},"60":{"start":{"line":167,"column":44},"end":{"line":167,"column":82}},"61":{"start":{"line":169,"column":12},"end":{"line":169,"column":90}},"62":{"start":{"line":178,"column":8},"end":{"line":195,"column":9}},"63":{"start":{"line":179,"column":23},"end":{"line":179,"column":38}},"64":{"start":{"line":180,"column":34},"end":{"line":180,"column":69}},"65":{"start":{"line":181,"column":22},"end":{"line":188,"column":null}},"66":{"start":{"line":191,"column":29},"end":{"line":191,"column":45}},"67":{"start":{"line":192,"column":12},"end":{"line":192,"column":84}},"68":{"start":{"line":192,"column":44},"end":{"line":192,"column":82}},"69":{"start":{"line":194,"column":12},"end":{"line":194,"column":76}},"70":{"start":{"line":199,"column":8},"end":{"line":208,"column":9}},"71":{"start":{"line":200,"column":23},"end":{"line":200,"column":38}},"72":{"start":{"line":201,"column":27},"end":{"line":201,"column":59}},"73":{"start":{"line":202,"column":12},"end":{"line":205,"column":15}},"74":{"start":{"line":207,"column":12},"end":{"line":207,"column":82}},"75":{"start":{"line":218,"column":8},"end":{"line":237,"column":9}},"76":{"start":{"line":219,"column":23},"end":{"line":219,"column":38}},"77":{"start":{"line":220,"column":27},"end":{"line":220,"column":59}},"78":{"start":{"line":221,"column":53},"end":{"line":221,"column":55}},"79":{"start":{"line":223,"column":12},"end":{"line":225,"column":13}},"80":{"start":{"line":224,"column":16},"end":{"line":224,"column":85}},"81":{"start":{"line":226,"column":12},"end":{"line":228,"column":13}},"82":{"start":{"line":227,"column":16},"end":{"line":227,"column":95}},"83":{"start":{"line":230,"column":12},"end":{"line":232,"column":13}},"84":{"start":{"line":231,"column":16},"end":{"line":231,"column":23}},"85":{"start":{"line":234,"column":12},"end":{"line":234,"column":45}},"86":{"start":{"line":236,"column":12},"end":{"line":236,"column":81}},"87":{"start":{"line":245,"column":19},"end":{"line":245,"column":34}},"88":{"start":{"line":246,"column":30},"end":{"line":246,"column":65}},"89":{"start":{"line":247,"column":18},"end":{"line":251,"column":null}},"90":{"start":{"line":254,"column":28},"end":{"line":264,"column":null}},"91":{"start":{"line":257,"column":37},"end":{"line":258,"column":null}},"92":{"start":{"line":258,"column":20},"end":{"line":258,"column":58}},"93":{"start":{"line":260,"column":16},"end":{"line":260,"column":39}},"94":{"start":{"line":263,"column":16},"end":{"line":263,"column":82}},"95":{"start":{"line":267,"column":8},"end":{"line":267,"column":27}},"96":{"start":{"line":274,"column":19},"end":{"line":274,"column":34}},"97":{"start":{"line":275,"column":30},"end":{"line":275,"column":65}},"98":{"start":{"line":276,"column":18},"end":{"line":281,"column":null}},"99":{"start":{"line":284,"column":28},"end":{"line":294,"column":null}},"100":{"start":{"line":287,"column":37},"end":{"line":288,"column":null}},"101":{"start":{"line":288,"column":20},"end":{"line":288,"column":58}},"102":{"start":{"line":290,"column":16},"end":{"line":290,"column":39}},"103":{"start":{"line":293,"column":16},"end":{"line":293,"column":80}},"104":{"start":{"line":297,"column":8},"end":{"line":297,"column":27}},"105":{"start":{"line":304,"column":19},"end":{"line":304,"column":34}},"106":{"start":{"line":305,"column":30},"end":{"line":305,"column":65}},"107":{"start":{"line":306,"column":18},"end":{"line":310,"column":null}},"108":{"start":{"line":313,"column":28},"end":{"line":323,"column":null}},"109":{"start":{"line":316,"column":37},"end":{"line":317,"column":null}},"110":{"start":{"line":317,"column":20},"end":{"line":317,"column":58}},"111":{"start":{"line":319,"column":16},"end":{"line":319,"column":39}},"112":{"start":{"line":322,"column":16},"end":{"line":322,"column":81}},"113":{"start":{"line":326,"column":8},"end":{"line":326,"column":27}},"114":{"start":{"line":20,"column":0},"end":{"line":20,"column":21}}},"fnMap":{"0":{"name":"(anonymous_1)","decl":{"start":{"line":23,"column":12},"end":{"line":23,"column":25}},"loc":{"start":{"line":23,"column":67},"end":{"line":37,"column":5}}},"1":{"name":"(anonymous_2)","decl":{"start":{"line":39,"column":12},"end":{"line":39,"column":23}},"loc":{"start":{"line":39,"column":48},"end":{"line":59,"column":5}}},"2":{"name":"(anonymous_3)","decl":{"start":{"line":61,"column":4},"end":{"line":61,"column":9}},"loc":{"start":{"line":61,"column":41},"end":{"line":69,"column":5}}},"3":{"name":"(anonymous_4)","decl":{"start":{"line":71,"column":4},"end":{"line":71,"column":9}},"loc":{"start":{"line":71,"column":28},"end":{"line":85,"column":5}}},"4":{"name":"(anonymous_5)","decl":{"start":{"line":87,"column":4},"end":{"line":87,"column":9}},"loc":{"start":{"line":87,"column":41},"end":{"line":103,"column":5}}},"5":{"name":"(anonymous_6)","decl":{"start":{"line":99,"column":37},"end":{"line":99,"column":40}},"loc":{"start":{"line":99,"column":44},"end":{"line":99,"column":82}}},"6":{"name":"(anonymous_7)","decl":{"start":{"line":105,"column":4},"end":{"line":105,"column":9}},"loc":{"start":{"line":105,"column":58},"end":{"line":124,"column":5}}},"7":{"name":"(anonymous_8)","decl":{"start":{"line":120,"column":37},"end":{"line":120,"column":40}},"loc":{"start":{"line":120,"column":44},"end":{"line":120,"column":82}}},"8":{"name":"(anonymous_9)","decl":{"start":{"line":126,"column":4},"end":{"line":126,"column":9}},"loc":{"start":{"line":126,"column":73},"end":{"line":146,"column":5}}},"9":{"name":"(anonymous_10)","decl":{"start":{"line":142,"column":37},"end":{"line":142,"column":40}},"loc":{"start":{"line":142,"column":44},"end":{"line":142,"column":82}}},"10":{"name":"(anonymous_11)","decl":{"start":{"line":148,"column":4},"end":{"line":148,"column":9}},"loc":{"start":{"line":151,"column":30},"end":{"line":171,"column":5}}},"11":{"name":"(anonymous_12)","decl":{"start":{"line":167,"column":37},"end":{"line":167,"column":40}},"loc":{"start":{"line":167,"column":44},"end":{"line":167,"column":82}}},"12":{"name":"(anonymous_13)","decl":{"start":{"line":173,"column":4},"end":{"line":173,"column":9}},"loc":{"start":{"line":176,"column":30},"end":{"line":196,"column":5}}},"13":{"name":"(anonymous_14)","decl":{"start":{"line":192,"column":37},"end":{"line":192,"column":40}},"loc":{"start":{"line":192,"column":44},"end":{"line":192,"column":82}}},"14":{"name":"(anonymous_15)","decl":{"start":{"line":198,"column":4},"end":{"line":198,"column":9}},"loc":{"start":{"line":198,"column":60},"end":{"line":209,"column":5}}},"15":{"name":"(anonymous_16)","decl":{"start":{"line":211,"column":4},"end":{"line":211,"column":9}},"loc":{"start":{"line":216,"column":9},"end":{"line":238,"column":5}}},"16":{"name":"(anonymous_17)","decl":{"start":{"line":241,"column":4},"end":{"line":241,"column":31}},"loc":{"start":{"line":243,"column":55},"end":{"line":268,"column":5}}},"17":{"name":"(anonymous_18)","decl":{"start":{"line":256,"column":12},"end":{"line":256,"column":13}},"loc":{"start":{"line":256,"column":25},"end":{"line":261,"column":13}}},"18":{"name":"(anonymous_19)","decl":{"start":{"line":257,"column":55},"end":{"line":257,"column":58}},"loc":{"start":{"line":258,"column":20},"end":{"line":258,"column":58}}},"19":{"name":"(anonymous_20)","decl":{"start":{"line":262,"column":12},"end":{"line":262,"column":13}},"loc":{"start":{"line":262,"column":22},"end":{"line":264,"column":13}}},"20":{"name":"(anonymous_21)","decl":{"start":{"line":270,"column":4},"end":{"line":270,"column":31}},"loc":{"start":{"line":272,"column":55},"end":{"line":298,"column":5}}},"21":{"name":"(anonymous_22)","decl":{"start":{"line":286,"column":12},"end":{"line":286,"column":13}},"loc":{"start":{"line":286,"column":25},"end":{"line":291,"column":13}}},"22":{"name":"(anonymous_23)","decl":{"start":{"line":287,"column":55},"end":{"line":287,"column":58}},"loc":{"start":{"line":288,"column":20},"end":{"line":288,"column":58}}},"23":{"name":"(anonymous_24)","decl":{"start":{"line":292,"column":12},"end":{"line":292,"column":13}},"loc":{"start":{"line":292,"column":22},"end":{"line":294,"column":13}}},"24":{"name":"(anonymous_25)","decl":{"start":{"line":300,"column":4},"end":{"line":300,"column":36}},"loc":{"start":{"line":302,"column":55},"end":{"line":327,"column":5}}},"25":{"name":"(anonymous_26)","decl":{"start":{"line":315,"column":12},"end":{"line":315,"column":13}},"loc":{"start":{"line":315,"column":25},"end":{"line":320,"column":13}}},"26":{"name":"(anonymous_27)","decl":{"start":{"line":316,"column":55},"end":{"line":316,"column":58}},"loc":{"start":{"line":317,"column":20},"end":{"line":317,"column":58}}},"27":{"name":"(anonymous_28)","decl":{"start":{"line":321,"column":12},"end":{"line":321,"column":13}},"loc":{"start":{"line":321,"column":22},"end":{"line":323,"column":13}}}},"branchMap":{"0":{"loc":{"start":{"line":51,"column":8},"end":{"line":53,"column":9}},"type":"if","locations":[{"start":{"line":51,"column":8},"end":{"line":53,"column":9}}]},"1":{"loc":{"start":{"line":54,"column":8},"end":{"line":56,"column":9}},"type":"if","locations":[{"start":{"line":54,"column":8},"end":{"line":56,"column":9}}]},"2":{"loc":{"start":{"line":77,"column":12},"end":{"line":79,"column":13}},"type":"if","locations":[{"start":{"line":77,"column":12},"end":{"line":79,"column":13}}]},"3":{"loc":{"start":{"line":114,"column":12},"end":{"line":116,"column":13}},"type":"if","locations":[{"start":{"line":114,"column":12},"end":{"line":116,"column":13}}]},"4":{"loc":{"start":{"line":136,"column":12},"end":{"line":138,"column":13}},"type":"if","locations":[{"start":{"line":136,"column":12},"end":{"line":138,"column":13}}]},"5":{"loc":{"start":{"line":223,"column":12},"end":{"line":225,"column":13}},"type":"if","locations":[{"start":{"line":223,"column":12},"end":{"line":225,"column":13}}]},"6":{"loc":{"start":{"line":224,"column":49},"end":{"line":224,"column":84}},"type":"binary-expr","locations":[{"start":{"line":224,"column":49},"end":{"line":224,"column":76}},{"start":{"line":224,"column":80},"end":{"line":224,"column":84}}]},"7":{"loc":{"start":{"line":226,"column":12},"end":{"line":228,"column":13}},"type":"if","locations":[{"start":{"line":226,"column":12},"end":{"line":228,"column":13}}]},"8":{"loc":{"start":{"line":227,"column":54},"end":{"line":227,"column":94}},"type":"binary-expr","locations":[{"start":{"line":227,"column":54},"end":{"line":227,"column":86}},{"start":{"line":227,"column":90},"end":{"line":227,"column":94}}]},"9":{"loc":{"start":{"line":230,"column":12},"end":{"line":232,"column":13}},"type":"if","locations":[{"start":{"line":230,"column":12},"end":{"line":232,"column":13}}]}},"s":{"0":1,"1":1,"2":1,"3":21,"4":7,"5":3,"6":3,"7":0,"8":3,"9":0,"10":3,"11":3,"12":3,"13":3,"14":3,"15":2,"16":4,"17":4,"18":4,"19":4,"20":2,"21":1,"22":1,"23":2,"24":3,"25":3,"26":3,"27":3,"28":3,"29":1,"30":1,"31":2,"32":4,"33":4,"34":4,"35":4,"36":4,"37":1,"38":4,"39":4,"40":2,"41":1,"42":2,"43":4,"44":4,"45":4,"46":4,"47":4,"48":1,"49":4,"50":4,"51":2,"52":1,"53":2,"54":3,"55":3,"56":3,"57":3,"58":3,"59":1,"60":1,"61":2,"62":0,"63":0,"64":0,"65":0,"66":0,"67":0,"68":0,"69":0,"70":3,"71":3,"72":3,"73":3,"74":2,"75":0,"76":0,"77":0,"78":0,"79":0,"80":0,"81":0,"82":0,"83":0,"84":0,"85":0,"86":0,"87":2,"88":2,"89":2,"90":2,"91":1,"92":1,"93":1,"94":1,"95":2,"96":2,"97":2,"98":2,"99":2,"100":2,"101":1,"102":2,"103":0,"104":2,"105":0,"106":0,"107":0,"108":0,"109":0,"110":0,"111":0,"112":0,"113":0,"114":1},"f":{"0":7,"1":3,"2":3,"3":4,"4":3,"5":1,"6":4,"7":1,"8":4,"9":1,"10":3,"11":1,"12":0,"13":0,"14":3,"15":0,"16":2,"17":1,"18":1,"19":1,"20":2,"21":2,"22":1,"23":0,"24":0,"25":0,"26":0,"27":0},"b":{"0":[0],"1":[0],"2":[1],"3":[1],"4":[1],"5":[0],"6":[0,0],"7":[0],"8":[0,0],"9":[0]}}
,"/Users/matusalenalves/Documents/Workspace/React/PDM/vitta/src/infra/firebase/repository/firebaseUserRepository.ts": {"path":"/Users/matusalenalves/Documents/Workspace/React/PDM/vitta/src/infra/firebase/repository/firebaseUserRepository.ts","statementMap":{"0":{"start":{"line":3,"column":0},"end":{"line":3,"column":61}},"1":{"start":{"line":4,"column":0},"end":{"line":4,"column":42}},"2":{"start":{"line":5,"column":0},"end":{"line":5,"column":139}},"3":{"start":{"line":8,"column":38},"end":{"line":8,"column":45}},"4":{"start":{"line":11,"column":8},"end":{"line":22,"column":9}},"5":{"start":{"line":12,"column":23},"end":{"line":12,"column":38}},"6":{"start":{"line":13,"column":28},"end":{"line":13,"column":65}},"7":{"start":{"line":14,"column":12},"end":{"line":19,"column":15}},"8":{"start":{"line":21,"column":12},"end":{"line":21,"column":77}},"9":{"start":{"line":26,"column":8},"end":{"line":45,"column":9}},"10":{"start":{"line":27,"column":23},"end":{"line":27,"column":38}},"11":{"start":{"line":28,"column":28},"end":{"line":28,"column":61}},"12":{"start":{"line":29,"column":29},"end":{"line":29,"column":50}},"13":{"start":{"line":31,"column":12},"end":{"line":33,"column":13}},"14":{"start":{"line":32,"column":16},"end":{"line":32,"column":28}},"15":{"start":{"line":35,"column":25},"end":{"line":35,"column":40}},"16":{"start":{"line":36,"column":12},"end":{"line":42,"column":14}},"17":{"start":{"line":44,"column":12},"end":{"line":44,"column":78}},"18":{"start":{"line":49,"column":8},"end":{"line":68,"column":9}},"19":{"start":{"line":50,"column":23},"end":{"line":50,"column":38}},"20":{"start":{"line":51,"column":34},"end":{"line":51,"column":69}},"21":{"start":{"line":52,"column":22},"end":{"line":52,"column":69}},"22":{"start":{"line":53,"column":29},"end":{"line":53,"column":45}},"23":{"start":{"line":55,"column":12},"end":{"line":64,"column":15}},"24":{"start":{"line":56,"column":29},"end":{"line":56,"column":39}},"25":{"start":{"line":57,"column":16},"end":{"line":63,"column":18}},"26":{"start":{"line":66,"column":12},"end":{"line":66,"column":53}},"27":{"start":{"line":67,"column":12},"end":{"line":67,"column":88}},"28":{"start":{"line":72,"column":8},"end":{"line":80,"column":9}},"29":{"start":{"line":73,"column":23},"end":{"line":73,"column":38}},"30":{"start":{"line":74,"column":28},"end":{"line":74,"column":64}},"31":{"start":{"line":75,"column":12},"end":{"line":77,"column":15}},"32":{"start":{"line":79,"column":12},"end":{"line":79,"column":78}},"33":{"start":{"line":84,"column":8},"end":{"line":92,"column":9}},"34":{"start":{"line":85,"column":23},"end":{"line":85,"column":38}},"35":{"start":{"line":86,"column":28},"end":{"line":86,"column":64}},"36":{"start":{"line":87,"column":12},"end":{"line":89,"column":15}},"37":{"start":{"line":91,"column":12},"end":{"line":91,"column":79}},"38":{"start":{"line":96,"column":8},"end":{"line":110,"column":9}},"39":{"start":{"line":97,"column":23},"end":{"line":97,"column":38}},"40":{"start":{"line":98,"column":28},"end":{"line":98,"column":64}},"41":{"start":{"line":99,"column":29},"end":{"line":99,"column":50}},"42":{"start":{"line":100,"column":12},"end":{"line":102,"column":13}},"43":{"start":{"line":101,"column":16},"end":{"line":101,"column":26}},"44":{"start":{"line":103,"column":25},"end":{"line":103,"column":40}},"45":{"start":{"line":104,"column":12},"end":{"line":106,"column":13}},"46":{"start":{"line":105,"column":16},"end":{"line":105,"column":26}},"47":{"start":{"line":107,"column":12},"end":{"line":107,"column":89}},"48":{"start":{"line":107,"column":62},"end":{"line":107,"column":87}},"49":{"start":{"line":109,"column":12},"end":{"line":109,"column":79}},"50":{"start":{"line":7,"column":0},"end":{"line":7,"column":21}}},"fnMap":{"0":{"name":"(anonymous_1)","decl":{"start":{"line":10,"column":4},"end":{"line":10,"column":9}},"loc":{"start":{"line":10,"column":31},"end":{"line":23,"column":5}}},"1":{"name":"(anonymous_2)","decl":{"start":{"line":25,"column":4},"end":{"line":25,"column":9}},"loc":{"start":{"line":25,"column":33},"end":{"line":46,"column":5}}},"2":{"name":"(anonymous_3)","decl":{"start":{"line":48,"column":4},"end":{"line":48,"column":9}},"loc":{"start":{"line":48,"column":52},"end":{"line":69,"column":5}}},"3":{"name":"(anonymous_4)","decl":{"start":{"line":55,"column":37},"end":{"line":55,"column":40}},"loc":{"start":{"line":55,"column":43},"end":{"line":64,"column":13}}},"4":{"name":"(anonymous_5)","decl":{"start":{"line":71,"column":4},"end":{"line":71,"column":9}},"loc":{"start":{"line":71,"column":52},"end":{"line":81,"column":5}}},"5":{"name":"(anonymous_6)","decl":{"start":{"line":83,"column":4},"end":{"line":83,"column":9}},"loc":{"start":{"line":83,"column":55},"end":{"line":93,"column":5}}},"6":{"name":"(anonymous_7)","decl":{"start":{"line":95,"column":4},"end":{"line":95,"column":9}},"loc":{"start":{"line":95,"column":38},"end":{"line":111,"column":5}}},"7":{"name":"(anonymous_8)","decl":{"start":{"line":107,"column":42},"end":{"line":107,"column":43}},"loc":{"start":{"line":107,"column":62},"end":{"line":107,"column":87}}}},"branchMap":{"0":{"loc":{"start":{"line":31,"column":12},"end":{"line":33,"column":13}},"type":"if","locations":[{"start":{"line":31,"column":12},"end":{"line":33,"column":13}}]},"1":{"loc":{"start":{"line":62,"column":31},"end":{"line":62,"column":69}},"type":"binary-expr","locations":[{"start":{"line":62,"column":31},"end":{"line":62,"column":55}},{"start":{"line":62,"column":59},"end":{"line":62,"column":69}}]},"2":{"loc":{"start":{"line":100,"column":12},"end":{"line":102,"column":13}},"type":"if","locations":[{"start":{"line":100,"column":12},"end":{"line":102,"column":13}}]},"3":{"loc":{"start":{"line":104,"column":12},"end":{"line":106,"column":13}},"type":"if","locations":[{"start":{"line":104,"column":12},"end":{"line":106,"column":13}}]}},"s":{"0":1,"1":1,"2":1,"3":17,"4":3,"5":3,"6":3,"7":3,"8":2,"9":4,"10":4,"11":4,"12":4,"13":2,"14":1,"15":1,"16":1,"17":2,"18":5,"19":5,"20":5,"21":5,"22":5,"23":3,"24":3,"25":3,"26":2,"27":2,"28":3,"29":3,"30":3,"31":3,"32":2,"33":3,"34":3,"35":3,"36":3,"37":2,"38":5,"39":5,"40":5,"41":5,"42":3,"43":1,"44":2,"45":2,"46":1,"47":1,"48":2,"49":2,"50":1},"f":{"0":3,"1":4,"2":5,"3":3,"4":3,"5":3,"6":5,"7":2},"b":{"0":[1],"1":[3,1],"2":[1],"3":[1]}}
,"/Users/matusalenalves/Documents/Workspace/React/PDM/vitta/src/infra/firebase/service/firebaseAuthService.ts": {"path":"/Users/matusalenalves/Documents/Workspace/React/PDM/vitta/src/infra/firebase/service/firebaseAuthService.ts","statementMap":{"0":{"start":{"line":2,"column":0},"end":{"line":2,"column":49}},"1":{"start":{"line":4,"column":0},"end":{"line":4,"column":null}},"2":{"start":{"line":12,"column":0},"end":{"line":12,"column":58}},"3":{"start":{"line":16,"column":8},"end":{"line":29,"column":9}},"4":{"start":{"line":17,"column":25},"end":{"line":17,"column":42}},"5":{"start":{"line":18,"column":35},"end":{"line":18,"column":90}},"6":{"start":{"line":19,"column":12},"end":{"line":22,"column":null}},"7":{"start":{"line":24,"column":26},"end":{"line":24,"column":56}},"8":{"start":{"line":25,"column":12},"end":{"line":27,"column":13}},"9":{"start":{"line":26,"column":16},"end":{"line":26,"column":61}},"10":{"start":{"line":28,"column":12},"end":{"line":28,"column":58}},"11":{"start":{"line":33,"column":8},"end":{"line":42,"column":9}},"12":{"start":{"line":34,"column":25},"end":{"line":34,"column":42}},"13":{"start":{"line":35,"column":35},"end":{"line":35,"column":94}},"14":{"start":{"line":36,"column":12},"end":{"line":39,"column":null}},"15":{"start":{"line":41,"column":12},"end":{"line":41,"column":57}},"16":{"start":{"line":46,"column":8},"end":{"line":50,"column":9}},"17":{"start":{"line":47,"column":12},"end":{"line":47,"column":45}},"18":{"start":{"line":49,"column":12},"end":{"line":49,"column":66}},"19":{"start":{"line":54,"column":8},"end":{"line":58,"column":9}},"20":{"start":{"line":55,"column":12},"end":{"line":55,"column":67}},"21":{"start":{"line":57,"column":12},"end":{"line":57,"column":83}},"22":{"start":{"line":62,"column":8},"end":{"line":71,"column":11}},"23":{"start":{"line":63,"column":12},"end":{"line":70,"column":13}},"24":{"start":{"line":64,"column":16},"end":{"line":67,"column":19}},"25":{"start":{"line":69,"column":16},"end":{"line":69,"column":31}},"26":{"start":{"line":14,"column":0},"end":{"line":14,"column":21}}},"fnMap":{"0":{"name":"(anonymous_1)","decl":{"start":{"line":15,"column":4},"end":{"line":15,"column":9}},"loc":{"start":{"line":15,"column":47},"end":{"line":30,"column":5}}},"1":{"name":"(anonymous_2)","decl":{"start":{"line":32,"column":4},"end":{"line":32,"column":9}},"loc":{"start":{"line":32,"column":48},"end":{"line":43,"column":5}}},"2":{"name":"(anonymous_3)","decl":{"start":{"line":45,"column":4},"end":{"line":45,"column":9}},"loc":{"start":{"line":45,"column":16},"end":{"line":51,"column":5}}},"3":{"name":"(anonymous_4)","decl":{"start":{"line":53,"column":4},"end":{"line":53,"column":9}},"loc":{"start":{"line":53,"column":37},"end":{"line":59,"column":5}}},"4":{"name":"(anonymous_5)","decl":{"start":{"line":61,"column":4},"end":{"line":61,"column":22}},"loc":{"start":{"line":61,"column":69},"end":{"line":72,"column":5}}},"5":{"name":"(anonymous_6)","decl":{"start":{"line":62,"column":53},"end":{"line":62,"column":54}},"loc":{"start":{"line":62,"column":91},"end":{"line":71,"column":9}}}},"branchMap":{"0":{"loc":{"start":{"line":21,"column":23},"end":{"line":21,"column":54}},"type":"binary-expr","locations":[{"start":{"line":21,"column":23},"end":{"line":21,"column":48}},{"start":{"line":21,"column":52},"end":{"line":21,"column":54}}]},"1":{"loc":{"start":{"line":25,"column":12},"end":{"line":27,"column":13}},"type":"if","locations":[{"start":{"line":25,"column":12},"end":{"line":27,"column":13}}]},"2":{"loc":{"start":{"line":38,"column":23},"end":{"line":38,"column":54}},"type":"binary-expr","locations":[{"start":{"line":38,"column":23},"end":{"line":38,"column":48}},{"start":{"line":38,"column":52},"end":{"line":38,"column":54}}]},"3":{"loc":{"start":{"line":63,"column":12},"end":{"line":70,"column":13}},"type":"if","locations":[{"start":{"line":63,"column":12},"end":{"line":70,"column":13}},{"start":{"line":68,"column":19},"end":{"line":70,"column":13}}]},"4":{"loc":{"start":{"line":66,"column":27},"end":{"line":66,"column":51}},"type":"binary-expr","locations":[{"start":{"line":66,"column":27},"end":{"line":66,"column":45}},{"start":{"line":66,"column":49},"end":{"line":66,"column":51}}]}},"s":{"0":1,"1":1,"2":1,"3":6,"4":6,"5":6,"6":2,"7":4,"8":4,"9":2,"10":2,"11":4,"12":4,"13":4,"14":2,"15":2,"16":3,"17":3,"18":2,"19":0,"20":0,"21":0,"22":3,"23":3,"24":2,"25":1,"26":1},"f":{"0":6,"1":4,"2":3,"3":0,"4":3,"5":3},"b":{"0":[2,1],"1":[2],"2":[2,1],"3":[2,1],"4":[2,1]}}
,"/Users/matusalenalves/Documents/Workspace/React/PDM/vitta/src/infra/notifications/pushNotificationSender.ts": {"path":"/Users/matusalenalves/Documents/Workspace/React/PDM/vitta/src/infra/notifications/pushNotificationSender.ts","statementMap":{"0":{"start":{"line":2,"column":0},"end":{"line":2,"column":53}},"1":{"start":{"line":4,"column":35},"end":{"line":4,"column":62}},"2":{"start":{"line":11,"column":8},"end":{"line":11,"column":75}},"3":{"start":{"line":12,"column":8},"end":{"line":12,"column":80}},"4":{"start":{"line":16,"column":8},"end":{"line":19,"column":9}},"5":{"start":{"line":17,"column":12},"end":{"line":17,"column":80}},"6":{"start":{"line":18,"column":12},"end":{"line":18,"column":19}},"7":{"start":{"line":21,"column":8},"end":{"line":23,"column":9}},"8":{"start":{"line":22,"column":12},"end":{"line":22,"column":19}},"9":{"start":{"line":25,"column":20},"end":{"line":25,"column":66}},"10":{"start":{"line":26,"column":48},"end":{"line":28,"column":10}},"11":{"start":{"line":29,"column":8},"end":{"line":32,"column":9}},"12":{"start":{"line":30,"column":12},"end":{"line":30,"column":61}},"13":{"start":{"line":31,"column":12},"end":{"line":31,"column":42}},"14":{"start":{"line":34,"column":25},"end":{"line":43,"column":10}},"15":{"start":{"line":45,"column":8},"end":{"line":48,"column":9}},"16":{"start":{"line":46,"column":25},"end":{"line":46,"column":46}},"17":{"start":{"line":47,"column":12},"end":{"line":47,"column":67}},"18":{"start":{"line":6,"column":0},"end":{"line":6,"column":21}}},"fnMap":{"0":{"name":"(anonymous_0)","decl":{"start":{"line":10,"column":4},"end":{"line":10,"column":16}},"loc":{"start":{"line":10,"column":50},"end":{"line":13,"column":5}}},"1":{"name":"(anonymous_1)","decl":{"start":{"line":15,"column":4},"end":{"line":15,"column":9}},"loc":{"start":{"line":15,"column":69},"end":{"line":49,"column":5}}}},"branchMap":{"0":{"loc":{"start":{"line":11,"column":23},"end":{"line":11,"column":74}},"type":"binary-expr","locations":[{"start":{"line":11,"column":23},"end":{"line":11,"column":30}},{"start":{"line":11,"column":34},"end":{"line":11,"column":74}}]},"1":{"loc":{"start":{"line":12,"column":23},"end":{"line":12,"column":79}},"type":"binary-expr","locations":[{"start":{"line":12,"column":23},"end":{"line":12,"column":30}},{"start":{"line":12,"column":34},"end":{"line":12,"column":79}}]},"2":{"loc":{"start":{"line":16,"column":8},"end":{"line":19,"column":9}},"type":"if","locations":[{"start":{"line":16,"column":8},"end":{"line":19,"column":9}}]},"3":{"loc":{"start":{"line":21,"column":8},"end":{"line":23,"column":9}},"type":"if","locations":[{"start":{"line":21,"column":8},"end":{"line":23,"column":9}}]},"4":{"loc":{"start":{"line":29,"column":8},"end":{"line":32,"column":9}},"type":"if","locations":[{"start":{"line":29,"column":8},"end":{"line":32,"column":9}}]},"5":{"loc":{"start":{"line":41,"column":22},"end":{"line":41,"column":40}},"type":"binary-expr","locations":[{"start":{"line":41,"column":22},"end":{"line":41,"column":34}},{"start":{"line":41,"column":38},"end":{"line":41,"column":40}}]},"6":{"loc":{"start":{"line":45,"column":8},"end":{"line":48,"column":9}},"type":"if","locations":[{"start":{"line":45,"column":8},"end":{"line":48,"column":9}}]}},"s":{"0":1,"1":1,"2":4,"3":4,"4":4,"5":1,"6":1,"7":3,"8":1,"9":2,"10":2,"11":2,"12":1,"13":1,"14":2,"15":2,"16":1,"17":1,"18":1},"f":{"0":4,"1":4},"b":{"0":[4,1],"1":[4,3],"2":[1],"3":[1],"4":[1],"5":[2,2],"6":[1]}}
,"/Users/matusalenalves/Documents/Workspace/React/PDM/vitta/src/infra/notifications/pushNotificationService.ts": {"path":"/Users/matusalenalves/Documents/Workspace/React/PDM/vitta/src/infra/notifications/pushNotificationService.ts","statementMap":{"0":{"start":{"line":1,"column":0},"end":{"line":1,"column":49}},"1":{"start":{"line":2,"column":0},"end":{"line":2,"column":38}},"2":{"start":{"line":3,"column":0},"end":{"line":3,"column":52}},"3":{"start":{"line":4,"column":0},"end":{"line":4,"column":39}},"4":{"start":{"line":7,"column":27},"end":{"line":7,"column":41}},"5":{"start":{"line":11,"column":25},"end":{"line":11,"column":66}},"6":{"start":{"line":12,"column":8},"end":{"line":21,"column":9}},"7":{"start":{"line":13,"column":30},"end":{"line":13,"column":50}},"8":{"start":{"line":14,"column":12},"end":{"line":16,"column":13}},"9":{"start":{"line":15,"column":16},"end":{"line":15,"column":33}},"10":{"start":{"line":17,"column":12},"end":{"line":19,"column":13}},"11":{"start":{"line":18,"column":16},"end":{"line":18,"column":32}},"12":{"start":{"line":20,"column":12},"end":{"line":20,"column":34}},"13":{"start":{"line":22,"column":8},"end":{"line":22,"column":103}},"14":{"start":{"line":26,"column":25},"end":{"line":32,"column":10}},"15":{"start":{"line":33,"column":8},"end":{"line":42,"column":9}},"16":{"start":{"line":34,"column":30},"end":{"line":34,"column":50}},"17":{"start":{"line":35,"column":12},"end":{"line":37,"column":13}},"18":{"start":{"line":36,"column":16},"end":{"line":36,"column":33}},"19":{"start":{"line":38,"column":12},"end":{"line":40,"column":13}},"20":{"start":{"line":39,"column":16},"end":{"line":39,"column":32}},"21":{"start":{"line":41,"column":12},"end":{"line":41,"column":34}},"22":{"start":{"line":43,"column":8},"end":{"line":43,"column":103}},"23":{"start":{"line":47,"column":8},"end":{"line":49,"column":9}},"24":{"start":{"line":48,"column":12},"end":{"line":48,"column":24}},"25":{"start":{"line":51,"column":12},"end":{"line":51,"column":91}},"26":{"start":{"line":52,"column":22},"end":{"line":54,"column":57}},"27":{"start":{"line":55,"column":8},"end":{"line":55,"column":26}},"28":{"start":{"line":59,"column":8},"end":{"line":61,"column":9}},"29":{"start":{"line":60,"column":12},"end":{"line":60,"column":19}},"30":{"start":{"line":63,"column":8},"end":{"line":66,"column":11}},"31":{"start":{"line":70,"column":8},"end":{"line":70,"column":37}},"32":{"start":{"line":9,"column":0},"end":{"line":9,"column":21}}},"fnMap":{"0":{"name":"(anonymous_10)","decl":{"start":{"line":10,"column":4},"end":{"line":10,"column":9}},"loc":{"start":{"line":10,"column":29},"end":{"line":23,"column":5}}},"1":{"name":"(anonymous_11)","decl":{"start":{"line":25,"column":4},"end":{"line":25,"column":9}},"loc":{"start":{"line":25,"column":28},"end":{"line":44,"column":5}}},"2":{"name":"(anonymous_12)","decl":{"start":{"line":46,"column":4},"end":{"line":46,"column":9}},"loc":{"start":{"line":46,"column":28},"end":{"line":56,"column":5}}},"3":{"name":"(anonymous_13)","decl":{"start":{"line":58,"column":4},"end":{"line":58,"column":9}},"loc":{"start":{"line":58,"column":33},"end":{"line":67,"column":5}}},"4":{"name":"(anonymous_14)","decl":{"start":{"line":69,"column":4},"end":{"line":69,"column":9}},"loc":{"start":{"line":69,"column":22},"end":{"line":71,"column":5}}}},"branchMap":{"0":{"loc":{"start":{"line":12,"column":8},"end":{"line":21,"column":9}},"type":"if","locations":[{"start":{"line":12,"column":8},"end":{"line":21,"column":9}}]},"1":{"loc":{"start":{"line":14,"column":12},"end":{"line":16,"column":13}},"type":"if","locations":[{"start":{"line":14,"column":12},"end":{"line":16,"column":13}}]},"2":{"loc":{"start":{"line":14,"column":16},"end":{"line":14,"column":143}},"type":"binary-expr","locations":[{"start":{"line":14,"column":16},"end":{"line":14,"column":77}},{"start":{"line":14,"column":81},"end":{"line":14,"column":143}}]},"3":{"loc":{"start":{"line":17,"column":12},"end":{"line":19,"column":13}},"type":"if","locations":[{"start":{"line":17,"column":12},"end":{"line":19,"column":13}}]},"4":{"loc":{"start":{"line":22,"column":15},"end":{"line":22,"column":102}},"type":"cond-expr","locations":[{"start":{"line":22,"column":34},"end":{"line":22,"column":43}},{"start":{"line":22,"column":46},"end":{"line":22,"column":102}}]},"5":{"loc":{"start":{"line":22,"column":46},"end":{"line":22,"column":102}},"type":"cond-expr","locations":[{"start":{"line":22,"column":77},"end":{"line":22,"column":85}},{"start":{"line":22,"column":88},"end":{"line":22,"column":102}}]},"6":{"loc":{"start":{"line":33,"column":8},"end":{"line":42,"column":9}},"type":"if","locations":[{"start":{"line":33,"column":8},"end":{"line":42,"column":9}}]},"7":{"loc":{"start":{"line":35,"column":12},"end":{"line":37,"column":13}},"type":"if","locations":[{"start":{"line":35,"column":12},"end":{"line":37,"column":13}}]},"8":{"loc":{"start":{"line":35,"column":16},"end":{"line":35,"column":143}},"type":"binary-expr","locations":[{"start":{"line":35,"column":16},"end":{"line":35,"column":77}},{"start":{"line":35,"column":81},"end":{"line":35,"column":143}}]},"9":{"loc":{"start":{"line":38,"column":12},"end":{"line":40,"column":13}},"type":"if","locations":[{"start":{"line":38,"column":12},"end":{"line":40,"column":13}}]},"10":{"loc":{"start":{"line":43,"column":15},"end":{"line":43,"column":102}},"type":"cond-expr","locations":[{"start":{"line":43,"column":34},"end":{"line":43,"column":43}},{"start":{"line":43,"column":46},"end":{"line":43,"column":102}}]},"11":{"loc":{"start":{"line":43,"column":46},"end":{"line":43,"column":102}},"type":"cond-expr","locations":[{"start":{"line":43,"column":77},"end":{"line":43,"column":85}},{"start":{"line":43,"column":88},"end":{"line":43,"column":102}}]},"12":{"loc":{"start":{"line":47,"column":8},"end":{"line":49,"column":9}},"type":"if","locations":[{"start":{"line":47,"column":8},"end":{"line":49,"column":9}}]},"13":{"loc":{"start":{"line":51,"column":12},"end":{"line":51,"column":91}},"type":"binary-expr","locations":[{"start":{"line":51,"column":12},"end":{"line":51,"column":56}},{"start":{"line":51,"column":60},"end":{"line":51,"column":91}}]},"14":{"loc":{"start":{"line":52,"column":22},"end":{"line":54,"column":57}},"type":"cond-expr","locations":[{"start":{"line":53,"column":14},"end":{"line":53,"column":70}},{"start":{"line":54,"column":14},"end":{"line":54,"column":57}}]},"15":{"loc":{"start":{"line":59,"column":8},"end":{"line":61,"column":9}},"type":"if","locations":[{"start":{"line":59,"column":8},"end":{"line":61,"column":9}}]}},"s":{"0":1,"1":1,"2":1,"3":1,"4":1,"5":2,"6":2,"7":1,"8":1,"9":1,"10":0,"11":0,"12":0,"13":1,"14":1,"15":1,"16":1,"17":1,"18":0,"19":1,"20":1,"21":0,"22":0,"23":2,"24":1,"25":1,"26":1,"27":1,"28":1,"29":0,"30":1,"31":1,"32":1},"f":{"0":2,"1":1,"2":2,"3":1,"4":1},"b":{"0":[1],"1":[1],"2":[1,0],"3":[0],"4":[1,0],"5":[0,0],"6":[1],"7":[0],"8":[1,1],"9":[1],"10":[0,0],"11":[0,0],"12":[1],"13":[1,0],"14":[1,0],"15":[0]}}
,"/Users/matusalenalves/Documents/Workspace/React/PDM/vitta/src/model/errors/authError.ts": {"path":"/Users/matusalenalves/Documents/Workspace/React/PDM/vitta/src/model/errors/authError.ts","statementMap":{"0":{"start":{"line":1,"column":0},"end":{"line":1,"column":21}}},"fnMap":{},"branchMap":{},"s":{"0":12},"f":{},"b":{}}
,"/Users/matusalenalves/Documents/Workspace/React/PDM/vitta/src/model/errors/repositoryError.ts": {"path":"/Users/matusalenalves/Documents/Workspace/React/PDM/vitta/src/model/errors/repositoryError.ts","statementMap":{"0":{"start":{"line":1,"column":0},"end":{"line":1,"column":21}}},"fnMap":{},"branchMap":{},"s":{"0":19},"f":{},"b":{}}
,"/Users/matusalenalves/Documents/Workspace/React/PDM/vitta/src/model/errors/validationError.ts": {"path":"/Users/matusalenalves/Documents/Workspace/React/PDM/vitta/src/model/errors/validationError.ts","statementMap":{"0":{"start":{"line":1,"column":0},"end":{"line":1,"column":21}}},"fnMap":{},"branchMap":{},"s":{"0":30},"f":{},"b":{}}
,"/Users/matusalenalves/Documents/Workspace/React/PDM/vitta/src/model/factories/makeAppointment.ts": {"path":"/Users/matusalenalves/Documents/Workspace/React/PDM/vitta/src/model/factories/makeAppointment.ts","statementMap":{"0":{"start":{"line":16,"column":0},"end":{"line":16,"column":16}},"1":{"start":{"line":2,"column":0},"end":{"line":2,"column":46}},"2":{"start":{"line":17,"column":16},"end":{"line":17,"column":26}},"3":{"start":{"line":19,"column":4},"end":{"line":31,"column":6}}},"fnMap":{"0":{"name":"makeAppointment","decl":{"start":{"line":16,"column":16},"end":{"line":16,"column":31}},"loc":{"start":{"line":16,"column":61},"end":{"line":32,"column":1}}}},"branchMap":{"0":{"loc":{"start":{"line":20,"column":12},"end":{"line":20,"column":42}},"type":"binary-expr","locations":[{"start":{"line":20,"column":12},"end":{"line":20,"column":20}},{"start":{"line":20,"column":24},"end":{"line":20,"column":42}}]},"1":{"loc":{"start":{"line":26,"column":16},"end":{"line":26,"column":41}},"type":"binary-expr","locations":[{"start":{"line":26,"column":16},"end":{"line":26,"column":28}},{"start":{"line":26,"column":32},"end":{"line":26,"column":41}}]}},"s":{"0":7,"1":7,"2":50,"3":50},"f":{"0":50},"b":{"0":[50,36],"1":[50,32]}}
,"/Users/matusalenalves/Documents/Workspace/React/PDM/vitta/src/model/factories/makeTimeSlot.ts": {"path":"/Users/matusalenalves/Documents/Workspace/React/PDM/vitta/src/model/factories/makeTimeSlot.ts","statementMap":{"0":{"start":{"line":10,"column":0},"end":{"line":10,"column":16}},"1":{"start":{"line":11,"column":4},"end":{"line":16,"column":6}}},"fnMap":{"0":{"name":"makeTimeSlot","decl":{"start":{"line":10,"column":16},"end":{"line":10,"column":28}},"loc":{"start":{"line":10,"column":55},"end":{"line":17,"column":1}}}},"branchMap":{"0":{"loc":{"start":{"line":15,"column":19},"end":{"line":15,"column":42}},"type":"binary-expr","locations":[{"start":{"line":15,"column":19},"end":{"line":15,"column":34}},{"start":{"line":15,"column":38},"end":{"line":15,"column":42}}]}},"s":{"0":3,"1":148},"f":{"0":148},"b":{"0":[148,3]}}
,"/Users/matusalenalves/Documents/Workspace/React/PDM/vitta/src/model/factories/makeUser.ts": {"path":"/Users/matusalenalves/Documents/Workspace/React/PDM/vitta/src/model/factories/makeUser.ts","statementMap":{"0":{"start":{"line":11,"column":0},"end":{"line":11,"column":16}},"1":{"start":{"line":2,"column":0},"end":{"line":2,"column":45}},"2":{"start":{"line":12,"column":4},"end":{"line":18,"column":6}}},"fnMap":{"0":{"name":"makeUser","decl":{"start":{"line":11,"column":16},"end":{"line":11,"column":24}},"loc":{"start":{"line":11,"column":46},"end":{"line":19,"column":1}}}},"branchMap":{"0":{"loc":{"start":{"line":13,"column":12},"end":{"line":13,"column":41}},"type":"binary-expr","locations":[{"start":{"line":13,"column":12},"end":{"line":13,"column":19}},{"start":{"line":13,"column":23},"end":{"line":13,"column":41}}]}},"s":{"0":3,"1":3,"2":11},"f":{"0":11},"b":{"0":[11,1]}}
,"/Users/matusalenalves/Documents/Workspace/React/PDM/vitta/src/model/utils/idUtils.ts": {"path":"/Users/matusalenalves/Documents/Workspace/React/PDM/vitta/src/model/utils/idUtils.ts","statementMap":{"0":{"start":{"line":1,"column":0},"end":{"line":1,"column":16}},"1":{"start":{"line":2,"column":4},"end":{"line":4,"column":5}},"2":{"start":{"line":3,"column":8},"end":{"line":3,"column":46}},"3":{"start":{"line":5,"column":4},"end":{"line":5,"column":76}}},"fnMap":{"0":{"name":"generateId","decl":{"start":{"line":1,"column":16},"end":{"line":1,"column":26}},"loc":{"start":{"line":1,"column":41},"end":{"line":6,"column":1}}}},"branchMap":{"0":{"loc":{"start":{"line":2,"column":4},"end":{"line":4,"column":5}},"type":"if","locations":[{"start":{"line":2,"column":4},"end":{"line":4,"column":5}}]},"1":{"loc":{"start":{"line":2,"column":8},"end":{"line":2,"column":102}},"type":"binary-expr","locations":[{"start":{"line":2,"column":8},"end":{"line":2,"column":48}},{"start":{"line":2,"column":52},"end":{"line":2,"column":102}}]}},"s":{"0":10,"1":37,"2":37,"3":0},"f":{"0":37},"b":{"0":[37],"1":[37,37]}}
,"/Users/matusalenalves/Documents/Workspace/React/PDM/vitta/src/model/utils/timeSlotUtils.ts": {"path":"/Users/matusalenalves/Documents/Workspace/React/PDM/vitta/src/model/utils/timeSlotUtils.ts","statementMap":{"0":{"start":{"line":10,"column":0},"end":{"line":10,"column":16}},"1":{"start":{"line":15,"column":0},"end":{"line":15,"column":16}},"2":{"start":{"line":1,"column":13},"end":{"line":6,"column":11}},"3":{"start":{"line":8,"column":13},"end":{"line":8,"column":59}},"4":{"start":{"line":11,"column":22},"end":{"line":11,"column":35}},"5":{"start":{"line":12,"column":4},"end":{"line":12,"column":71}},"6":{"start":{"line":16,"column":17},"end":{"line":16,"column":35}},"7":{"start":{"line":17,"column":18},"end":{"line":17,"column":62}},"8":{"start":{"line":18,"column":16},"end":{"line":18,"column":55}},"9":{"start":{"line":19,"column":4},"end":{"line":19,"column":37}}},"fnMap":{"0":{"name":"isWeekday","decl":{"start":{"line":10,"column":16},"end":{"line":10,"column":25}},"loc":{"start":{"line":10,"column":36},"end":{"line":13,"column":1}}},"1":{"name":"formatDateToISO","decl":{"start":{"line":15,"column":16},"end":{"line":15,"column":31}},"loc":{"start":{"line":15,"column":42},"end":{"line":20,"column":1}}}},"branchMap":{},"s":{"0":7,"1":7,"2":7,"3":7,"4":132,"5":132,"6":95,"7":95,"8":95,"9":95},"f":{"0":132,"1":95},"b":{}}
,"/Users/matusalenalves/Documents/Workspace/React/PDM/vitta/src/usecase/appointment/availability/getAvailableTimeSlotsUseCase.ts": {"path":"/Users/matusalenalves/Documents/Workspace/React/PDM/vitta/src/usecase/appointment/availability/getAvailableTimeSlotsUseCase.ts","statementMap":{"0":{"start":{"line":3,"column":0},"end":{"line":3,"column":62}},"1":{"start":{"line":4,"column":0},"end":{"line":4,"column":null}},"2":{"start":{"line":11,"column":0},"end":{"line":11,"column":83}},"3":{"start":{"line":17,"column":8},"end":{"line":17,"column":59}},"4":{"start":{"line":25,"column":8},"end":{"line":25,"column":50}},"5":{"start":{"line":27,"column":8},"end":{"line":29,"column":9}},"6":{"start":{"line":28,"column":12},"end":{"line":28,"column":22}},"7":{"start":{"line":31,"column":8},"end":{"line":33,"column":9}},"8":{"start":{"line":32,"column":12},"end":{"line":32,"column":22}},"9":{"start":{"line":35,"column":24},"end":{"line":35,"column":45}},"10":{"start":{"line":37,"column":37},"end":{"line":39,"column":null}},"11":{"start":{"line":41,"column":36},"end":{"line":41,"column":89}},"12":{"start":{"line":43,"column":30},"end":{"line":44,"column":null}},"13":{"start":{"line":44,"column":45},"end":{"line":44,"column":80}},"14":{"start":{"line":47,"column":43},"end":{"line":47,"column":45}},"15":{"start":{"line":49,"column":8},"end":{"line":67,"column":9}},"16":{"start":{"line":50,"column":28},"end":{"line":50,"column":79}},"17":{"start":{"line":51,"column":31},"end":{"line":51,"column":57}},"18":{"start":{"line":53,"column":12},"end":{"line":66,"column":13}},"19":{"start":{"line":58,"column":16},"end":{"line":65,"column":18}},"20":{"start":{"line":69,"column":8},"end":{"line":69,"column":30}},"21":{"start":{"line":78,"column":8},"end":{"line":78,"column":50}},"22":{"start":{"line":79,"column":8},"end":{"line":79,"column":50}},"23":{"start":{"line":81,"column":23},"end":{"line":81,"column":52}},"24":{"start":{"line":83,"column":25},"end":{"line":83,"column":51}},"25":{"start":{"line":84,"column":23},"end":{"line":84,"column":47}},"26":{"start":{"line":86,"column":37},"end":{"line":89,"column":null}},"27":{"start":{"line":91,"column":36},"end":{"line":93,"column":16}},"28":{"start":{"line":95,"column":35},"end":{"line":95,"column":67}},"29":{"start":{"line":96,"column":8},"end":{"line":100,"column":9}},"30":{"start":{"line":97,"column":29},"end":{"line":97,"column":68}},"31":{"start":{"line":98,"column":12},"end":{"line":98,"column":32}},"32":{"start":{"line":99,"column":12},"end":{"line":99,"column":56}},"33":{"start":{"line":102,"column":37},"end":{"line":102,"column":67}},"34":{"start":{"line":103,"column":8},"end":{"line":114,"column":9}},"35":{"start":{"line":104,"column":12},"end":{"line":106,"column":13}},"36":{"start":{"line":105,"column":16},"end":{"line":105,"column":25}},"37":{"start":{"line":107,"column":12},"end":{"line":109,"column":13}},"38":{"start":{"line":108,"column":16},"end":{"line":108,"column":25}},"39":{"start":{"line":110,"column":28},"end":{"line":110,"column":63}},"40":{"start":{"line":111,"column":29},"end":{"line":111,"column":85}},"41":{"start":{"line":112,"column":12},"end":{"line":112,"column":34}},"42":{"start":{"line":113,"column":12},"end":{"line":113,"column":58}},"43":{"start":{"line":116,"column":28},"end":{"line":116,"column":47}},"44":{"start":{"line":117,"column":22},"end":{"line":117,"column":32}},"45":{"start":{"line":118,"column":8},"end":{"line":118,"column":35}},"46":{"start":{"line":120,"column":8},"end":{"line":153,"column":9}},"47":{"start":{"line":121,"column":12},"end":{"line":150,"column":13}},"48":{"start":{"line":122,"column":32},"end":{"line":122,"column":60}},"49":{"start":{"line":123,"column":41},"end":{"line":123,"column":78}},"50":{"start":{"line":124,"column":44},"end":{"line":124,"column":98}},"51":{"start":{"line":126,"column":38},"end":{"line":127,"column":null}},"52":{"start":{"line":127,"column":49},"end":{"line":127,"column":84}},"53":{"start":{"line":130,"column":51},"end":{"line":130,"column":53}},"54":{"start":{"line":131,"column":16},"end":{"line":147,"column":17}},"55":{"start":{"line":132,"column":36},"end":{"line":132,"column":87}},"56":{"start":{"line":133,"column":20},"end":{"line":146,"column":21}},"57":{"start":{"line":138,"column":24},"end":{"line":145,"column":26}},"58":{"start":{"line":149,"column":16},"end":{"line":149,"column":52}},"59":{"start":{"line":152,"column":12},"end":{"line":152,"column":59}},"60":{"start":{"line":155,"column":8},"end":{"line":155,"column":22}},"61":{"start":{"line":159,"column":8},"end":{"line":159,"column":50}},"62":{"start":{"line":161,"column":22},"end":{"line":161,"column":73}},"63":{"start":{"line":162,"column":8},"end":{"line":162,"column":32}},"64":{"start":{"line":166,"column":8},"end":{"line":166,"column":66}},"65":{"start":{"line":170,"column":8},"end":{"line":170,"column":77}},"66":{"start":{"line":177,"column":29},"end":{"line":177,"column":94}},"67":{"start":{"line":178,"column":8},"end":{"line":178,"column":71}},"68":{"start":{"line":178,"column":43},"end":{"line":178,"column":69}},"69":{"start":{"line":182,"column":8},"end":{"line":184,"column":9}},"70":{"start":{"line":183,"column":12},"end":{"line":183,"column":37}},"71":{"start":{"line":186,"column":29},"end":{"line":186,"column":86}},"72":{"start":{"line":187,"column":24},"end":{"line":188,"column":null}},"73":{"start":{"line":188,"column":20},"end":{"line":188,"column":79}},"74":{"start":{"line":190,"column":8},"end":{"line":190,"column":81}},"75":{"start":{"line":190,"column":43},"end":{"line":190,"column":78}},"76":{"start":{"line":194,"column":8},"end":{"line":194,"column":123}},"77":{"start":{"line":198,"column":22},"end":{"line":198,"column":32}},"78":{"start":{"line":199,"column":8},"end":{"line":199,"column":35}},"79":{"start":{"line":200,"column":22},"end":{"line":200,"column":36}},"80":{"start":{"line":201,"column":8},"end":{"line":201,"column":35}},"81":{"start":{"line":202,"column":8},"end":{"line":202,"column":29}},"82":{"start":{"line":206,"column":33},"end":{"line":206,"column":65}},"83":{"start":{"line":207,"column":8},"end":{"line":209,"column":9}},"84":{"start":{"line":208,"column":12},"end":{"line":208,"column":24}},"85":{"start":{"line":211,"column":26},"end":{"line":211,"column":40}},"86":{"start":{"line":212,"column":8},"end":{"line":212,"column":49}},"87":{"start":{"line":213,"column":8},"end":{"line":213,"column":38}},"88":{"start":{"line":13,"column":0},"end":{"line":13,"column":21}}},"fnMap":{"0":{"name":"(anonymous_0)","decl":{"start":{"line":16,"column":4},"end":{"line":16,"column":16}},"loc":{"start":{"line":16,"column":61},"end":{"line":18,"column":5}}},"1":{"name":"(anonymous_1)","decl":{"start":{"line":20,"column":4},"end":{"line":20,"column":9}},"loc":{"start":{"line":23,"column":26},"end":{"line":70,"column":5}}},"2":{"name":"(anonymous_2)","decl":{"start":{"line":44,"column":37},"end":{"line":44,"column":41}},"loc":{"start":{"line":44,"column":45},"end":{"line":44,"column":80}}},"3":{"name":"(anonymous_3)","decl":{"start":{"line":72,"column":4},"end":{"line":72,"column":9}},"loc":{"start":{"line":76,"column":26},"end":{"line":156,"column":5}}},"4":{"name":"(anonymous_4)","decl":{"start":{"line":127,"column":41},"end":{"line":127,"column":45}},"loc":{"start":{"line":127,"column":49},"end":{"line":127,"column":84}}},"5":{"name":"(anonymous_5)","decl":{"start":{"line":158,"column":4},"end":{"line":158,"column":9}},"loc":{"start":{"line":158,"column":66},"end":{"line":163,"column":5}}},"6":{"name":"(anonymous_6)","decl":{"start":{"line":165,"column":12},"end":{"line":165,"column":32}},"loc":{"start":{"line":165,"column":55},"end":{"line":167,"column":5}}},"7":{"name":"(anonymous_7)","decl":{"start":{"line":169,"column":12},"end":{"line":169,"column":28}},"loc":{"start":{"line":169,"column":59},"end":{"line":171,"column":5}}},"8":{"name":"(anonymous_8)","decl":{"start":{"line":173,"column":12},"end":{"line":173,"column":17}},"loc":{"start":{"line":175,"column":30},"end":{"line":179,"column":5}}},"9":{"name":"(anonymous_9)","decl":{"start":{"line":178,"column":35},"end":{"line":178,"column":39}},"loc":{"start":{"line":178,"column":43},"end":{"line":178,"column":69}}},"10":{"name":"(anonymous_10)","decl":{"start":{"line":181,"column":12},"end":{"line":181,"column":17}},"loc":{"start":{"line":181,"column":73},"end":{"line":191,"column":5}}},"11":{"name":"(anonymous_11)","decl":{"start":{"line":188,"column":12},"end":{"line":188,"column":16}},"loc":{"start":{"line":188,"column":20},"end":{"line":188,"column":79}}},"12":{"name":"(anonymous_12)","decl":{"start":{"line":190,"column":35},"end":{"line":190,"column":39}},"loc":{"start":{"line":190,"column":43},"end":{"line":190,"column":78}}},"13":{"name":"(anonymous_13)","decl":{"start":{"line":193,"column":12},"end":{"line":193,"column":31}},"loc":{"start":{"line":193,"column":61},"end":{"line":195,"column":5}}},"14":{"name":"(anonymous_14)","decl":{"start":{"line":197,"column":12},"end":{"line":197,"column":24}},"loc":{"start":{"line":197,"column":35},"end":{"line":203,"column":5}}},"15":{"name":"(anonymous_15)","decl":{"start":{"line":205,"column":12},"end":{"line":205,"column":24}},"loc":{"start":{"line":205,"column":54},"end":{"line":214,"column":5}}}},"branchMap":{"0":{"loc":{"start":{"line":27,"column":8},"end":{"line":29,"column":9}},"type":"if","locations":[{"start":{"line":27,"column":8},"end":{"line":29,"column":9}}]},"1":{"loc":{"start":{"line":31,"column":8},"end":{"line":33,"column":9}},"type":"if","locations":[{"start":{"line":31,"column":8},"end":{"line":33,"column":9}}]},"2":{"loc":{"start":{"line":53,"column":12},"end":{"line":66,"column":13}},"type":"if","locations":[{"start":{"line":53,"column":12},"end":{"line":66,"column":13}}]},"3":{"loc":{"start":{"line":54,"column":16},"end":{"line":56,"column":64}},"type":"binary-expr","locations":[{"start":{"line":54,"column":16},"end":{"line":54,"column":27}},{"start":{"line":55,"column":16},"end":{"line":55,"column":49}},{"start":{"line":56,"column":16},"end":{"line":56,"column":64}}]},"4":{"loc":{"start":{"line":91,"column":36},"end":{"line":93,"column":16}},"type":"cond-expr","locations":[{"start":{"line":92,"column":14},"end":{"line":92,"column":71}},{"start":{"line":93,"column":14},"end":{"line":93,"column":16}}]},"5":{"loc":{"start":{"line":97,"column":29},"end":{"line":97,"column":68}},"type":"binary-expr","locations":[{"start":{"line":97,"column":29},"end":{"line":97,"column":62}},{"start":{"line":97,"column":66},"end":{"line":97,"column":68}}]},"6":{"loc":{"start":{"line":104,"column":12},"end":{"line":106,"column":13}},"type":"if","locations":[{"start":{"line":104,"column":12},"end":{"line":106,"column":13}}]},"7":{"loc":{"start":{"line":107,"column":12},"end":{"line":109,"column":13}},"type":"if","locations":[{"start":{"line":107,"column":12},"end":{"line":109,"column":13}}]},"8":{"loc":{"start":{"line":107,"column":16},"end":{"line":107,"column":58}},"type":"binary-expr","locations":[{"start":{"line":107,"column":16},"end":{"line":107,"column":36}},{"start":{"line":107,"column":40},"end":{"line":107,"column":58}}]},"9":{"loc":{"start":{"line":111,"column":29},"end":{"line":111,"column":85}},"type":"binary-expr","locations":[{"start":{"line":111,"column":29},"end":{"line":111,"column":64}},{"start":{"line":111,"column":68},"end":{"line":111,"column":85}}]},"10":{"loc":{"start":{"line":121,"column":12},"end":{"line":150,"column":13}},"type":"if","locations":[{"start":{"line":121,"column":12},"end":{"line":150,"column":13}}]},"11":{"loc":{"start":{"line":121,"column":16},"end":{"line":121,"column":62}},"type":"binary-expr","locations":[{"start":{"line":121,"column":16},"end":{"line":121,"column":38}},{"start":{"line":121,"column":42},"end":{"line":121,"column":62}}]},"12":{"loc":{"start":{"line":123,"column":41},"end":{"line":123,"column":78}},"type":"binary-expr","locations":[{"start":{"line":123,"column":41},"end":{"line":123,"column":72}},{"start":{"line":123,"column":76},"end":{"line":123,"column":78}}]},"13":{"loc":{"start":{"line":124,"column":44},"end":{"line":124,"column":98}},"type":"binary-expr","locations":[{"start":{"line":124,"column":44},"end":{"line":124,"column":77}},{"start":{"line":124,"column":81},"end":{"line":124,"column":98}}]},"14":{"loc":{"start":{"line":133,"column":20},"end":{"line":146,"column":21}},"type":"if","locations":[{"start":{"line":133,"column":20},"end":{"line":146,"column":21}}]},"15":{"loc":{"start":{"line":134,"column":24},"end":{"line":136,"column":79}},"type":"binary-expr","locations":[{"start":{"line":134,"column":24},"end":{"line":134,"column":51}},{"start":{"line":135,"column":24},"end":{"line":135,"column":57}},{"start":{"line":136,"column":24},"end":{"line":136,"column":79}}]},"16":{"loc":{"start":{"line":182,"column":8},"end":{"line":184,"column":9}},"type":"if","locations":[{"start":{"line":182,"column":8},"end":{"line":184,"column":9}}]},"17":{"loc":{"start":{"line":188,"column":20},"end":{"line":188,"column":79}},"type":"binary-expr","locations":[{"start":{"line":188,"column":20},"end":{"line":188,"column":38}},{"start":{"line":188,"column":42},"end":{"line":188,"column":79}}]},"18":{"loc":{"start":{"line":194,"column":15},"end":{"line":194,"column":122}},"type":"binary-expr","locations":[{"start":{"line":194,"column":15},"end":{"line":194,"column":35}},{"start":{"line":194,"column":39},"end":{"line":194,"column":60}},{"start":{"line":194,"column":64},"end":{"line":194,"column":85}},{"start":{"line":194,"column":89},"end":{"line":194,"column":111}},{"start":{"line":194,"column":115},"end":{"line":194,"column":122}}]},"19":{"loc":{"start":{"line":207,"column":8},"end":{"line":209,"column":9}},"type":"if","locations":[{"start":{"line":207,"column":8},"end":{"line":209,"column":9}}]},"20":{"loc":{"start":{"line":207,"column":12},"end":{"line":207,"column":56}},"type":"binary-expr","locations":[{"start":{"line":207,"column":12},"end":{"line":207,"column":31}},{"start":{"line":207,"column":35},"end":{"line":207,"column":56}}]}},"s":{"0":2,"1":2,"2":2,"3":20,"4":19,"5":19,"6":3,"7":16,"8":0,"9":16,"10":16,"11":16,"12":16,"13":14,"14":16,"15":16,"16":64,"17":64,"18":64,"19":42,"20":16,"21":4,"22":4,"23":4,"24":4,"25":4,"26":4,"27":4,"28":4,"29":4,"30":5,"31":5,"32":5,"33":4,"34":4,"35":1,"36":0,"37":1,"38":0,"39":1,"40":1,"41":1,"42":1,"43":4,"44":4,"45":4,"46":4,"47":71,"48":27,"49":27,"50":27,"51":27,"52":5,"53":27,"54":27,"55":108,"56":108,"57":101,"58":27,"59":71,"60":4,"61":3,"62":3,"63":3,"64":26,"65":4,"66":16,"67":16,"68":19,"69":16,"70":12,"71":4,"72":4,"73":3,"74":4,"75":3,"76":4,"77":16,"78":16,"79":16,"80":16,"81":16,"82":150,"83":150,"84":0,"85":150,"86":150,"87":150,"88":2},"f":{"0":20,"1":19,"2":14,"3":4,"4":5,"5":3,"6":26,"7":4,"8":16,"9":19,"10":16,"11":3,"12":3,"13":4,"14":16,"15":150},"b":{"0":[3],"1":[0],"2":[42],"3":[64,50,47],"4":[2,2],"5":[5,2],"6":[0],"7":[0],"8":[1,1],"9":[1,1],"10":[27],"11":[71,53],"12":[27,25],"13":[27,26],"14":[101],"15":[108,103,103],"16":[12],"17":[3,3],"18":[4,1,0,0,0],"19":[0],"20":[150,150]}}
,"/Users/matusalenalves/Documents/Workspace/React/PDM/vitta/src/usecase/appointment/details/getAppointmentDetailsUseCase.ts": {"path":"/Users/matusalenalves/Documents/Workspace/React/PDM/vitta/src/usecase/appointment/details/getAppointmentDetailsUseCase.ts","statementMap":{"0":{"start":{"line":2,"column":0},"end":{"line":2,"column":65}},"1":{"start":{"line":10,"column":8},"end":{"line":10,"column":59}},"2":{"start":{"line":14,"column":8},"end":{"line":14,"column":42}},"3":{"start":{"line":16,"column":8},"end":{"line":16,"column":71}},"4":{"start":{"line":20,"column":8},"end":{"line":20,"column":71}},"5":{"start":{"line":6,"column":0},"end":{"line":6,"column":21}}},"fnMap":{"0":{"name":"(anonymous_0)","decl":{"start":{"line":9,"column":4},"end":{"line":9,"column":16}},"loc":{"start":{"line":9,"column":61},"end":{"line":11,"column":5}}},"1":{"name":"(anonymous_1)","decl":{"start":{"line":13,"column":4},"end":{"line":13,"column":9}},"loc":{"start":{"line":13,"column":39},"end":{"line":17,"column":5}}},"2":{"name":"(anonymous_2)","decl":{"start":{"line":19,"column":12},"end":{"line":19,"column":25}},"loc":{"start":{"line":19,"column":47},"end":{"line":21,"column":5}}}},"branchMap":{},"s":{"0":1,"1":9,"2":10,"3":7,"4":10,"5":1},"f":{"0":9,"1":10,"2":10},"b":{}}
,"/Users/matusalenalves/Documents/Workspace/React/PDM/vitta/src/usecase/appointment/list/listAppointmentConflictsUseCase.ts": {"path":"/Users/matusalenalves/Documents/Workspace/React/PDM/vitta/src/usecase/appointment/list/listAppointmentConflictsUseCase.ts","statementMap":{"0":{"start":{"line":3,"column":0},"end":{"line":3,"column":65}},"1":{"start":{"line":7,"column":24},"end":{"line":7,"column":69}},"2":{"start":{"line":15,"column":8},"end":{"line":15,"column":66}},"3":{"start":{"line":17,"column":24},"end":{"line":17,"column":89}},"4":{"start":{"line":19,"column":8},"end":{"line":24,"column":10}},"5":{"start":{"line":21,"column":16},"end":{"line":23,"column":75}},"6":{"start":{"line":6,"column":0},"end":{"line":6,"column":21}}},"fnMap":{"0":{"name":"(anonymous_0)","decl":{"start":{"line":7,"column":4},"end":{"line":7,"column":24}},"loc":{"start":{"line":7,"column":69},"end":{"line":7,"column":74}}},"1":{"name":"(anonymous_1)","decl":{"start":{"line":9,"column":4},"end":{"line":9,"column":9}},"loc":{"start":{"line":13,"column":23},"end":{"line":25,"column":5}}},"2":{"name":"(anonymous_2)","decl":{"start":{"line":20,"column":12},"end":{"line":20,"column":16}},"loc":{"start":{"line":21,"column":16},"end":{"line":23,"column":75}}}},"branchMap":{"0":{"loc":{"start":{"line":21,"column":16},"end":{"line":23,"column":75}},"type":"binary-expr","locations":[{"start":{"line":21,"column":16},"end":{"line":21,"column":44}},{"start":{"line":22,"column":16},"end":{"line":22,"column":40}},{"start":{"line":23,"column":17},"end":{"line":23,"column":43}},{"start":{"line":23,"column":47},"end":{"line":23,"column":74}}]}},"s":{"0":0,"1":0,"2":0,"3":0,"4":0,"5":0,"6":0},"f":{"0":0,"1":0,"2":0},"b":{"0":[0,0,0,0]}}
,"/Users/matusalenalves/Documents/Workspace/React/PDM/vitta/src/usecase/appointment/list/listNutritionistAgendaUseCase.ts": {"path":"/Users/matusalenalves/Documents/Workspace/React/PDM/vitta/src/usecase/appointment/list/listNutritionistAgendaUseCase.ts","statementMap":{"0":{"start":{"line":3,"column":0},"end":{"line":3,"column":62}},"1":{"start":{"line":5,"column":0},"end":{"line":5,"column":83}},"2":{"start":{"line":11,"column":8},"end":{"line":11,"column":59}},"3":{"start":{"line":19,"column":8},"end":{"line":19,"column":50}},"4":{"start":{"line":21,"column":22},"end":{"line":21,"column":45}},"5":{"start":{"line":22,"column":20},"end":{"line":22,"column":83}},"6":{"start":{"line":23,"column":8},"end":{"line":23,"column":42}},"7":{"start":{"line":25,"column":25},"end":{"line":25,"column":47}},"8":{"start":{"line":26,"column":23},"end":{"line":26,"column":43}},"9":{"start":{"line":28,"column":29},"end":{"line":31,"column":null}},"10":{"start":{"line":34,"column":30},"end":{"line":34,"column":62}},"11":{"start":{"line":36,"column":8},"end":{"line":40,"column":9}},"12":{"start":{"line":37,"column":29},"end":{"line":37,"column":63}},"13":{"start":{"line":38,"column":12},"end":{"line":38,"column":32}},"14":{"start":{"line":39,"column":12},"end":{"line":39,"column":51}},"15":{"start":{"line":42,"column":39},"end":{"line":42,"column":41}},"16":{"start":{"line":44,"column":8},"end":{"line":47,"column":9}},"17":{"start":{"line":45,"column":12},"end":{"line":45,"column":73}},"18":{"start":{"line":45,"column":33},"end":{"line":45,"column":71}},"19":{"start":{"line":46,"column":12},"end":{"line":46,"column":55}},"20":{"start":{"line":49,"column":8},"end":{"line":49,"column":60}},"21":{"start":{"line":49,"column":30},"end":{"line":49,"column":58}},"22":{"start":{"line":51,"column":8},"end":{"line":51,"column":22}},"23":{"start":{"line":55,"column":8},"end":{"line":55,"column":50}},"24":{"start":{"line":57,"column":24},"end":{"line":57,"column":45}},"25":{"start":{"line":59,"column":32},"end":{"line":59,"column":100}},"26":{"start":{"line":61,"column":8},"end":{"line":63,"column":68}},"27":{"start":{"line":62,"column":28},"end":{"line":62,"column":85}},"28":{"start":{"line":63,"column":28},"end":{"line":63,"column":66}},"29":{"start":{"line":70,"column":8},"end":{"line":70,"column":50}},"30":{"start":{"line":71,"column":8},"end":{"line":74,"column":10}},"31":{"start":{"line":78,"column":8},"end":{"line":78,"column":66}},"32":{"start":{"line":82,"column":8},"end":{"line":82,"column":77}},"33":{"start":{"line":7,"column":0},"end":{"line":7,"column":21}}},"fnMap":{"0":{"name":"(anonymous_0)","decl":{"start":{"line":10,"column":4},"end":{"line":10,"column":16}},"loc":{"start":{"line":10,"column":61},"end":{"line":12,"column":5}}},"1":{"name":"(anonymous_1)","decl":{"start":{"line":14,"column":4},"end":{"line":14,"column":9}},"loc":{"start":{"line":17,"column":22},"end":{"line":52,"column":5}}},"2":{"name":"(anonymous_2)","decl":{"start":{"line":45,"column":23},"end":{"line":45,"column":24}},"loc":{"start":{"line":45,"column":33},"end":{"line":45,"column":71}}},"3":{"name":"(anonymous_3)","decl":{"start":{"line":49,"column":20},"end":{"line":49,"column":21}},"loc":{"start":{"line":49,"column":30},"end":{"line":49,"column":58}}},"4":{"name":"(anonymous_4)","decl":{"start":{"line":54,"column":4},"end":{"line":54,"column":9}},"loc":{"start":{"line":54,"column":63},"end":{"line":64,"column":5}}},"5":{"name":"(anonymous_5)","decl":{"start":{"line":62,"column":20},"end":{"line":62,"column":24}},"loc":{"start":{"line":62,"column":28},"end":{"line":62,"column":85}}},"6":{"name":"(anonymous_6)","decl":{"start":{"line":63,"column":18},"end":{"line":63,"column":19}},"loc":{"start":{"line":63,"column":28},"end":{"line":63,"column":66}}},"7":{"name":"(anonymous_7)","decl":{"start":{"line":66,"column":4},"end":{"line":66,"column":39}},"loc":{"start":{"line":68,"column":55},"end":{"line":75,"column":5}}},"8":{"name":"(anonymous_8)","decl":{"start":{"line":77,"column":12},"end":{"line":77,"column":32}},"loc":{"start":{"line":77,"column":55},"end":{"line":79,"column":5}}},"9":{"name":"(anonymous_9)","decl":{"start":{"line":81,"column":12},"end":{"line":81,"column":28}},"loc":{"start":{"line":81,"column":59},"end":{"line":83,"column":5}}}},"branchMap":{"0":{"loc":{"start":{"line":21,"column":22},"end":{"line":21,"column":45}},"type":"binary-expr","locations":[{"start":{"line":21,"column":22},"end":{"line":21,"column":31}},{"start":{"line":21,"column":35},"end":{"line":21,"column":45}}]},"1":{"loc":{"start":{"line":22,"column":20},"end":{"line":22,"column":83}},"type":"binary-expr","locations":[{"start":{"line":22,"column":20},"end":{"line":22,"column":27}},{"start":{"line":22,"column":31},"end":{"line":22,"column":83}}]},"2":{"loc":{"start":{"line":37,"column":29},"end":{"line":37,"column":63}},"type":"binary-expr","locations":[{"start":{"line":37,"column":29},"end":{"line":37,"column":57}},{"start":{"line":37,"column":61},"end":{"line":37,"column":63}}]},"3":{"loc":{"start":{"line":62,"column":28},"end":{"line":62,"column":85}},"type":"binary-expr","locations":[{"start":{"line":62,"column":28},"end":{"line":62,"column":54}},{"start":{"line":62,"column":58},"end":{"line":62,"column":85}}]}},"s":{"0":2,"1":2,"2":9,"3":6,"4":6,"5":6,"6":6,"7":6,"8":6,"9":6,"10":6,"11":6,"12":11,"13":11,"14":11,"15":6,"16":6,"17":7,"18":6,"19":7,"20":6,"21":5,"22":6,"23":4,"24":4,"25":4,"26":4,"27":9,"28":4,"29":0,"30":0,"31":10,"32":6,"33":2},"f":{"0":9,"1":6,"2":6,"3":5,"4":4,"5":9,"6":4,"7":0,"8":10,"9":6},"b":{"0":[6,4],"1":[6,4],"2":[11,7],"3":[9,3]}}
,"/Users/matusalenalves/Documents/Workspace/React/PDM/vitta/src/usecase/appointment/list/listPatientAppointmentsUseCase.ts": {"path":"/Users/matusalenalves/Documents/Workspace/React/PDM/vitta/src/usecase/appointment/list/listPatientAppointmentsUseCase.ts","statementMap":{"0":{"start":{"line":4,"column":0},"end":{"line":4,"column":65}},"1":{"start":{"line":10,"column":8},"end":{"line":10,"column":59}},"2":{"start":{"line":14,"column":8},"end":{"line":14,"column":40}},"3":{"start":{"line":16,"column":27},"end":{"line":16,"column":84}},"4":{"start":{"line":18,"column":8},"end":{"line":20,"column":9}},"5":{"start":{"line":19,"column":12},"end":{"line":19,"column":86}},"6":{"start":{"line":19,"column":55},"end":{"line":19,"column":84}},"7":{"start":{"line":22,"column":8},"end":{"line":25,"column":9}},"8":{"start":{"line":23,"column":26},"end":{"line":23,"column":52}},"9":{"start":{"line":24,"column":12},"end":{"line":24,"column":75}},"10":{"start":{"line":24,"column":55},"end":{"line":24,"column":73}},"11":{"start":{"line":27,"column":8},"end":{"line":27,"column":28}},"12":{"start":{"line":34,"column":8},"end":{"line":34,"column":40}},"13":{"start":{"line":36,"column":8},"end":{"line":36,"column":91}},"14":{"start":{"line":40,"column":22},"end":{"line":40,"column":32}},"15":{"start":{"line":41,"column":21},"end":{"line":41,"column":40}},"16":{"start":{"line":42,"column":22},"end":{"line":42,"column":67}},"17":{"start":{"line":43,"column":20},"end":{"line":43,"column":60}},"18":{"start":{"line":44,"column":8},"end":{"line":44,"column":41}},"19":{"start":{"line":48,"column":8},"end":{"line":48,"column":56}},"20":{"start":{"line":6,"column":0},"end":{"line":6,"column":21}}},"fnMap":{"0":{"name":"(anonymous_0)","decl":{"start":{"line":9,"column":4},"end":{"line":9,"column":16}},"loc":{"start":{"line":9,"column":61},"end":{"line":11,"column":5}}},"1":{"name":"(anonymous_1)","decl":{"start":{"line":13,"column":4},"end":{"line":13,"column":9}},"loc":{"start":{"line":13,"column":74},"end":{"line":28,"column":5}}},"2":{"name":"(anonymous_2)","decl":{"start":{"line":19,"column":47},"end":{"line":19,"column":51}},"loc":{"start":{"line":19,"column":55},"end":{"line":19,"column":84}}},"3":{"name":"(anonymous_3)","decl":{"start":{"line":24,"column":47},"end":{"line":24,"column":51}},"loc":{"start":{"line":24,"column":55},"end":{"line":24,"column":73}}},"4":{"name":"(anonymous_4)","decl":{"start":{"line":30,"column":4},"end":{"line":30,"column":34}},"loc":{"start":{"line":32,"column":55},"end":{"line":37,"column":5}}},"5":{"name":"(anonymous_5)","decl":{"start":{"line":39,"column":12},"end":{"line":39,"column":31}},"loc":{"start":{"line":39,"column":31},"end":{"line":45,"column":5}}},"6":{"name":"(anonymous_6)","decl":{"start":{"line":47,"column":12},"end":{"line":47,"column":27}},"loc":{"start":{"line":47,"column":45},"end":{"line":49,"column":5}}}},"branchMap":{"0":{"loc":{"start":{"line":18,"column":8},"end":{"line":20,"column":9}},"type":"if","locations":[{"start":{"line":18,"column":8},"end":{"line":20,"column":9}}]},"1":{"loc":{"start":{"line":22,"column":8},"end":{"line":25,"column":9}},"type":"if","locations":[{"start":{"line":22,"column":8},"end":{"line":25,"column":9}}]}},"s":{"0":1,"1":11,"2":9,"3":9,"4":9,"5":5,"6":13,"7":9,"8":2,"9":2,"10":5,"11":9,"12":2,"13":2,"14":2,"15":2,"16":2,"17":2,"18":2,"19":11,"20":1},"f":{"0":11,"1":9,"2":13,"3":5,"4":2,"5":2,"6":11},"b":{"0":[5],"1":[2]}}
[...]
,"/Users/matusalenalves/Documents/Workspace/React/PDM/vitta/src/viewmodel/nutritionist/usePendingRequestsViewModel.ts": {"path":"/Users/matusalenalves/Documents/Workspace/React/PDM/vitta/src/viewmodel/nutritionist/usePendingRequestsViewModel.ts","statementMap":{"0":{"start":{"line":19,"column":0},"end":{"line":19,"column":24}},"1":{"start":{"line":1,"column":0},"end":{"line":1,"column":57}},"2":{"start":{"line":9,"column":0},"end":{"line":9,"column":61}},"3":{"start":{"line":10,"column":0},"end":{"line":10,"column":61}},"4":{"start":{"line":16,"column":0},"end":{"line":16,"column":101}},"5":{"start":{"line":17,"column":0},"end":{"line":17,"column":79}},"6":{"start":{"line":29,"column":58},"end":{"line":29,"column":96}},"7":{"start":{"line":30,"column":34},"end":{"line":30,"column":48}},"8":{"start":{"line":31,"column":40},"end":{"line":31,"column":55}},"9":{"start":{"line":32,"column":30},"end":{"line":32,"column":59}},"10":{"start":{"line":33,"column":48},"end":{"line":33,"column":77}},"11":{"start":{"line":34,"column":31},"end":{"line":34,"column":70}},"12":{"start":{"line":36,"column":4},"end":{"line":68,"column":73}},"13":{"start":{"line":37,"column":8},"end":{"line":40,"column":9}},"14":{"start":{"line":38,"column":12},"end":{"line":38,"column":30}},"15":{"start":{"line":39,"column":12},"end":{"line":39,"column":19}},"16":{"start":{"line":42,"column":8},"end":{"line":42,"column":25}},"17":{"start":{"line":44,"column":28},"end":{"line":62,"column":null}},"18":{"start":{"line":47,"column":56},"end":{"line":58,"column":null}},"19":{"start":{"line":49,"column":44},"end":{"line":49,"column":80}},"20":{"start":{"line":50,"column":24},"end":{"line":57,"column":26}},"21":{"start":{"line":60,"column":16},"end":{"line":60,"column":46}},"22":{"start":{"line":61,"column":16},"end":{"line":61,"column":34}},"23":{"start":{"line":65,"column":8},"end":{"line":67,"column":10}},"24":{"start":{"line":66,"column":12},"end":{"line":66,"column":26}},"25":{"start":{"line":70,"column":30},"end":{"line":99,"column":91}},"26":{"start":{"line":71,"column":8},"end":{"line":71,"column":28}},"27":{"start":{"line":72,"column":8},"end":{"line":72,"column":23}},"28":{"start":{"line":74,"column":8},"end":{"line":98,"column":9}},"29":{"start":{"line":75,"column":32},"end":{"line":75,"column":95}},"30":{"start":{"line":76,"column":12},"end":{"line":79,"column":13}},"31":{"start":{"line":77,"column":16},"end":{"line":77,"column":84}},"32":{"start":{"line":80,"column":12},"end":{"line":84,"column":13}},"33":{"start":{"line":81,"column":16},"end":{"line":81,"column":100}},"34":{"start":{"line":83,"column":16},"end":{"line":83,"column":78}},"35":{"start":{"line":85,"column":12},"end":{"line":85,"column":62}},"36":{"start":{"line":86,"column":12},"end":{"line":86,"column":24}},"37":{"start":{"line":88,"column":12},"end":{"line":94,"column":13}},"38":{"start":{"line":89,"column":16},"end":{"line":89,"column":38}},"39":{"start":{"line":90,"column":19},"end":{"line":94,"column":13}},"40":{"start":{"line":91,"column":16},"end":{"line":91,"column":38}},"41":{"start":{"line":93,"column":16},"end":{"line":93,"column":71}},"42":{"start":{"line":95,"column":12},"end":{"line":95,"column":25}},"43":{"start":{"line":97,"column":12},"end":{"line":97,"column":33}},"44":{"start":{"line":101,"column":30},"end":{"line":126,"column":70}},"45":{"start":{"line":102,"column":8},"end":{"line":102,"column":28}},"46":{"start":{"line":103,"column":8},"end":{"line":103,"column":23}},"47":{"start":{"line":105,"column":8},"end":{"line":125,"column":9}},"48":{"start":{"line":106,"column":32},"end":{"line":106,"column":95}},"49":{"start":{"line":107,"column":12},"end":{"line":111,"column":13}},"50":{"start":{"line":108,"column":16},"end":{"line":108,"column":100}},"51":{"start":{"line":110,"column":16},"end":{"line":110,"column":78}},"52":{"start":{"line":112,"column":12},"end":{"line":112,"column":52}},"53":{"start":{"line":113,"column":12},"end":{"line":113,"column":24}},"54":{"start":{"line":115,"column":12},"end":{"line":121,"column":13}},"55":{"start":{"line":116,"column":16},"end":{"line":116,"column":38}},"56":{"start":{"line":117,"column":19},"end":{"line":121,"column":13}},"57":{"start":{"line":118,"column":16},"end":{"line":118,"column":38}},"58":{"start":{"line":120,"column":16},"end":{"line":120,"column":71}},"59":{"start":{"line":122,"column":12},"end":{"line":122,"column":25}},"60":{"start":{"line":124,"column":12},"end":{"line":124,"column":33}},"61":{"start":{"line":128,"column":23},"end":{"line":130,"column":10}},"62":{"start":{"line":129,"column":8},"end":{"line":129,"column":23}},"63":{"start":{"line":132,"column":25},"end":{"line":134,"column":10}},"64":{"start":{"line":133,"column":8},"end":{"line":133,"column":32}},"65":{"start":{"line":136,"column":4},"end":{"line":146,"column":6}}},"fnMap":{"0":{"name":"usePendingRequestsViewModel","decl":{"start":{"line":19,"column":24},"end":{"line":19,"column":51}},"loc":{"start":{"line":26,"column":26},"end":{"line":147,"column":1}}},"1":{"name":"(anonymous_2)","decl":{"start":{"line":36,"column":14},"end":{"line":36,"column":17}},"loc":{"start":{"line":36,"column":19},"end":{"line":68,"column":5}}},"2":{"name":"(anonymous_3)","decl":{"start":{"line":46,"column":12},"end":{"line":46,"column":17}},"loc":{"start":{"line":46,"column":50},"end":{"line":62,"column":13}}},"3":{"name":"(anonymous_4)","decl":{"start":{"line":48,"column":37},"end":{"line":48,"column":42}},"loc":{"start":{"line":48,"column":52},"end":{"line":58,"column":21}}},"4":{"name":"(anonymous_5)","decl":{"start":{"line":65,"column":15},"end":{"line":65,"column":18}},"loc":{"start":{"line":65,"column":20},"end":{"line":67,"column":9}}},"5":{"name":"(anonymous_6)","decl":{"start":{"line":70,"column":42},"end":{"line":70,"column":47}},"loc":{"start":{"line":70,"column":92},"end":{"line":99,"column":5}}},"6":{"name":"(anonymous_7)","decl":{"start":{"line":101,"column":42},"end":{"line":101,"column":47}},"loc":{"start":{"line":101,"column":92},"end":{"line":126,"column":5}}},"7":{"name":"(anonymous_8)","decl":{"start":{"line":128,"column":35},"end":{"line":128,"column":44}},"loc":{"start":{"line":128,"column":46},"end":{"line":130,"column":5}}},"8":{"name":"(anonymous_9)","decl":{"start":{"line":132,"column":37},"end":{"line":132,"column":46}},"loc":{"start":{"line":132,"column":48},"end":{"line":134,"column":5}}}},"branchMap":{"0":{"loc":{"start":{"line":37,"column":8},"end":{"line":40,"column":9}},"type":"if","locations":[{"start":{"line":37,"column":8},"end":{"line":40,"column":9}}]},"1":{"loc":{"start":{"line":88,"column":12},"end":{"line":94,"column":13}},"type":"if","locations":[{"start":{"line":88,"column":12},"end":{"line":94,"column":13}},{"start":{"line":90,"column":19},"end":{"line":94,"column":13}}]},"2":{"loc":{"start":{"line":90,"column":19},"end":{"line":94,"column":13}},"type":"if","locations":[{"start":{"line":90,"column":19},"end":{"line":94,"column":13}},{"start":{"line":92,"column":19},"end":{"line":94,"column":13}}]},"3":{"loc":{"start":{"line":115,"column":12},"end":{"line":121,"column":13}},"type":"if","locations":[{"start":{"line":115,"column":12},"end":{"line":121,"column":13}},{"start":{"line":117,"column":19},"end":{"line":121,"column":13}}]},"4":{"loc":{"start":{"line":117,"column":19},"end":{"line":121,"column":13}},"type":"if","locations":[{"start":{"line":117,"column":19},"end":{"line":121,"column":13}},{"start":{"line":119,"column":19},"end":{"line":121,"column":13}}]}},"s":{"0":2,"1":2,"2":2,"3":2,"4":2,"5":2,"6":33,"7":33,"8":33,"9":33,"10":33,"11":33,"12":33,"13":15,"14":0,"15":0,"16":15,"17":15,"18":15,"19":15,"20":15,"21":15,"22":15,"23":15,"24":15,"25":33,"26":6,"27":6,"28":6,"29":6,"30":3,"31":3,"32":3,"33":3,"34":0,"35":3,"36":3,"37":3,"38":2,"39":1,"40":1,"41":0,"42":3,"43":6,"44":33,"45":1,"46":1,"47":1,"48":1,"49":1,"50":1,"51":0,"52":1,"53":1,"54":0,"55":0,"56":0,"57":0,"58":0,"59":0,"60":1,"61":33,"62":1,"63":33,"64":1,"65":33},"f":{"0":33,"1":15,"2":15,"3":15,"4":15,"5":6,"6":1,"7":1,"8":1},"b":{"0":[0],"1":[2,1],"2":[1,0],"3":[0,0],"4":[0,0]}}
,"/Users/matusalenalves/Documents/Workspace/React/PDM/vitta/src/viewmodel/nutritionist/helpers/nutritionistAgendaViewModelHelpers.ts": {"path":"/Users/matusalenalves/Documents/Workspace/React/PDM/vitta/src/viewmodel/nutritionist/helpers/nutritionistAgendaViewModelHelpers.ts","statementMap":{"0":{"start":{"line":3,"column":0},"end":{"line":3,"column":16}},"1":{"start":{"line":14,"column":0},"end":{"line":14,"column":16}},"2":{"start":{"line":24,"column":0},"end":{"line":24,"column":16}},"3":{"start":{"line":4,"column":31},"end":{"line":4,"column":61}},"4":{"start":{"line":5,"column":17},"end":{"line":5,"column":47}},"5":{"start":{"line":6,"column":22},"end":{"line":10,"column":20}},"6":{"start":{"line":11,"column":4},"end":{"line":11,"column":66}},"7":{"start":{"line":15,"column":4},"end":{"line":15,"column":25}},"8":{"start":{"line":15,"column":15},"end":{"line":15,"column":25}},"9":{"start":{"line":16,"column":22},"end":{"line":20,"column":20}},"10":{"start":{"line":21,"column":4},"end":{"line":21,"column":66}},"11":{"start":{"line":25,"column":18},"end":{"line":25,"column":28}},"12":{"start":{"line":26,"column":4},"end":{"line":26,"column":31}},"13":{"start":{"line":28,"column":4},"end":{"line":43,"column":5}},"14":{"start":{"line":30,"column":12},"end":{"line":30,"column":48}},"15":{"start":{"line":32,"column":30},"end":{"line":32,"column":44}},"16":{"start":{"line":33,"column":30},"end":{"line":33,"column":45}},"17":{"start":{"line":34,"column":12},"end":{"line":34,"column":65}},"18":{"start":{"line":35,"column":12},"end":{"line":35,"column":52}},"19":{"start":{"line":39,"column":28},"end":{"line":39,"column":43}},"20":{"start":{"line":40,"column":12},"end":{"line":40,"column":50}},"21":{"start":{"line":41,"column":12},"end":{"line":41,"column":50}}},"fnMap":{"0":{"name":"formatDateShort","decl":{"start":{"line":3,"column":16},"end":{"line":3,"column":31}},"loc":{"start":{"line":3,"column":47},"end":{"line":12,"column":1}}},"1":{"name":"formatSelectedDate","decl":{"start":{"line":14,"column":16},"end":{"line":14,"column":34}},"loc":{"start":{"line":14,"column":52},"end":{"line":22,"column":1}}},"2":{"name":"getDateRange","decl":{"start":{"line":24,"column":16},"end":{"line":24,"column":28}},"loc":{"start":{"line":24,"column":53},"end":{"line":44,"column":1}}}},"branchMap":{"0":{"loc":{"start":{"line":15,"column":4},"end":{"line":15,"column":25}},"type":"if","locations":[{"start":{"line":15,"column":4},"end":{"line":15,"column":25}}]},"1":{"loc":{"start":{"line":28,"column":4},"end":{"line":43,"column":5}},"type":"switch","locations":[{"start":{"line":29,"column":8},"end":{"line":30,"column":48}},{"start":{"line":31,"column":8},"end":{"line":36,"column":9}},{"start":{"line":37,"column":8},"end":{"line":37,"column":19}},{"start":{"line":38,"column":8},"end":{"line":42,"column":9}}]}},"s":{"0":2,"1":2,"2":2,"3":4,"4":4,"5":4,"6":4,"7":15,"8":11,"9":4,"10":4,"11":14,"12":14,"13":14,"14":1,"15":0,"16":0,"17":0,"18":0,"19":13,"20":13,"21":13},"f":{"0":4,"1":15,"2":14},"b":{"0":[11],"1":[1,0,13,13]}}
,"/Users/matusalenalves/Documents/Workspace/React/PDM/vitta/src/viewmodel/nutritionist/helpers/pendingRequestsViewModelHelpers.ts": {"path":"/Users/matusalenalves/Documents/Workspace/React/PDM/vitta/src/viewmodel/nutritionist/helpers/pendingRequestsViewModelHelpers.ts","statementMap":{"0":{"start":{"line":1,"column":0},"end":{"line":1,"column":16}},"1":{"start":{"line":2,"column":31},"end":{"line":2,"column":61}},"2":{"start":{"line":3,"column":17},"end":{"line":3,"column":47}},"3":{"start":{"line":4,"column":4},"end":{"line":8,"column":7}}},"fnMap":{"0":{"name":"formatPendingDate","decl":{"start":{"line":1,"column":16},"end":{"line":1,"column":33}},"loc":{"start":{"line":1,"column":49},"end":{"line":9,"column":1}}}},"branchMap":{},"s":{"0":2,"1":15,"2":15,"3":15},"f":{"0":15},"b":{}}
,"/Users/matusalenalves/Documents/Workspace/React/PDM/vitta/src/viewmodel/patient/usePatientCalendarSyncViewModel.ts": {"path":"/Users/matusalenalves/Documents/Workspace/React/PDM/vitta/src/viewmodel/patient/usePatientCalendarSyncViewModel.ts","statementMap":{"0":{"start":{"line":6,"column":0},"end":{"line":6,"column":24}},"1":{"start":{"line":1,"column":0},"end":{"line":1,"column":42}},"2":{"start":{"line":11,"column":28},"end":{"line":11,"column":53}},"3":{"start":{"line":13,"column":4},"end":{"line":58,"column":73}},"4":{"start":{"line":14,"column":8},"end":{"line":14,"column":31}},"5":{"start":{"line":14,"column":24},"end":{"line":14,"column":31}},"6":{"start":{"line":16,"column":32},"end":{"line":46,"column":9}},"7":{"start":{"line":17,"column":24},"end":{"line":17,"column":38}},"8":{"start":{"line":18,"column":12},"end":{"line":20,"column":13}},"9":{"start":{"line":19,"column":16},"end":{"line":19,"column":23}},"10":{"start":{"line":22,"column":12},"end":{"line":33,"column":13}},"11":{"start":{"line":23,"column":16},"end":{"line":25,"column":17}},"12":{"start":{"line":24,"column":20},"end":{"line":24,"column":27}},"13":{"start":{"line":26,"column":16},"end":{"line":26,"column":49}},"14":{"start":{"line":27,"column":16},"end":{"line":31,"column":17}},"15":{"start":{"line":28,"column":20},"end":{"line":28,"column":83}},"16":{"start":{"line":30,"column":20},"end":{"line":30,"column":56}},"17":{"start":{"line":32,"column":16},"end":{"line":32,"column":23}},"18":{"start":{"line":35,"column":12},"end":{"line":45,"column":13}},"19":{"start":{"line":36,"column":16},"end":{"line":38,"column":17}},"20":{"start":{"line":37,"column":20},"end":{"line":37,"column":27}},"21":{"start":{"line":39,"column":16},"end":{"line":39,"column":49}},"22":{"start":{"line":40,"column":16},"end":{"line":44,"column":17}},"23":{"start":{"line":41,"column":20},"end":{"line":41,"column":94}},"24":{"start":{"line":43,"column":20},"end":{"line":43,"column":56}},"25":{"start":{"line":48,"column":28},"end":{"line":54,"column":null}},"26":{"start":{"line":51,"column":16},"end":{"line":53,"column":19}},"27":{"start":{"line":52,"column":20},"end":{"line":52,"column":54}},"28":{"start":{"line":57,"column":8},"end":{"line":57,"column":35}},"29":{"start":{"line":57,"column":21},"end":{"line":57,"column":34}}},"fnMap":{"0":{"name":"usePatientCalendarSyncViewModel","decl":{"start":{"line":6,"column":24},"end":{"line":6,"column":55}},"loc":{"start":{"line":9,"column":21},"end":{"line":59,"column":1}}},"1":{"name":"(anonymous_1)","decl":{"start":{"line":13,"column":14},"end":{"line":13,"column":17}},"loc":{"start":{"line":13,"column":19},"end":{"line":58,"column":5}}},"2":{"name":"(anonymous_2)","decl":{"start":{"line":16,"column":32},"end":{"line":16,"column":37}},"loc":{"start":{"line":16,"column":82},"end":{"line":46,"column":9}}},"3":{"name":"(anonymous_3)","decl":{"start":{"line":50,"column":12},"end":{"line":50,"column":13}},"loc":{"start":{"line":50,"column":29},"end":{"line":54,"column":13}}},"4":{"name":"(anonymous_4)","decl":{"start":{"line":51,"column":37},"end":{"line":51,"column":38}},"loc":{"start":{"line":51,"column":53},"end":{"line":53,"column":17}}},"5":{"name":"(anonymous_5)","decl":{"start":{"line":57,"column":15},"end":{"line":57,"column":18}},"loc":{"start":{"line":57,"column":21},"end":{"line":57,"column":34}}}},"branchMap":{"0":{"loc":{"start":{"line":14,"column":8},"end":{"line":14,"column":31}},"type":"if","locations":[{"start":{"line":14,"column":8},"end":{"line":14,"column":31}}]},"1":{"loc":{"start":{"line":18,"column":12},"end":{"line":20,"column":13}},"type":"if","locations":[{"start":{"line":18,"column":12},"end":{"line":20,"column":13}}]},"2":{"loc":{"start":{"line":22,"column":12},"end":{"line":33,"column":13}},"type":"if","locations":[{"start":{"line":22,"column":12},"end":{"line":33,"column":13}}]},"3":{"loc":{"start":{"line":23,"column":16},"end":{"line":25,"column":17}},"type":"if","locations":[{"start":{"line":23,"column":16},"end":{"line":25,"column":17}}]},"4":{"loc":{"start":{"line":35,"column":12},"end":{"line":45,"column":13}},"type":"if","locations":[{"start":{"line":35,"column":12},"end":{"line":45,"column":13}}]},"5":{"loc":{"start":{"line":35,"column":16},"end":{"line":35,"column":87}},"type":"binary-expr","locations":[{"start":{"line":35,"column":16},"end":{"line":35,"column":50}},{"start":{"line":35,"column":54},"end":{"line":35,"column":87}}]},"6":{"loc":{"start":{"line":36,"column":16},"end":{"line":38,"column":17}},"type":"if","locations":[{"start":{"line":36,"column":16},"end":{"line":38,"column":17}}]}},"s":{"0":0,"1":0,"2":0,"3":0,"4":0,"5":0,"6":0,"7":0,"8":0,"9":0,"10":0,"11":0,"12":0,"13":0,"14":0,"15":0,"16":0,"17":0,"18":0,"19":0,"20":0,"21":0,"22":0,"23":0,"24":0,"25":0,"26":0,"27":0,"28":0,"29":0},"f":{"0":0,"1":0,"2":0,"3":0,"4":0,"5":0},"b":{"0":[0],"1":[0],"2":[0],"3":[0],"4":[0],"5":[0,0],"6":[0]}}
,"/Users/matusalenalves/Documents/Workspace/React/PDM/vitta/src/viewmodel/patient/usePatientHomeViewModel.ts": {"path":"/Users/matusalenalves/Documents/Workspace/React/PDM/vitta/src/viewmodel/patient/usePatientHomeViewModel.ts","statementMap":{"0":{"start":{"line":14,"column":0},"end":{"line":14,"column":24}},"1":{"start":{"line":1,"column":0},"end":{"line":1,"column":46}},"2":{"start":{"line":15,"column":50},"end":{"line":15,"column":79}},"3":{"start":{"line":16,"column":52},"end":{"line":16,"column":91}},"4":{"start":{"line":18,"column":25},"end":{"line":21,"column":10}},"5":{"start":{"line":19,"column":8},"end":{"line":19,"column":36}},"6":{"start":{"line":20,"column":8},"end":{"line":20,"column":40}},"7":{"start":{"line":23,"column":29},"end":{"line":26,"column":10}},"8":{"start":{"line":24,"column":8},"end":{"line":24,"column":36}},"9":{"start":{"line":25,"column":8},"end":{"line":25,"column":47}},"10":{"start":{"line":28,"column":28},"end":{"line":30,"column":10}},"11":{"start":{"line":29,"column":8},"end":{"line":29,"column":33}},"12":{"start":{"line":32,"column":4},"end":{"line":38,"column":6}}},"fnMap":{"0":{"name":"usePatientHomeViewModel","decl":{"start":{"line":14,"column":24},"end":{"line":14,"column":47}},"loc":{"start":{"line":14,"column":47},"end":{"line":39,"column":1}}},"1":{"name":"(anonymous_1)","decl":{"start":{"line":18,"column":37},"end":{"line":18,"column":40}},"loc":{"start":{"line":18,"column":42},"end":{"line":21,"column":5}}},"2":{"name":"(anonymous_2)","decl":{"start":{"line":23,"column":41},"end":{"line":23,"column":44}},"loc":{"start":{"line":23,"column":46},"end":{"line":26,"column":5}}},"3":{"name":"(anonymous_3)","decl":{"start":{"line":28,"column":40},"end":{"line":28,"column":43}},"loc":{"start":{"line":28,"column":45},"end":{"line":30,"column":5}}}},"branchMap":{},"s":{"0":1,"1":1,"2":7,"3":7,"4":7,"5":2,"6":2,"7":7,"8":1,"9":1,"10":7,"11":1,"12":7},"f":{"0":7,"1":2,"2":1,"3":1},"b":{}}
}
