TN:
SF:src/infra/calendar/calendarService.ts
FN:6,(anonymous_9)
FN:11,(anonymous_10)
FN:16,(anonymous_11)
FN:20,(anonymous_12)
FN:33,(anonymous_13)
FN:46,(anonymous_14)
FN:50,(anonymous_15)
FN:60,(anonymous_16)
FN:69,(anonymous_17)
FN:80,(anonymous_18)
FN:84,(anonymous_19)
FNF:11
FNH:0
FNDA:0,(anonymous_9)
FNDA:0,(anonymous_10)
FNDA:0,(anonymous_11)
FNDA:0,(anonymous_12)
FNDA:0,(anonymous_13)
FNDA:0,(anonymous_14)
FNDA:0,(anonymous_15)
FNDA:0,(anonymous_16)
FNDA:0,(anonymous_17)
FNDA:0,(anonymous_18)
FNDA:0,(anonymous_19)
DA:1,0
DA:2,0
DA:5,0
DA:7,0
DA:8,0
DA:12,0
DA:13,0
DA:17,0
DA:21,0
DA:22,0
DA:23,0
DA:34,0
DA:35,0
DA:43,0
DA:47,0
DA:51,0
DA:52,0
DA:54,0
DA:55,0
DA:57,0
DA:61,0
DA:62,0
DA:63,0
DA:64,0
DA:68,0
DA:69,0
DA:70,0
DA:71,0
DA:73,0
DA:74,0
DA:77,0
DA:81,0
DA:82,0
DA:84,0
LF:34
LH:0
BRDA:51,0,0,0
BRDA:54,1,0,0
BRDA:61,2,0,0
BRDA:63,3,0,0
BRDA:70,4,0,0
BRDA:73,5,0,0
BRDA:81,6,0,0
BRDA:81,7,0,0
BRDA:81,7,1,0
BRF:9
BRH:0
end_of_record
TN:
SF:src/infra/env/publicEnv.ts
FN:5,getExtraEnv
FN:10,getPublicEnv
FNF:2
FNH:2
FNDA:4,getExtraEnv
FNDA:4,getPublicEnv
DA:1,1
DA:6,4
DA:7,4
DA:10,1
DA:11,4
LF:5
LH:5
BRDA:6,0,0,4
BRDA:6,0,1,0
BRDA:6,0,2,0
BRDA:11,1,0,4
BRDA:11,1,1,4
BRF:5
BRH:3
end_of_record
TN:
SF:src/infra/firebase/repository/firebaseAppointmentRepository.ts
FN:23,(anonymous_1)
FN:39,(anonymous_2)
FN:61,(anonymous_3)
FN:71,(anonymous_4)
FN:87,(anonymous_5)
FN:99,(anonymous_6)
FN:105,(anonymous_7)
FN:120,(anonymous_8)
FN:126,(anonymous_9)
FN:142,(anonymous_10)
FN:148,(anonymous_11)
FN:167,(anonymous_12)
FN:173,(anonymous_13)
FN:192,(anonymous_14)
FN:198,(anonymous_15)
FN:211,(anonymous_16)
FN:241,(anonymous_17)
FN:256,(anonymous_18)
FN:257,(anonymous_19)
FN:262,(anonymous_20)
FN:270,(anonymous_21)
FN:286,(anonymous_22)
FN:287,(anonymous_23)
FN:292,(anonymous_24)
FN:300,(anonymous_25)
FN:315,(anonymous_26)
FN:316,(anonymous_27)
FN:321,(anonymous_28)
FNF:28
FNH:20
FNDA:7,(anonymous_1)
FNDA:3,(anonymous_2)
FNDA:3,(anonymous_3)
FNDA:4,(anonymous_4)
FNDA:3,(anonymous_5)
FNDA:1,(anonymous_6)
FNDA:4,(anonymous_7)
FNDA:1,(anonymous_8)
FNDA:4,(anonymous_9)
FNDA:1,(anonymous_10)
FNDA:3,(anonymous_11)
FNDA:1,(anonymous_12)
FNDA:0,(anonymous_13)
FNDA:0,(anonymous_14)
FNDA:3,(anonymous_15)
FNDA:0,(anonymous_16)
FNDA:2,(anonymous_17)
FNDA:1,(anonymous_18)
FNDA:1,(anonymous_19)
FNDA:1,(anonymous_20)
FNDA:2,(anonymous_21)
FNDA:2,(anonymous_22)
FNDA:1,(anonymous_23)
FNDA:0,(anonymous_24)
FNDA:0,(anonymous_25)
FNDA:0,(anonymous_26)
FNDA:0,(anonymous_27)
FNDA:0,(anonymous_28)
DA:3,1
DA:4,1
DA:5,1
DA:20,1
DA:21,21
DA:24,7
DA:40,3
DA:51,3
DA:52,0
DA:54,3
DA:55,0
DA:58,3
DA:62,3
DA:63,3
DA:64,3
DA:65,3
DA:67,2
DA:72,4
DA:73,4
DA:74,4
DA:75,4
DA:77,2
DA:78,1
DA:81,1
DA:83,2
DA:88,3
DA:89,3
DA:90,3
DA:91,3
DA:98,3
DA:99,1
DA:101,2
DA:106,4
DA:107,4
DA:108,4
DA:109,4
DA:114,4
DA:115,1
DA:118,4
DA:119,4
DA:120,2
DA:122,2
DA:127,4
DA:128,4
DA:129,4
DA:130,4
DA:136,4
DA:137,1
DA:140,4
DA:141,4
DA:142,2
DA:144,2
DA:153,3
DA:154,3
DA:155,3
DA:156,3
DA:166,3
DA:167,1
DA:169,2
DA:178,0
DA:179,0
DA:180,0
DA:181,0
DA:191,0
DA:192,0
DA:194,0
DA:199,3
DA:200,3
DA:201,3
DA:202,3
DA:207,2
DA:218,0
DA:219,0
DA:220,0
DA:221,0
DA:223,0
DA:224,0
DA:226,0
DA:227,0
DA:230,0
DA:231,0
DA:234,0
DA:236,0
DA:245,2
DA:246,2
DA:247,2
DA:254,2
DA:257,1
DA:258,1
DA:260,1
DA:263,1
DA:267,2
DA:274,2
DA:275,2
DA:276,2
DA:284,2
DA:287,2
DA:288,1
DA:290,2
DA:293,0
DA:297,2
DA:304,0
DA:305,0
DA:306,0
DA:313,0
DA:316,0
DA:317,0
DA:319,0
DA:322,0
DA:326,0
LF:110
LH:79
BRDA:51,0,0,0
BRDA:54,1,0,0
BRDA:77,2,0,1
BRDA:114,3,0,1
BRDA:136,4,0,1
BRDA:223,5,0,0
BRDA:224,6,0,0
BRDA:224,6,1,0
BRDA:226,7,0,0
BRDA:227,8,0,0
BRDA:227,8,1,0
BRDA:230,9,0,0
BRF:12
BRH:3
end_of_record
TN:
SF:src/infra/firebase/repository/firebaseUserRepository.ts
FN:10,(anonymous_1)
FN:25,(anonymous_2)
FN:48,(anonymous_3)
FN:55,(anonymous_4)
FN:71,(anonymous_5)
FN:83,(anonymous_6)
FN:95,(anonymous_7)
FN:107,(anonymous_8)
FNF:8
FNH:8
FNDA:3,(anonymous_1)
FNDA:4,(anonymous_2)
FNDA:5,(anonymous_3)
FNDA:3,(anonymous_4)
FNDA:3,(anonymous_5)
FNDA:3,(anonymous_6)
FNDA:5,(anonymous_7)
FNDA:2,(anonymous_8)
DA:3,1
DA:4,1
DA:5,1
DA:7,1
DA:8,17
DA:11,3
DA:12,3
DA:13,3
DA:14,3
DA:21,2
DA:26,4
DA:27,4
DA:28,4
DA:29,4
DA:31,2
DA:32,1
DA:35,1
DA:36,1
DA:44,2
DA:49,5
DA:50,5
DA:51,5
DA:52,5
DA:53,5
DA:55,3
DA:56,3
DA:57,3
DA:66,2
DA:67,2
DA:72,3
DA:73,3
DA:74,3
DA:75,3
DA:79,2
DA:84,3
DA:85,3
DA:86,3
DA:87,3
DA:91,2
DA:96,5
DA:97,5
DA:98,5
DA:99,5
DA:100,3
DA:101,1
DA:103,2
DA:104,2
DA:105,1
DA:107,2
DA:109,2
LF:50
LH:50
BRDA:31,0,0,1
BRDA:62,1,0,3
BRDA:62,1,1,1
BRDA:100,2,0,1
BRDA:104,3,0,1
BRF:5
BRH:5
end_of_record
TN:
SF:src/infra/firebase/service/firebaseAuthService.ts
FN:15,(anonymous_1)
FN:32,(anonymous_2)
FN:45,(anonymous_3)
FN:53,(anonymous_4)
FN:61,(anonymous_5)
FN:62,(anonymous_6)
FNF:6
FNH:5
FNDA:6,(anonymous_1)
FNDA:4,(anonymous_2)
FNDA:3,(anonymous_3)
FNDA:0,(anonymous_4)
FNDA:3,(anonymous_5)
FNDA:3,(anonymous_6)
DA:2,1
DA:4,1
DA:12,1
DA:14,1
DA:16,6
DA:17,6
DA:18,6
DA:19,2
DA:24,4
DA:25,4
DA:26,2
DA:28,2
DA:33,4
DA:34,4
DA:35,4
DA:36,2
DA:41,2
DA:46,3
DA:47,3
DA:49,2
DA:54,0
DA:55,0
DA:57,0
DA:62,3
DA:63,3
DA:64,2
DA:69,1
LF:27
LH:24
BRDA:21,0,0,2
BRDA:21,0,1,1
BRDA:25,1,0,2
BRDA:38,2,0,2
BRDA:38,2,1,1
BRDA:63,3,0,2
BRDA:63,3,1,1
BRDA:66,4,0,2
BRDA:66,4,1,1
BRF:9
BRH:9
end_of_record
TN:
SF:src/infra/notifications/pushNotificationSender.ts
FN:10,(anonymous_0)
FN:15,(anonymous_1)
FNF:2
FNH:2
FNDA:4,(anonymous_0)
FNDA:4,(anonymous_1)
DA:2,1
DA:4,1
DA:6,1
DA:11,4
DA:12,4
DA:16,4
DA:17,1
DA:18,1
DA:21,3
DA:22,1
DA:25,2
DA:26,2
DA:29,2
DA:30,1
DA:31,1
DA:34,2
DA:45,2
DA:46,1
DA:47,1
LF:19
LH:19
BRDA:11,0,0,4
BRDA:11,0,1,1
BRDA:12,1,0,4
BRDA:12,1,1,3
BRDA:16,2,0,1
BRDA:21,3,0,1
BRDA:29,4,0,1
BRDA:41,5,0,2
BRDA:41,5,1,2
BRDA:45,6,0,1
BRF:10
BRH:10
end_of_record
TN:
SF:src/infra/notifications/pushNotificationService.ts
FN:10,(anonymous_10)
FN:25,(anonymous_11)
FN:46,(anonymous_12)
FN:58,(anonymous_13)
FN:69,(anonymous_14)
FNF:5
FNH:5
FNDA:2,(anonymous_10)
FNDA:1,(anonymous_11)
FNDA:2,(anonymous_12)
FNDA:1,(anonymous_13)
FNDA:1,(anonymous_14)
DA:1,1
DA:2,1
DA:3,1
DA:4,1
DA:7,1
DA:9,1
DA:11,2
DA:12,2
DA:13,1
DA:14,1
DA:15,1
DA:17,0
DA:18,0
DA:20,0
DA:22,1
DA:26,1
DA:33,1
DA:34,1
DA:35,1
DA:36,0
DA:38,1
DA:39,1
DA:41,0
DA:43,0
DA:47,2
DA:48,1
DA:51,1
DA:52,1
DA:55,1
DA:59,1
DA:60,0
DA:63,1
DA:70,1
LF:33
LH:26
BRDA:12,0,0,1
BRDA:14,1,0,1
BRDA:14,2,0,1
BRDA:14,2,1,0
BRDA:17,3,0,0
BRDA:22,4,0,1
BRDA:22,4,1,0
BRDA:22,5,0,0
BRDA:22,5,1,0
BRDA:33,6,0,1
BRDA:35,7,0,0
BRDA:35,8,0,1
BRDA:35,8,1,1
BRDA:38,9,0,1
BRDA:43,10,0,0
BRDA:43,10,1,0
BRDA:43,11,0,0
BRDA:43,11,1,0
BRDA:47,12,0,1
BRDA:51,13,0,1
BRDA:51,13,1,0
BRDA:52,14,0,1
BRDA:52,14,1,0
BRDA:59,15,0,0
BRF:24
BRH:11
end_of_record
TN:
SF:src/model/errors/authError.ts
FNF:0
FNH:0
DA:1,12
LF:1
LH:1
BRF:0
BRH:0
end_of_record
TN:
SF:src/model/errors/repositoryError.ts
FNF:0
FNH:0
DA:1,19
LF:1
LH:1
BRF:0
BRH:0
end_of_record
TN:
SF:src/model/errors/validationError.ts
FNF:0
FNH:0
DA:1,31
LF:1
LH:1
BRF:0
BRH:0
end_of_record
TN:
SF:src/model/factories/makeAppointment.ts
FN:16,makeAppointment
FNF:1
FNH:1
FNDA:50,makeAppointment
DA:2,7
DA:16,7
DA:17,50
DA:19,50
LF:4
LH:4
BRDA:20,0,0,50
BRDA:20,0,1,36
BRDA:26,1,0,50
BRDA:26,1,1,32
BRF:4
BRH:4
end_of_record
TN:
SF:src/model/factories/makeTimeSlot.ts
FN:10,makeTimeSlot
FNF:1
FNH:1
FNDA:148,makeTimeSlot
DA:10,3
DA:11,148
LF:2
LH:2
BRDA:15,0,0,148
BRDA:15,0,1,3
BRF:2
BRH:2
end_of_record
TN:
SF:src/model/factories/makeUser.ts
FN:11,makeUser
FNF:1
FNH:1
FNDA:11,makeUser
DA:2,3
DA:11,3
DA:12,11
LF:3
LH:3
BRDA:13,0,0,11
BRDA:13,0,1,1
BRF:2
BRH:2
end_of_record
TN:
SF:src/model/utils/idUtils.ts
FN:1,generateId
FNF:1
FNH:1
FNDA:37,generateId
DA:1,10
DA:2,37
DA:3,37
DA:5,0
LF:4
LH:3
BRDA:2,0,0,37
BRDA:2,1,0,37
BRDA:2,1,1,37
BRF:3
BRH:3
end_of_record
TN:
SF:src/model/utils/timeSlotUtils.ts
FN:10,isWeekday
FN:15,formatDateToISO
FNF:2
FNH:2
FNDA:132,isWeekday
FNDA:95,formatDateToISO
DA:1,7
DA:8,7
DA:10,7
DA:11,132
DA:12,132
DA:15,7
DA:16,95
DA:17,95
DA:18,95
DA:19,95
LF:10
LH:10
BRF:0
BRH:0
end_of_record
TN:
SF:src/usecase/appointment/availability/getAvailableTimeSlotsUseCase.ts
FN:16,(anonymous_0)
FN:20,(anonymous_1)
FN:44,(anonymous_2)
FN:72,(anonymous_3)
FN:127,(anonymous_4)
FN:158,(anonymous_5)
FN:165,(anonymous_6)
FN:169,(anonymous_7)
FN:173,(anonymous_8)
FN:178,(anonymous_9)
FN:181,(anonymous_10)
FN:188,(anonymous_11)
FN:190,(anonymous_12)
FN:193,(anonymous_13)
FN:197,(anonymous_14)
FN:205,(anonymous_15)
FNF:16
FNH:16
FNDA:20,(anonymous_0)
FNDA:19,(anonymous_1)
FNDA:14,(anonymous_2)
FNDA:4,(anonymous_3)
FNDA:5,(anonymous_4)
FNDA:3,(anonymous_5)
FNDA:26,(anonymous_6)
FNDA:4,(anonymous_7)
FNDA:16,(anonymous_8)
FNDA:19,(anonymous_9)
FNDA:16,(anonymous_10)
FNDA:3,(anonymous_11)
FNDA:3,(anonymous_12)
FNDA:4,(anonymous_13)
FNDA:16,(anonymous_14)
FNDA:150,(anonymous_15)
DA:3,2
DA:4,2
DA:11,2
DA:13,2
DA:17,20
DA:25,19
DA:27,19
DA:28,3
DA:31,16
DA:32,0
DA:35,16
DA:37,16
DA:41,16
DA:43,16
DA:44,14
DA:47,16
DA:49,16
DA:50,64
DA:51,64
DA:53,64
DA:58,42
DA:69,16
DA:78,4
DA:79,4
DA:81,4
DA:83,4
DA:84,4
DA:86,4
DA:91,4
DA:95,4
DA:96,4
DA:97,5
DA:98,5
DA:99,5
DA:102,4
DA:103,4
DA:104,1
DA:105,0
DA:107,1
DA:108,0
DA:110,1
DA:111,1
DA:112,1
DA:113,1
DA:116,4
DA:117,4
DA:118,4
DA:120,4
DA:121,71
DA:122,27
DA:123,27
DA:124,27
DA:126,27
DA:127,5
DA:130,27
DA:131,27
DA:132,108
DA:133,108
DA:138,101
DA:149,27
DA:152,71
DA:155,4
DA:159,3
DA:161,3
DA:162,3
DA:166,26
DA:170,4
DA:177,16
DA:178,19
DA:182,16
DA:183,12
DA:186,4
DA:187,4
DA:188,3
DA:190,4
DA:194,4
DA:198,16
DA:199,16
DA:200,16
DA:201,16
DA:202,16
DA:206,150
DA:207,150
DA:208,0
DA:211,150
DA:212,150
DA:213,150
LF:87
LH:83
BRDA:27,0,0,3
BRDA:31,1,0,0
BRDA:53,2,0,42
BRDA:54,3,0,64
BRDA:54,3,1,50
BRDA:54,3,2,47
BRDA:91,4,0,2
BRDA:91,4,1,2
BRDA:97,5,0,5
BRDA:97,5,1,2
BRDA:104,6,0,0
BRDA:107,7,0,0
BRDA:107,8,0,1
BRDA:107,8,1,1
BRDA:111,9,0,1
BRDA:111,9,1,1
BRDA:121,10,0,27
BRDA:121,11,0,71
BRDA:121,11,1,53
BRDA:123,12,0,27
BRDA:123,12,1,25
BRDA:124,13,0,27
BRDA:124,13,1,26
BRDA:133,14,0,101
BRDA:134,15,0,108
BRDA:134,15,1,103
BRDA:134,15,2,103
BRDA:182,16,0,12
BRDA:188,17,0,3
BRDA:188,17,1,3
BRDA:194,18,0,4
BRDA:194,18,1,1
BRDA:194,18,2,0
BRDA:194,18,3,0
BRDA:194,18,4,0
BRDA:207,19,0,0
BRDA:207,20,0,150
BRDA:207,20,1,150
BRF:38
BRH:31
end_of_record
TN:
SF:src/usecase/appointment/details/getAppointmentDetailsUseCase.ts
FN:9,(anonymous_0)
FN:13,(anonymous_1)
FN:19,(anonymous_2)
FNF:3
FNH:3
FNDA:9,(anonymous_0)
FNDA:10,(anonymous_1)
FNDA:10,(anonymous_2)
DA:2,1
DA:6,1
DA:10,9
DA:14,10
DA:16,7
DA:20,10
LF:6
LH:6
BRF:0
BRH:0
end_of_record
TN:
SF:src/usecase/appointment/list/listAppointmentConflictsUseCase.ts
FN:7,(anonymous_0)
FN:9,(anonymous_1)
FN:20,(anonymous_2)
FNF:3
FNH:3
FNDA:3,(anonymous_0)
FNDA:3,(anonymous_1)
FNDA:5,(anonymous_2)
DA:3,1
DA:6,1
DA:7,3
DA:15,3
DA:17,2
DA:19,2
DA:21,5
LF:7
LH:7
BRDA:21,0,0,5
BRDA:21,0,1,4
BRDA:21,0,2,4
BRDA:21,0,3,3
BRF:4
BRH:4
end_of_record
TN:
SF:src/usecase/appointment/list/listNutritionistAgendaUseCase.ts
FN:10,(anonymous_0)
FN:14,(anonymous_1)
FN:45,(anonymous_2)
FN:49,(anonymous_3)
FN:54,(anonymous_4)
FN:62,(anonymous_5)
FN:63,(anonymous_6)
FN:66,(anonymous_7)
FN:77,(anonymous_8)
FN:81,(anonymous_9)
FNF:10
FNH:9
FNDA:9,(anonymous_0)
FNDA:6,(anonymous_1)
FNDA:6,(anonymous_2)
FNDA:5,(anonymous_3)
FNDA:4,(anonymous_4)
FNDA:9,(anonymous_5)
FNDA:4,(anonymous_6)
FNDA:0,(anonymous_7)
FNDA:10,(anonymous_8)
FNDA:6,(anonymous_9)
DA:3,2
DA:5,2
DA:7,2
DA:11,9
DA:19,6
DA:21,6
DA:22,6
DA:23,6
DA:25,6
DA:26,6
DA:28,6
DA:34,6
DA:36,6
DA:37,11
DA:38,11
DA:39,11
DA:42,6
DA:44,6
DA:45,7
DA:46,7
DA:49,6
DA:51,6
DA:55,4
DA:57,4
DA:59,4
DA:61,4
DA:62,9
DA:63,4
DA:70,0
DA:71,0
DA:78,10
DA:82,6
LF:32
LH:30
BRDA:21,0,0,6
BRDA:21,0,1,4
BRDA:22,1,0,6
BRDA:22,1,1,4
BRDA:37,2,0,11
BRDA:37,2,1,7
BRDA:62,3,0,9
BRDA:62,3,1,3
BRF:8
BRH:8
end_of_record
TN:
SF:src/usecase/appointment/list/listPatientAppointmentsUseCase.ts
FN:9,(anonymous_0)
FN:13,(anonymous_1)
FN:19,(anonymous_2)
FN:24,(anonymous_3)
FN:30,(anonymous_4)
FN:39,(anonymous_5)
FN:47,(anonymous_6)
FNF:7
FNH:7
FNDA:11,(anonymous_0)
FNDA:9,(anonymous_1)
FNDA:13,(anonymous_2)
FNDA:5,(anonymous_3)
FNDA:2,(anonymous_4)
FNDA:2,(anonymous_5)
FNDA:11,(anonymous_6)
DA:4,1
DA:6,1
DA:10,11
DA:14,9
DA:16,9
DA:18,9
DA:19,13
DA:22,9
DA:23,2
DA:24,5
DA:27,9
DA:34,2
DA:36,2
DA:40,2
DA:41,2
DA:42,2
DA:43,2
DA:44,2
DA:48,11
LF:19
LH:19
BRDA:18,0,0,5
BRDA:22,1,0,2
BRF:2
BRH:2
end_of_record
TN:
SF:src/usecase/appointment/list/listPendingAppointmentsUseCase.ts
FN:9,(anonymous_0)
FN:13,(anonymous_1)
FN:21,(anonymous_2)
FN:30,(anonymous_3)
FN:38,(anonymous_4)
FNF:5
FNH:4
FNDA:4,(anonymous_0)
FNDA:4,(anonymous_1)
FNDA:9,(anonymous_2)
FNDA:0,(anonymous_3)
FNDA:4,(anonymous_4)
DA:4,1
DA:6,1
DA:10,4
DA:14,4
DA:16,4
DA:21,4
DA:22,9
DA:23,9
DA:24,5
DA:26,4
DA:34,0
DA:35,0
DA:39,4
LF:13
LH:11
BRDA:23,0,0,5
BRF:1
BRH:1
end_of_record
TN:
SF:src/usecase/appointment/request/requestAppointmentUseCase.ts
FN:12,(anonymous_1)
FN:16,(anonymous_2)
FN:22,(anonymous_3)
FN:53,(anonymous_4)
FN:71,(anonymous_5)
FN:89,(anonymous_6)
FN:97,(anonymous_7)
FN:105,(anonymous_8)
FN:112,(anonymous_9)
FN:125,(anonymous_10)
FNF:10
FNH:10
FNDA:26,(anonymous_1)
FNDA:28,(anonymous_2)
FNDA:28,(anonymous_3)
FNDA:19,(anonymous_4)
FNDA:23,(anonymous_5)
FNDA:19,(anonymous_6)
FNDA:6,(anonymous_7)
FNDA:23,(anonymous_8)
FNDA:29,(anonymous_9)
FNDA:6,(anonymous_10)
DA:2,2
DA:3,2
DA:4,2
DA:7,2
DA:9,2
DA:13,26
DA:17,28
DA:18,18
DA:19,18
DA:23,28
DA:24,28
DA:25,28
DA:26,24
DA:27,24
DA:29,23
DA:30,23
DA:36,19
DA:43,18
DA:59,19
DA:66,19
DA:67,1
DA:77,23
DA:84,23
DA:85,4
DA:95,19
DA:97,19
DA:98,6
DA:99,2
DA:101,4
DA:111,23
DA:112,23
DA:113,29
DA:114,29
DA:116,0
DA:117,0
DA:118,0
DA:120,0
DA:123,23
DA:125,23
DA:126,6
DA:127,6
DA:132,2
DA:134,4
LF:43
LH:39
BRDA:66,0,0,1
BRDA:84,1,0,4
BRDA:98,2,0,2
BRDA:98,3,0,6
BRDA:98,3,1,4
BRDA:113,4,0,29
BRDA:117,5,0,0
BRDA:127,6,0,2
BRDA:128,7,0,6
BRDA:128,7,1,5
BRDA:128,7,2,4
BRDA:134,8,0,4
BRDA:134,8,1,2
BRF:13
BRH:12
end_of_record
TN:
SF:src/usecase/appointment/request/validator/requestAppointmentValidator.ts
FN:6,assertValidIds
FN:11,assertValidTimes
FN:16,assertValidDate
FN:31,assertSlotNotInPast
FN:46,assertValidSlot
FN:48,(anonymous_6)
FNF:6
FNH:6
FNDA:28,assertValidIds
FNDA:28,assertValidTimes
FNDA:30,assertValidDate
FNDA:27,assertSlotNotInPast
FNDA:26,assertValidSlot
FNDA:41,(anonymous_6)
DA:1,3
DA:2,3
DA:3,3
DA:6,3
DA:7,28
DA:8,28
DA:11,3
DA:12,28
DA:13,28
DA:16,3
DA:17,30
DA:18,4
DA:21,26
DA:22,26
DA:23,26
DA:24,26
DA:26,26
DA:27,2
DA:31,3
DA:32,27
DA:33,27
DA:34,1
DA:37,26
DA:38,26
DA:39,26
DA:41,26
DA:42,1
DA:46,3
DA:47,26
DA:48,41
DA:51,26
DA:52,2
LF:32
LH:32
BRDA:17,0,0,4
BRDA:26,1,0,2
BRDA:33,2,0,1
BRDA:33,3,0,27
BRDA:33,3,1,26
BRDA:41,4,0,1
BRDA:48,5,0,41
BRDA:48,5,1,24
BRDA:51,6,0,2
BRF:9
BRH:9
end_of_record
TN:
SF:src/usecase/appointment/status/acceptAppointmentUseCase.ts
FN:13,(anonymous_1)
FN:22,(anonymous_2)
FN:29,(anonymous_3)
FN:37,(anonymous_4)
FN:41,(anonymous_5)
FN:49,(anonymous_6)
FN:55,(anonymous_7)
FN:69,(anonymous_8)
FN:77,(anonymous_9)
FN:85,(anonymous_10)
FN:89,(anonymous_11)
FNF:11
FNH:11
FNDA:11,(anonymous_1)
FNDA:14,(anonymous_2)
FNDA:14,(anonymous_3)
FNDA:14,(anonymous_4)
FNDA:20,(anonymous_5)
FNDA:12,(anonymous_6)
FNDA:8,(anonymous_7)
FNDA:6,(anonymous_8)
FNDA:13,(anonymous_9)
FNDA:3,(anonymous_10)
FNDA:6,(anonymous_11)
DA:2,2
DA:3,2
DA:5,2
DA:9,2
DA:17,11
DA:18,11
DA:23,14
DA:24,6
DA:25,6
DA:26,6
DA:30,14
DA:32,14
DA:33,12
DA:34,8
DA:38,14
DA:42,20
DA:43,20
DA:44,2
DA:46,18
DA:50,12
DA:51,4
DA:56,8
DA:64,8
DA:65,2
DA:70,6
DA:71,6
DA:76,6
DA:78,13
DA:84,6
DA:85,3
DA:90,6
DA:91,6
DA:92,0
DA:94,6
LF:34
LH:33
BRDA:19,0,0,11
BRDA:19,0,1,11
BRDA:43,1,0,2
BRDA:50,2,0,4
BRDA:64,3,0,2
BRDA:78,4,0,13
BRDA:78,4,1,7
BRDA:78,4,2,5
BRDA:78,4,3,3
BRDA:91,5,0,0
BRF:10
BRH:9
end_of_record
TN:
SF:src/usecase/appointment/status/cancelAppointmentUseCase.ts
FN:10,(anonymous_1)
FN:14,(anonymous_2)
FN:20,(anonymous_3)
FN:27,(anonymous_4)
FN:31,(anonymous_5)
FN:39,(anonymous_6)
FN:45,(anonymous_7)
FNF:7
FNH:7
FNDA:5,(anonymous_1)
FNDA:5,(anonymous_2)
FNDA:5,(anonymous_3)
FNDA:5,(anonymous_4)
FNDA:4,(anonymous_5)
FNDA:3,(anonymous_6)
FNDA:2,(anonymous_7)
DA:2,1
DA:3,1
DA:7,1
DA:11,5
DA:15,5
DA:16,2
DA:17,2
DA:21,5
DA:23,4
DA:24,3
DA:28,5
DA:32,4
DA:33,4
DA:34,1
DA:36,3
DA:40,3
DA:41,1
DA:46,2
DA:47,2
DA:48,1
DA:50,1
LF:21
LH:21
BRDA:33,0,0,1
BRDA:40,1,0,1
BRDA:40,2,0,3
BRDA:40,2,1,2
BRDA:47,3,0,1
BRF:5
BRH:5
end_of_record
TN:
SF:src/usecase/appointment/status/checkAppointmentConflictUseCase.ts
FN:9,(anonymous_1)
FN:13,(anonymous_2)
FN:21,(anonymous_3)
FN:32,(anonymous_4)
FNF:4
FNH:4
FNDA:17,(anonymous_1)
FNDA:15,(anonymous_2)
FNDA:23,(anonymous_3)
FNDA:15,(anonymous_4)
DA:2,3
DA:3,3
DA:6,3
DA:10,17
DA:14,15
DA:16,13
DA:21,13
DA:22,23
DA:23,9
DA:25,14
DA:26,3
DA:28,11
DA:33,15
DA:34,14
DA:35,14
DA:36,14
DA:38,14
DA:39,1
LF:18
LH:18
BRDA:22,0,0,9
BRDA:25,1,0,3
BRDA:25,2,0,14
BRDA:25,2,1,11
BRDA:38,3,0,1
BRF:5
BRH:5
end_of_record
TN:
SF:src/usecase/appointment/status/reactivateAppointmentUseCase.ts
FN:8,(anonymous_1)
FN:10,(anonymous_2)
FN:30,(anonymous_3)
FN:34,(anonymous_4)
FN:42,(anonymous_5)
FN:49,(anonymous_6)
FNF:6
FNH:6
FNDA:5,(anonymous_1)
FNDA:5,(anonymous_2)
FNDA:5,(anonymous_3)
FNDA:5,(anonymous_4)
FNDA:2,(anonymous_5)
FNDA:3,(anonymous_6)
DA:2,1
DA:4,1
DA:7,1
DA:8,5
DA:11,5
DA:13,4
DA:15,3
DA:16,1
DA:19,2
DA:20,2
DA:21,1
DA:26,1
DA:27,1
DA:31,5
DA:35,5
DA:36,5
DA:37,1
DA:39,4
DA:43,2
DA:48,2
DA:50,3
LF:21
LH:21
BRDA:15,0,0,1
BRDA:20,1,0,1
BRDA:36,2,0,1
BRDA:50,3,0,3
BRDA:50,3,1,1
BRDA:50,3,2,1
BRDA:50,3,3,1
BRF:7
BRH:7
end_of_record
TN:
SF:src/usecase/appointment/status/rejectAppointmentUseCase.ts
FN:10,(anonymous_1)
FN:14,(anonymous_2)
FN:20,(anonymous_3)
FN:27,(anonymous_4)
FN:31,(anonymous_5)
FN:39,(anonymous_6)
FN:45,(anonymous_7)
FNF:7
FNH:7
FNDA:6,(anonymous_1)
FNDA:8,(anonymous_2)
FNDA:8,(anonymous_3)
FNDA:8,(anonymous_4)
FNDA:8,(anonymous_5)
FNDA:6,(anonymous_6)
FNDA:2,(anonymous_7)
DA:2,1
DA:3,1
DA:7,1
DA:11,6
DA:15,8
DA:16,2
DA:17,2
DA:21,8
DA:23,8
DA:24,6
DA:28,8
DA:32,8
DA:33,8
DA:34,2
DA:36,6
DA:40,6
DA:41,4
DA:46,2
DA:47,2
DA:48,0
DA:50,2
LF:21
LH:20
BRDA:33,0,0,2
BRDA:40,1,0,4
BRDA:47,2,0,0
BRF:3
BRH:2
end_of_record
TN:
SF:src/usecase/appointment/status/resolveAppointmentConflictUseCase.ts
FN:8,(anonymous_1)
FN:10,(anonymous_2)
FN:22,(anonymous_3)
FN:26,(anonymous_4)
FN:36,(anonymous_5)
FN:40,(anonymous_6)
FN:48,(anonymous_7)
FN:55,(anonymous_8)
FNF:8
FNH:0
FNDA:0,(anonymous_1)
FNDA:0,(anonymous_2)
FNDA:0,(anonymous_3)
FNDA:0,(anonymous_4)
FNDA:0,(anonymous_5)
FNDA:0,(anonymous_6)
FNDA:0,(anonymous_7)
FNDA:0,(anonymous_8)
DA:2,0
DA:4,0
DA:7,0
DA:8,0
DA:11,0
DA:13,0
DA:15,0
DA:16,0
DA:19,0
DA:21,0
DA:22,0
DA:25,0
DA:26,0
DA:29,0
DA:30,0
DA:33,0
DA:37,0
DA:41,0
DA:42,0
DA:43,0
DA:45,0
DA:49,0
DA:54,0
DA:56,0
LF:24
LH:0
BRDA:15,0,0,0
BRDA:15,1,0,0
BRDA:15,1,1,0
BRDA:22,2,0,0
BRDA:22,2,1,0
BRDA:29,3,0,0
BRDA:42,4,0,0
BRDA:56,5,0,0
BRDA:56,5,1,0
BRDA:56,5,2,0
BRDA:56,5,3,0
BRF:11
BRH:0
end_of_record
TN:
SF:src/usecase/auth/authUseCases.ts
FN:15,(anonymous_1)
FN:20,(anonymous_2)
FN:40,(anonymous_3)
FN:56,(anonymous_4)
FN:67,(anonymous_5)
FN:80,(anonymous_6)
FN:81,(anonymous_7)
FNF:7
FNH:7
FNDA:27,(anonymous_1)
FNDA:8,(anonymous_2)
FNDA:9,(anonymous_3)
FNDA:4,(anonymous_4)
FNDA:6,(anonymous_5)
FNDA:7,(anonymous_6)
FNDA:10,(anonymous_7)
DA:2,2
DA:3,2
DA:4,2
DA:5,2
DA:8,2
DA:11,2
DA:16,27
DA:17,27
DA:21,8
DA:23,6
DA:24,6
DA:25,4
DA:27,3
DA:28,1
DA:31,2
DA:33,4
DA:34,3
DA:36,1
DA:41,9
DA:43,6
DA:44,6
DA:45,4
DA:46,4
DA:47,3
DA:49,3
DA:50,2
DA:52,1
DA:57,4
DA:58,4
DA:60,2
DA:61,1
DA:63,1
DA:68,6
DA:70,5
DA:71,5
DA:73,3
DA:74,2
DA:76,1
DA:81,7
DA:82,10
DA:83,6
DA:84,6
DA:85,5
DA:87,1
DA:90,4
LF:45
LH:45
BRDA:27,0,0,1
BRDA:33,1,0,3
BRDA:33,2,0,4
BRDA:33,2,1,2
BRDA:33,2,2,1
BRDA:49,3,0,2
BRDA:49,4,0,3
BRDA:49,4,1,2
BRDA:49,4,2,1
BRDA:60,5,0,1
BRDA:73,6,0,2
BRDA:73,7,0,3
BRDA:73,7,1,1
BRDA:82,8,0,6
BRDA:82,8,1,4
BRDA:82,9,0,10
BRDA:82,9,1,7
BRF:17
BRH:17
end_of_record
TN:
SF:src/usecase/auth/validator/authValidator.ts
FN:4,(anonymous_1)
FN:14,(anonymous_2)
FN:32,(anonymous_3)
FN:42,(anonymous_4)
FNF:4
FNH:4
FNDA:15,(anonymous_1)
FNDA:26,(anonymous_2)
FNDA:6,(anonymous_3)
FNDA:28,(anonymous_4)
DA:1,3
DA:3,3
DA:5,15
DA:6,5
DA:9,10
DA:10,3
DA:15,26
DA:16,3
DA:19,23
DA:20,1
DA:23,22
DA:24,6
DA:27,16
DA:28,3
DA:33,6
DA:34,0
DA:37,6
DA:38,1
DA:43,28
DA:44,28
LF:20
LH:19
BRDA:5,0,0,5
BRDA:5,1,0,15
BRDA:5,1,1,11
BRDA:9,2,0,3
BRDA:9,3,0,10
BRDA:9,3,1,8
BRDA:15,4,0,3
BRDA:15,5,0,26
BRDA:15,5,1,24
BRDA:19,6,0,1
BRDA:19,7,0,23
BRDA:19,7,1,22
BRDA:23,8,0,6
BRDA:27,9,0,3
BRDA:27,10,0,16
BRDA:27,10,1,15
BRDA:33,11,0,0
BRDA:33,12,0,6
BRDA:33,12,1,6
BRDA:37,13,0,1
BRF:20
BRH:19
end_of_record
TN:
SF:src/usecase/calendar/appointmentCalendarSyncUseCase.ts
FN:9,(anonymous_0)
FN:14,(anonymous_1)
FN:31,(anonymous_2)
FN:44,(anonymous_3)
FN:48,(anonymous_4)
FN:62,(anonymous_5)
FN:69,(anonymous_6)
FNF:7
FNH:7
FNDA:4,(anonymous_0)
FNDA:2,(anonymous_1)
FNDA:2,(anonymous_2)
FNDA:4,(anonymous_3)
FNDA:2,(anonymous_4)
FNDA:4,(anonymous_5)
FNDA:2,(anonymous_6)
DA:8,1
DA:10,4
DA:11,4
DA:15,2
DA:16,2
DA:18,2
DA:19,2
DA:20,1
DA:21,1
DA:24,1
DA:26,1
DA:32,2
DA:33,2
DA:34,2
DA:35,1
DA:38,1
DA:39,1
DA:45,4
DA:49,2
DA:50,2
DA:51,2
DA:53,2
DA:63,4
DA:64,4
DA:65,4
DA:66,4
DA:70,2
DA:71,2
DA:72,0
DA:74,2
LF:30
LH:29
BRDA:19,0,0,1
BRDA:34,1,0,1
BRDA:45,2,0,2
BRDA:45,2,1,2
BRDA:65,3,0,4
BRDA:65,3,1,0
BRDA:65,4,0,4
BRDA:65,4,1,0
BRDA:65,5,0,4
BRDA:65,5,1,0
BRDA:71,6,0,0
BRDA:71,7,0,2
BRDA:71,7,1,2
BRDA:71,7,2,2
BRF:14
BRH:10
end_of_record
TN:
SF:src/usecase/calendar/calendarPermissionUseCase.ts
FN:5,(anonymous_0)
FN:7,(anonymous_1)
FN:11,(anonymous_2)
FN:15,(anonymous_3)
FNF:4
FNH:4
FNDA:3,(anonymous_0)
FNDA:1,(anonymous_1)
FNDA:1,(anonymous_2)
FNDA:1,(anonymous_3)
DA:4,1
DA:5,3
DA:8,1
DA:12,1
DA:16,1
LF:5
LH:5
BRF:0
BRH:0
end_of_record
TN:
SF:src/usecase/notifications/appointmentPushNotificationUseCase.ts
FN:16,(anonymous_0)
FN:21,(anonymous_1)
FN:50,(anonymous_2)
FN:56,buildCopy
FN:103,formatDate
FNF:5
FNH:5
FNDA:4,(anonymous_0)
FNDA:4,(anonymous_1)
FNDA:6,(anonymous_2)
FNDA:3,buildCopy
FNDA:3,formatDate
DA:15,1
DA:17,4
DA:18,4
DA:26,4
DA:27,4
DA:28,4
DA:29,1
DA:32,3
DA:33,3
DA:34,3
DA:36,3
DA:51,6
DA:52,6
DA:62,3
DA:63,3
DA:65,3
DA:67,1
DA:72,1
DA:77,0
DA:83,1
DA:86,1
DA:91,0
DA:96,0
DA:104,3
DA:105,3
DA:106,0
DA:108,3
LF:27
LH:23
BRDA:26,0,0,1
BRDA:26,0,1,3
BRDA:28,1,0,1
BRDA:41,2,0,1
BRDA:41,2,1,2
BRDA:52,3,0,6
BRDA:52,3,1,0
BRDA:65,4,0,1
BRDA:65,4,1,1
BRDA:65,4,2,0
BRDA:65,4,3,1
BRDA:65,4,4,0
BRDA:65,4,5,0
BRDA:83,5,0,0
BRDA:83,5,1,1
BRDA:105,6,0,0
BRDA:105,7,0,3
BRDA:105,7,1,3
BRDA:105,7,2,3
BRF:19
BRH:13
end_of_record
TN:
SF:src/usecase/notifications/pushPermissionUseCase.ts
FN:5,(anonymous_0)
FN:7,(anonymous_1)
FN:11,(anonymous_2)
FN:16,(anonymous_3)
FNF:4
FNH:4
FNDA:3,(anonymous_0)
FNDA:1,(anonymous_1)
FNDA:1,(anonymous_2)
FNDA:1,(anonymous_3)
DA:4,1
DA:5,3
DA:8,1
DA:12,1
DA:13,1
DA:17,1
LF:6
LH:6
BRF:0
BRH:0
end_of_record
TN:
SF:src/usecase/notifications/pushTokenUseCase.ts
FN:6,(anonymous_0)
FN:11,(anonymous_1)
FN:18,(anonymous_2)
FNF:3
FNH:3
FNDA:4,(anonymous_0)
FNDA:2,(anonymous_1)
FNDA:2,(anonymous_2)
DA:5,1
DA:7,4
DA:8,4
DA:12,2
DA:13,2
DA:14,2
DA:15,1
DA:19,2
DA:20,2
DA:21,1
LF:10
LH:10
BRDA:14,0,0,1
BRDA:20,1,0,1
BRF:2
BRH:2
end_of_record
TN:
SF:src/usecase/user/getNutritionistUseCase.ts
FN:8,(anonymous_1)
FN:10,(anonymous_2)
FNF:2
FNH:2
FNDA:6,(anonymous_1)
FNDA:6,(anonymous_2)
DA:2,2
DA:3,2
DA:7,2
DA:8,6
DA:11,6
DA:12,6
DA:14,4
DA:15,1
DA:18,2
DA:19,1
DA:22,1
DA:24,5
DA:25,2
DA:27,3
DA:28,1
DA:30,2
LF:16
LH:16
BRDA:14,0,0,1
BRDA:18,1,0,1
BRDA:24,2,0,2
BRDA:27,3,0,1
BRF:4
BRH:4
end_of_record
TN:
SF:src/usecase/user/getUserByIdUseCase.ts
FN:9,(anonymous_0)
FN:13,(anonymous_1)
FNF:2
FNH:2
FNDA:3,(anonymous_0)
FNDA:4,(anonymous_1)
DA:3,2
DA:6,2
DA:10,3
DA:14,4
DA:15,3
LF:5
LH:5
BRF:0
BRH:0
end_of_record
TN:
SF:src/usecase/utils/validationUtils.ts
FN:3,assertNonEmpty
FN:9,assertValidRange
FNF:2
FNH:2
FNDA:271,assertNonEmpty
FNDA:12,assertValidRange
DA:1,18
DA:3,18
DA:4,271
DA:5,9
DA:9,18
DA:10,12
DA:11,1
LF:7
LH:7
BRDA:4,0,0,9
BRDA:4,1,0,271
BRDA:4,1,1,264
BRDA:10,2,0,1
BRF:4
BRH:4
end_of_record
TN:
SF:src/viewmodel/appointment/useAppointmentDetailsViewModel.ts
FN:29,useAppointmentDetailsViewModel
FN:44,(anonymous_2)
FN:70,(anonymous_3)
FN:74,(anonymous_4)
FN:78,(anonymous_5)
FN:111,(anonymous_6)
FN:122,(anonymous_7)
FN:126,(anonymous_8)
FN:130,(anonymous_9)
FN:135,(anonymous_10)
FNF:10
FNH:8
FNDA:22,useAppointmentDetailsViewModel
FNDA:7,(anonymous_2)
FNDA:1,(anonymous_3)
FNDA:0,(anonymous_4)
FNDA:1,(anonymous_5)
FNDA:11,(anonymous_6)
FNDA:1,(anonymous_7)
FNDA:0,(anonymous_8)
FNDA:1,(anonymous_9)
FNDA:1,(anonymous_10)
DA:1,2
DA:4,2
DA:7,2
DA:29,2
DA:35,22
DA:36,22
DA:37,22
DA:38,22
DA:39,22
DA:40,22
DA:41,22
DA:42,22
DA:44,22
DA:45,7
DA:46,7
DA:47,7
DA:49,7
DA:50,7
DA:52,4
DA:53,1
DA:54,1
DA:56,3
DA:59,3
DA:60,2
DA:62,1
DA:64,3
DA:66,7
DA:70,22
DA:71,1
DA:74,22
DA:75,0
DA:78,22
DA:79,1
DA:80,0
DA:81,0
DA:84,1
DA:85,1
DA:87,1
DA:88,1
DA:89,1
DA:90,1
DA:91,1
DA:92,1
DA:93,1
DA:95,0
DA:99,0
DA:100,0
DA:101,0
DA:102,0
DA:104,0
DA:107,1
DA:111,22
DA:112,11
DA:113,11
DA:114,10
DA:115,10
DA:116,10
DA:119,1
DA:120,1
DA:121,1
DA:123,1
DA:124,1
DA:127,0
DA:128,0
DA:131,1
DA:132,1
DA:135,1
DA:136,1
DA:140,22
DA:142,22
LF:70
LH:59
BRDA:52,0,0,1
BRDA:52,0,1,3
BRDA:59,1,0,2
BRDA:59,1,1,1
BRDA:79,2,0,0
BRDA:91,3,0,1
BRDA:99,4,0,0
BRDA:99,4,1,0
BRDA:101,5,0,0
BRDA:101,5,1,0
BRDA:113,6,0,10
BRDA:113,7,0,11
BRDA:113,7,1,3
BRDA:123,8,0,0
BRDA:124,9,0,1
BRDA:124,9,1,0
BRDA:127,10,0,0
BRDA:131,11,0,0
BRDA:140,12,0,22
BRDA:140,12,1,18
BRF:20
BRH:11
end_of_record
TN:
SF:src/viewmodel/appointment/useMyAppointmentsViewModel.ts
FN:25,useMyAppointmentsViewModel
FN:38,(anonymous_2)
FN:70,(anonymous_3)
FN:90,(anonymous_4)
FN:95,(anonymous_5)
FN:99,(anonymous_6)
FN:104,(anonymous_7)
FN:109,(anonymous_8)
FN:113,(anonymous_9)
FN:118,(anonymous_10)
FN:123,(anonymous_11)
FN:125,(anonymous_12)
FN:131,(anonymous_13)
FNF:13
FNH:7
FNDA:16,useMyAppointmentsViewModel
FNDA:0,(anonymous_2)
FNDA:10,(anonymous_3)
FNDA:1,(anonymous_4)
FNDA:1,(anonymous_5)
FNDA:0,(anonymous_6)
FNDA:0,(anonymous_7)
FNDA:0,(anonymous_8)
FNDA:9,(anonymous_9)
FNDA:9,(anonymous_10)
FNDA:0,(anonymous_11)
FNDA:0,(anonymous_12)
FNDA:8,(anonymous_13)
DA:1,1
DA:4,1
DA:25,1
DA:30,16
DA:31,16
DA:32,16
DA:33,16
DA:34,16
DA:35,16
DA:36,16
DA:38,16
DA:39,0
DA:40,0
DA:41,0
DA:44,0
DA:45,0
DA:46,0
DA:48,0
DA:49,0
DA:50,0
DA:52,0
DA:54,0
DA:57,0
DA:58,0
DA:59,0
DA:61,0
DA:62,0
DA:63,0
DA:65,0
DA:70,16
DA:71,10
DA:73,9
DA:75,9
DA:76,9
DA:77,6
DA:79,3
DA:80,2
DA:82,1
DA:85,9
DA:86,9
DA:90,16
DA:91,1
DA:92,1
DA:95,16
DA:96,1
DA:99,16
DA:100,0
DA:101,0
DA:104,16
DA:105,0
DA:106,0
DA:109,16
DA:110,0
DA:113,16
DA:114,9
DA:115,9
DA:118,16
DA:119,9
DA:121,8
DA:124,0
DA:125,0
DA:126,0
DA:131,8
DA:134,16
LF:64
LH:38
BRDA:40,0,0,0
BRDA:44,1,0,0
BRDA:45,2,0,0
BRDA:57,3,0,0
BRDA:57,4,0,0
BRDA:57,4,1,0
BRDA:58,5,0,0
BRDA:71,6,0,1
BRDA:79,7,0,2
BRDA:79,7,1,1
BRDA:119,8,0,1
BRF:11
BRH:4
end_of_record
TN:
SF:src/viewmodel/appointment/useScheduleViewModel.ts
FN:12,useScheduleViewModel
FN:56,(anonymous_2)
FN:78,(anonymous_3)
FN:82,(anonymous_4)
FN:86,(anonymous_5)
FN:92,(anonymous_6)
FN:97,(anonymous_7)
FNF:7
FNH:7
FNDA:45,useScheduleViewModel
FNDA:3,(anonymous_2)
FNDA:1,(anonymous_3)
FNDA:1,(anonymous_4)
FNDA:1,(anonymous_5)
FNDA:2,(anonymous_6)
FNDA:1,(anonymous_7)
DA:1,2
DA:6,2
DA:7,2
DA:9,2
DA:12,2
DA:18,45
DA:19,45
DA:20,45
DA:21,45
DA:22,45
DA:23,45
DA:35,45
DA:44,45
DA:56,45
DA:57,3
DA:58,0
DA:61,3
DA:62,3
DA:64,3
DA:65,3
DA:66,1
DA:68,2
DA:69,2
DA:71,0
DA:74,3
DA:78,45
DA:79,1
DA:82,45
DA:83,1
DA:86,45
DA:87,1
DA:88,1
DA:89,1
DA:92,45
DA:93,2
DA:94,2
DA:97,45
DA:98,1
DA:101,45
LF:39
LH:37
BRDA:57,0,0,0
BRDA:68,1,0,2
BRDA:68,1,1,0
BRDA:87,2,0,0
BRF:4
BRH:1
end_of_record
TN:
SF:src/viewmodel/appointment/helpers/useScheduleAvailability.ts
FN:27,useScheduleAvailability
FN:37,(anonymous_2)
FN:63,(anonymous_3)
FN:68,(anonymous_4)
FN:106,(anonymous_5)
FNF:5
FNH:5
FNDA:45,useScheduleAvailability
FNDA:10,(anonymous_2)
FNDA:5,(anonymous_3)
FNDA:3,(anonymous_4)
FNDA:3,(anonymous_5)
DA:1,2
DA:3,2
DA:5,2
DA:27,2
DA:31,45
DA:32,45
DA:33,45
DA:34,45
DA:35,45
DA:37,45
DA:42,10
DA:43,10
DA:44,10
DA:45,10
DA:46,10
DA:48,10
DA:49,10
DA:50,9
DA:52,1
DA:53,1
DA:55,0
DA:57,1
DA:59,10
DA:63,45
DA:64,5
DA:65,5
DA:68,45
DA:74,3
DA:75,3
DA:77,3
DA:78,3
DA:85,3
DA:86,3
DA:87,3
DA:89,3
DA:90,3
DA:91,3
DA:92,93
DA:93,93
DA:94,55
DA:95,55
DA:97,93
DA:100,3
DA:102,0
DA:106,45
DA:107,3
DA:110,45
LF:47
LH:45
BRDA:52,0,0,1
BRDA:52,0,1,0
BRDA:93,1,0,55
BRDA:94,2,0,55
BRDA:94,2,1,33
BRF:5
BRH:4
end_of_record
TN:
SF:src/viewmodel/appointment/helpers/useScheduleSubmission.ts
FN:34,useScheduleSubmission
FN:49,(anonymous_2)
FN:103,(anonymous_3)
FN:116,(anonymous_4)
FNF:4
FNH:3
FNDA:45,useScheduleSubmission
FNDA:5,(anonymous_2)
FNDA:0,(anonymous_3)
FNDA:1,(anonymous_4)
DA:1,2
DA:4,2
DA:5,2
DA:34,2
DA:45,45
DA:46,45
DA:47,45
DA:49,45
DA:53,5
DA:54,1
DA:55,1
DA:58,4
DA:59,4
DA:61,4
DA:62,4
DA:70,4
DA:71,3
DA:72,3
DA:74,0
DA:77,3
DA:78,3
DA:79,3
DA:81,3
DA:82,3
DA:84,1
DA:85,1
DA:87,0
DA:89,1
DA:91,4
DA:103,45
DA:104,0
DA:105,0
DA:108,0
DA:109,0
DA:110,0
DA:113,0
DA:116,45
DA:117,1
DA:118,1
DA:121,45
LF:40
LH:32
BRDA:53,0,0,1
BRDA:53,1,0,5
BRDA:53,1,1,4
BRDA:84,2,0,1
BRDA:84,2,1,0
BRDA:84,3,0,1
BRDA:84,3,1,0
BRDA:104,4,0,0
BRDA:108,5,0,0
BRF:9
BRH:5
end_of_record
TN:
SF:src/viewmodel/auth/useHomeViewModel.ts
FN:25,useHomeViewModel
FN:37,(anonymous_2)
FN:38,(anonymous_3)
FN:43,(anonymous_4)
FN:46,(anonymous_5)
FN:49,checkPermission
FN:74,(anonymous_7)
FN:79,(anonymous_8)
FN:82,checkPushPermission
FN:117,(anonymous_10)
FN:122,(anonymous_11)
FN:125,registerPushToken
FN:140,(anonymous_13)
FN:145,(anonymous_14)
FN:167,(anonymous_15)
FNF:15
FNH:14
FNDA:30,useHomeViewModel
FNDA:9,(anonymous_2)
FNDA:6,(anonymous_3)
FNDA:9,(anonymous_4)
FNDA:16,(anonymous_5)
FNDA:16,checkPermission
FNDA:16,(anonymous_7)
FNDA:21,(anonymous_8)
FNDA:21,checkPushPermission
FNDA:21,(anonymous_10)
FNDA:20,(anonymous_11)
FNDA:20,registerPushToken
FNDA:20,(anonymous_13)
FNDA:5,(anonymous_14)
FNDA:0,(anonymous_15)
DA:1,2
DA:3,2
DA:25,2
DA:31,30
DA:32,30
DA:33,30
DA:34,30
DA:35,30
DA:37,30
DA:38,9
DA:39,6
DA:40,6
DA:43,9
DA:46,30
DA:47,16
DA:50,16
DA:51,12
DA:52,12
DA:54,4
DA:55,4
DA:56,4
DA:57,4
DA:58,0
DA:59,0
DA:60,0
DA:62,0
DA:64,4
DA:66,0
DA:67,0
DA:72,16
DA:74,16
DA:75,16
DA:79,30
DA:80,21
DA:83,21
DA:84,15
DA:85,15
DA:88,6
DA:89,4
DA:92,2
DA:93,0
DA:94,0
DA:97,2
DA:98,2
DA:99,2
DA:100,2
DA:101,0
DA:102,0
DA:103,0
DA:105,0
DA:107,2
DA:109,0
DA:110,0
DA:115,21
DA:117,21
DA:118,21
DA:122,30
DA:123,20
DA:126,20
DA:127,18
DA:129,2
DA:130,2
DA:132,0
DA:133,0
DA:138,20
DA:140,20
DA:141,20
DA:145,30
DA:146,5
DA:147,5
DA:149,5
DA:150,5
DA:151,5
DA:152,3
DA:154,5
DA:155,3
DA:157,2
DA:158,1
DA:160,1
DA:163,5
DA:167,30
DA:168,0
DA:171,30
DA:173,30
DA:180,30
DA:192,30
LF:86
LH:69
BRDA:50,0,0,12
BRDA:56,1,0,0
BRDA:57,2,0,0
BRDA:59,3,0,0
BRDA:66,4,0,0
BRDA:83,5,0,15
BRDA:88,6,0,4
BRDA:88,7,0,6
BRDA:88,7,1,2
BRDA:92,8,0,0
BRDA:92,9,0,2
BRDA:92,9,1,2
BRDA:99,10,0,0
BRDA:100,11,0,0
BRDA:102,12,0,0
BRDA:109,13,0,0
BRDA:126,14,0,18
BRDA:126,15,0,20
BRDA:126,15,1,6
BRDA:132,16,0,0
BRDA:151,17,0,3
BRDA:157,18,0,1
BRDA:157,18,1,1
BRDA:171,19,0,12
BRDA:171,19,1,18
BRDA:171,20,0,30
BRDA:171,20,1,18
BRDA:173,21,0,6
BRDA:173,21,1,24
BRDA:173,22,0,30
BRDA:173,22,1,18
BRDA:174,23,0,0
BRDA:174,23,1,6
BRDA:176,24,0,0
BRDA:176,24,1,6
BRDA:176,25,0,6
BRDA:176,25,1,6
BRDA:180,26,0,18
BRDA:180,26,1,12
BRDA:181,27,0,6
BRDA:181,27,1,12
BRDA:182,28,0,0
BRDA:182,28,1,6
BRDA:184,29,0,0
BRDA:184,29,1,6
BRDA:184,30,0,6
BRDA:184,30,1,6
BRDA:186,31,0,0
BRDA:186,31,1,6
BRF:49
BRH:34
end_of_record
TN:
SF:src/viewmodel/auth/useLoginViewModel.ts
FN:30,useLoginViewModel
FN:41,(anonymous_1)
FN:42,(anonymous_2)
FN:46,(anonymous_3)
FN:49,(anonymous_4)
FN:76,(anonymous_5)
FN:82,(anonymous_6)
FN:97,(anonymous_7)
FN:101,(anonymous_8)
FN:106,(anonymous_9)
FN:111,(anonymous_10)
FN:116,(anonymous_11)
FNF:12
FNH:7
FNDA:25,useLoginViewModel
FNDA:11,(anonymous_1)
FNDA:5,(anonymous_2)
FNDA:11,(anonymous_3)
FNDA:8,(anonymous_4)
FNDA:1,(anonymous_5)
FNDA:2,(anonymous_6)
FNDA:0,(anonymous_7)
FNDA:0,(anonymous_8)
FNDA:0,(anonymous_9)
FNDA:0,(anonymous_10)
FNDA:0,(anonymous_11)
DA:1,2
DA:4,2
DA:30,2
DA:31,25
DA:32,25
DA:33,25
DA:34,25
DA:35,25
DA:36,25
DA:37,25
DA:38,25
DA:39,25
DA:41,25
DA:42,11
DA:43,5
DA:46,11
DA:49,25
DA:50,8
DA:51,8
DA:52,0
DA:53,0
DA:54,0
DA:55,0
DA:58,8
DA:59,8
DA:60,8
DA:61,8
DA:63,8
DA:64,8
DA:65,3
DA:67,5
DA:68,5
DA:69,5
DA:70,5
DA:72,8
DA:76,25
DA:77,1
DA:78,1
DA:79,1
DA:82,25
DA:83,2
DA:84,2
DA:85,2
DA:87,2
DA:88,2
DA:89,1
DA:91,1
DA:93,2
DA:97,25
DA:98,0
DA:101,25
DA:102,0
DA:103,0
DA:106,25
DA:107,0
DA:108,0
DA:111,25
DA:112,0
DA:113,0
DA:116,25
DA:117,0
DA:120,25
DA:126,25
LF:63
LH:51
BRDA:51,0,0,0
BRDA:120,1,0,6
BRDA:120,1,1,19
BRDA:121,2,0,0
BRDA:121,2,1,6
BRF:5
BRH:3
end_of_record
TN:
SF:src/viewmodel/auth/useSignUpViewModel.ts
FN:26,useSignUpViewModel
FN:37,(anonymous_1)
FN:81,(anonymous_2)
FN:89,(anonymous_3)
FN:94,(anonymous_4)
FNF:5
FNH:3
FNDA:23,useSignUpViewModel
FNDA:10,(anonymous_1)
FNDA:1,(anonymous_2)
FNDA:0,(anonymous_3)
FNDA:0,(anonymous_4)
DA:1,2
DA:4,2
DA:26,2
DA:27,23
DA:28,23
DA:29,23
DA:30,23
DA:31,23
DA:32,23
DA:33,23
DA:34,23
DA:35,23
DA:37,23
DA:43,10
DA:44,10
DA:45,10
DA:46,10
DA:47,10
DA:49,10
DA:56,10
DA:57,1
DA:58,1
DA:59,1
DA:60,1
DA:61,1
DA:64,9
DA:66,9
DA:67,9
DA:68,4
DA:70,5
DA:71,5
DA:72,5
DA:73,5
DA:74,5
DA:75,5
DA:77,9
DA:81,23
DA:82,1
DA:83,1
DA:84,1
DA:85,1
DA:86,1
DA:89,23
DA:90,0
DA:91,0
DA:94,23
DA:95,0
DA:98,23
DA:100,23
LF:49
LH:46
BRDA:56,0,0,1
BRDA:56,1,0,10
BRDA:56,1,1,10
BRDA:56,1,2,9
BRDA:56,1,3,9
BRDA:98,2,0,4
BRDA:98,2,1,19
BRF:7
BRH:7
end_of_record
TN:
SF:src/viewmodel/auth/helpers/loginViewModelHelpers.ts
FN:14,validateLoginInputs
FN:33,resolveLoginError
FN:51,resolveResetPasswordError
FNF:3
FNH:3
FNDA:8,validateLoginInputs
FNDA:5,resolveLoginError
FNDA:1,resolveResetPasswordError
DA:1,2
DA:2,2
DA:3,2
DA:14,2
DA:19,8
DA:20,8
DA:21,8
DA:22,8
DA:24,8
DA:33,2
DA:34,5
DA:35,1
DA:36,1
DA:38,0
DA:39,0
DA:41,0
DA:44,4
DA:45,3
DA:48,1
DA:51,2
DA:52,1
DA:53,1
DA:55,0
LF:23
LH:19
BRDA:27,0,0,8
BRDA:27,0,1,8
BRDA:28,1,0,8
BRDA:28,1,1,0
BRDA:29,2,0,8
BRDA:29,2,1,0
BRDA:34,3,0,1
BRDA:35,4,0,1
BRDA:38,5,0,0
BRDA:44,6,0,3
BRDA:44,7,0,4
BRDA:44,7,1,2
BRDA:52,8,0,1
BRDA:52,9,0,1
BRDA:52,9,1,1
BRDA:52,9,2,0
BRF:16
BRH:12
end_of_record
TN:
SF:src/viewmodel/auth/helpers/signUpViewModelHelpers.ts
FN:13,validateSignUpInputs
FN:70,resolveSignUpError
FNF:2
FNH:2
FNDA:10,validateSignUpInputs
FNDA:5,resolveSignUpError
DA:1,2
DA:2,2
DA:3,2
DA:13,2
DA:19,10
DA:20,10
DA:21,10
DA:22,10
DA:23,10
DA:25,10
DA:33,10
DA:34,0
DA:35,0
DA:38,10
DA:39,0
DA:40,0
DA:43,10
DA:44,1
DA:45,1
DA:48,9
DA:49,0
DA:50,0
DA:53,9
DA:54,0
DA:55,0
DA:58,9
DA:59,0
DA:60,0
DA:63,9
DA:64,0
DA:67,9
DA:70,2
DA:71,5
DA:79,5
DA:80,0
DA:81,0
DA:83,0
DA:84,0
DA:86,0
DA:87,0
DA:89,0
DA:92,5
DA:93,2
DA:96,3
DA:97,1
DA:100,2
DA:101,1
DA:104,1
LF:48
LH:30
BRDA:33,0,0,0
BRDA:38,1,0,0
BRDA:43,2,0,1
BRDA:48,3,0,0
BRDA:53,4,0,0
BRDA:58,5,0,0
BRDA:63,6,0,0
BRDA:79,7,0,0
BRDA:80,8,0,0
BRDA:83,9,0,0
BRDA:86,10,0,0
BRDA:92,11,0,2
BRDA:96,12,0,1
BRDA:100,13,0,1
BRF:14
BRH:4
end_of_record
TN:
SF:src/viewmodel/calendar/useCalendarPermissionViewModel.ts
FN:18,useCalendarPermissionViewModel
FN:25,(anonymous_1)
FN:38,(anonymous_2)
FN:51,(anonymous_3)
FN:59,(anonymous_4)
FN:63,(anonymous_5)
FNF:6
FNH:0
FNDA:0,useCalendarPermissionViewModel
FNDA:0,(anonymous_1)
FNDA:0,(anonymous_2)
FNDA:0,(anonymous_3)
FNDA:0,(anonymous_4)
FNDA:0,(anonymous_5)
DA:1,0
DA:18,0
DA:21,0
DA:22,0
DA:23,0
DA:25,0
DA:26,0
DA:27,0
DA:28,0
DA:29,0
DA:30,0
DA:32,0
DA:34,0
DA:38,0
DA:39,0
DA:40,0
DA:41,0
DA:42,0
DA:43,0
DA:45,0
DA:47,0
DA:51,0
DA:52,0
DA:53,0
DA:55,0
DA:59,0
DA:60,0
DA:63,0
DA:64,0
DA:67,0
LF:30
LH:0
BRF:0
BRH:0
end_of_record
TN:
SF:src/viewmodel/notifications/usePushPermissionViewModel.ts
FN:18,usePushPermissionViewModel
FN:25,(anonymous_1)
FN:38,(anonymous_2)
FN:51,(anonymous_3)
FN:59,(anonymous_4)
FN:63,(anonymous_5)
FNF:6
FNH:5
FNDA:6,usePushPermissionViewModel
FNDA:3,(anonymous_1)
FNDA:1,(anonymous_2)
FNDA:1,(anonymous_3)
FNDA:0,(anonymous_4)
FNDA:3,(anonymous_5)
DA:1,1
DA:18,1
DA:21,6
DA:22,6
DA:23,6
DA:25,6
DA:26,3
DA:27,3
DA:28,3
DA:29,3
DA:30,3
DA:32,0
DA:34,3
DA:38,6
DA:39,1
DA:40,1
DA:41,1
DA:42,1
DA:43,1
DA:45,0
DA:47,1
DA:51,6
DA:52,1
DA:53,1
DA:55,0
DA:59,6
DA:60,0
DA:63,6
DA:64,3
DA:67,6
LF:30
LH:26
BRF:0
BRH:0
end_of_record
TN:
SF:src/viewmodel/nutritionist/useNutritionistAgendaViewModel.ts
FN:14,useNutritionistAgendaViewModel
FN:31,(anonymous_2)
FN:56,(anonymous_3)
FN:58,(anonymous_4)
FN:73,(anonymous_5)
FN:92,(anonymous_6)
FN:96,(anonymous_7)
FN:105,(anonymous_8)
FN:111,(anonymous_9)
FN:116,(anonymous_10)
FN:120,(anonymous_11)
FN:124,(anonymous_12)
FNF:12
FNH:10
FNDA:29,useNutritionistAgendaViewModel
FNDA:14,(anonymous_2)
FNDA:4,(anonymous_3)
FNDA:4,(anonymous_4)
FNDA:4,(anonymous_5)
FNDA:1,(anonymous_6)
FNDA:1,(anonymous_7)
FNDA:1,(anonymous_8)
FNDA:0,(anonymous_9)
FNDA:0,(anonymous_10)
FNDA:15,(anonymous_11)
FNDA:12,(anonymous_12)
DA:1,2
DA:5,2
DA:12,2
DA:13,2
DA:14,2
DA:19,29
DA:20,29
DA:21,29
DA:22,29
DA:23,29
DA:24,29
DA:25,29
DA:26,29
DA:27,29
DA:29,29
DA:30,29
DA:31,29
DA:32,14
DA:34,14
DA:36,14
DA:37,14
DA:38,14
DA:40,11
DA:41,11
DA:42,5
DA:44,11
DA:46,2
DA:47,2
DA:49,0
DA:52,13
DA:56,29
DA:57,4
DA:59,4
DA:60,4
DA:73,29
DA:74,4
DA:75,4
DA:76,4
DA:78,4
DA:79,4
DA:80,4
DA:81,4
DA:83,0
DA:84,0
DA:85,0
DA:88,4
DA:92,29
DA:93,1
DA:96,29
DA:97,1
DA:98,1
DA:99,1
DA:100,0
DA:102,1
DA:105,29
DA:106,1
DA:107,1
DA:108,1
DA:111,29
DA:112,0
DA:113,0
DA:116,29
DA:117,0
DA:120,29
DA:121,15
DA:124,29
DA:125,12
DA:128,29
LF:68
LH:60
BRDA:32,0,0,0
BRDA:46,1,0,2
BRDA:46,1,1,0
BRDA:84,2,0,0
BRDA:99,3,0,0
BRF:5
BRH:1
end_of_record
TN:
SF:src/viewmodel/nutritionist/useNutritionistAppointmentDetailsViewModel.ts
FN:17,useNutritionistAppointmentDetailsViewModel
FN:38,(anonymous_2)
FN:70,(anonymous_3)
FN:97,(anonymous_4)
FN:123,(anonymous_5)
FN:150,(anonymous_6)
FN:187,(anonymous_7)
FN:190,(anonymous_8)
FN:193,(anonymous_9)
FN:196,(anonymous_10)
FN:201,(anonymous_11)
FNF:11
FNH:7
FNDA:21,useNutritionistAppointmentDetailsViewModel
FNDA:5,(anonymous_2)
FNDA:3,(anonymous_3)
FNDA:1,(anonymous_4)
FNDA:2,(anonymous_5)
FNDA:0,(anonymous_6)
FNDA:1,(anonymous_7)
FNDA:1,(anonymous_8)
FNDA:0,(anonymous_9)
FNDA:0,(anonymous_10)
FNDA:0,(anonymous_11)
DA:1,2
DA:11,2
DA:12,2
DA:17,2
DA:27,21
DA:28,21
DA:29,21
DA:30,21
DA:31,21
DA:32,21
DA:33,21
DA:34,21
DA:35,21
DA:36,21
DA:37,21
DA:38,21
DA:39,5
DA:40,5
DA:41,5
DA:42,5
DA:43,5
DA:44,5
DA:45,5
DA:46,4
DA:47,1
DA:48,1
DA:49,1
DA:50,1
DA:52,3
DA:53,3
DA:54,3
DA:55,3
DA:56,2
DA:58,1
DA:61,1
DA:62,1
DA:64,0
DA:67,5
DA:70,21
DA:71,3
DA:72,3
DA:73,3
DA:74,3
DA:75,3
DA:76,3
DA:77,2
DA:78,2
DA:79,2
DA:80,2
DA:81,2
DA:83,0
DA:86,1
DA:87,1
DA:88,0
DA:89,0
DA:91,0
DA:94,3
DA:97,21
DA:98,1
DA:99,1
DA:100,1
DA:101,1
DA:102,1
DA:103,1
DA:104,0
DA:105,0
DA:106,0
DA:107,0
DA:109,0
DA:112,1
DA:113,0
DA:114,1
DA:115,1
DA:117,0
DA:120,1
DA:123,21
DA:124,2
DA:125,2
DA:126,2
DA:127,2
DA:128,2
DA:129,2
DA:130,1
DA:131,1
DA:132,1
DA:133,1
DA:134,1
DA:136,0
DA:139,1
DA:140,0
DA:141,1
DA:142,0
DA:144,1
DA:147,2
DA:150,21
DA:151,0
DA:152,0
DA:153,0
DA:154,0
DA:156,0
DA:157,0
DA:158,0
DA:159,0
DA:160,0
DA:161,0
DA:162,0
DA:164,0
DA:167,0
DA:168,0
DA:169,0
DA:170,0
DA:171,0
DA:174,0
DA:175,0
DA:177,0
DA:178,0
DA:179,0
DA:181,0
DA:184,0
DA:187,21
DA:188,1
DA:190,21
DA:191,1
DA:193,21
DA:194,0
DA:196,21
DA:197,0
DA:198,0
DA:199,0
DA:201,21
DA:202,0
DA:204,21
DA:205,21
DA:206,21
DA:208,21
LF:135
LH:91
BRDA:39,0,0,0
BRDA:46,1,0,1
BRDA:56,2,0,2
BRDA:56,2,1,0
BRDA:61,3,0,1
BRDA:61,3,1,0
BRDA:86,4,0,1
BRDA:86,4,1,0
BRDA:88,5,0,0
BRDA:88,5,1,0
BRDA:112,6,0,0
BRDA:112,6,1,1
BRDA:114,7,0,1
BRDA:114,7,1,0
BRDA:139,8,0,0
BRDA:139,8,1,1
BRDA:141,9,0,0
BRDA:141,9,1,1
BRDA:167,10,0,0
BRDA:167,10,1,0
BRDA:168,11,0,0
BRDA:168,11,1,0
BRDA:170,12,0,0
BRDA:170,13,0,0
BRDA:170,13,1,0
BRDA:178,14,0,0
BRDA:178,14,1,0
BRF:27
BRH:8
end_of_record
TN:
SF:src/viewmodel/nutritionist/useNutritionistCalendarSyncViewModel.ts
FN:6,useNutritionistCalendarSyncViewModel
FN:13,(anonymous_1)
FN:16,(anonymous_2)
FN:50,(anonymous_3)
FN:51,(anonymous_4)
FN:57,(anonymous_5)
FNF:6
FNH:0
FNDA:0,useNutritionistCalendarSyncViewModel
FNDA:0,(anonymous_1)
FNDA:0,(anonymous_2)
FNDA:0,(anonymous_3)
FNDA:0,(anonymous_4)
FNDA:0,(anonymous_5)
DA:1,0
DA:6,0
DA:11,0
DA:13,0
DA:14,0
DA:16,0
DA:17,0
DA:18,0
DA:19,0
DA:22,0
DA:23,0
DA:24,0
DA:26,0
DA:27,0
DA:28,0
DA:30,0
DA:32,0
DA:35,0
DA:36,0
DA:37,0
DA:39,0
DA:40,0
DA:41,0
DA:43,0
DA:48,0
DA:51,0
DA:52,0
DA:57,0
LF:28
LH:0
BRDA:14,0,0,0
BRDA:18,1,0,0
BRDA:22,2,0,0
BRDA:23,3,0,0
BRDA:35,4,0,0
BRDA:35,5,0,0
BRDA:35,5,1,0
BRDA:36,6,0,0
BRF:8
BRH:0
end_of_record
TN:
SF:src/viewmodel/nutritionist/useNutritionistConflictResolutionViewModel.ts
FN:19,useNutritionistConflictResolutionViewModel
FN:41,(anonymous_2)
FN:66,(anonymous_3)
FN:71,(anonymous_4)
FN:96,(anonymous_5)
FN:100,(anonymous_6)
FN:110,(anonymous_7)
FN:112,(anonymous_8)
FN:116,(anonymous_9)
FN:132,(anonymous_10)
FN:140,(anonymous_11)
FN:169,(anonymous_12)
FN:173,(anonymous_13)
FN:182,(anonymous_14)
FNF:14
FNH:0
FNDA:0,useNutritionistConflictResolutionViewModel
FNDA:0,(anonymous_2)
FNDA:0,(anonymous_3)
FNDA:0,(anonymous_4)
FNDA:0,(anonymous_5)
FNDA:0,(anonymous_6)
FNDA:0,(anonymous_7)
FNDA:0,(anonymous_8)
FNDA:0,(anonymous_9)
FNDA:0,(anonymous_10)
FNDA:0,(anonymous_11)
FNDA:0,(anonymous_12)
FNDA:0,(anonymous_13)
FNDA:0,(anonymous_14)
DA:1,0
DA:3,0
DA:4,0
DA:11,0
DA:17,0
DA:19,0
DA:27,0
DA:28,0
DA:29,0
DA:30,0
DA:31,0
DA:32,0
DA:33,0
DA:34,0
DA:35,0
DA:36,0
DA:37,0
DA:39,0
DA:41,0
DA:42,0
DA:44,0
DA:45,0
DA:46,0
DA:48,0
DA:49,0
DA:50,0
DA:51,0
DA:52,0
DA:53,0
DA:54,0
DA:55,0
DA:58,0
DA:65,0
DA:67,0
DA:70,0
DA:71,0
DA:81,0
DA:82,0
DA:83,0
DA:85,0
DA:86,0
DA:88,0
DA:90,0
DA:92,0
DA:96,0
DA:97,0
DA:100,0
DA:101,0
DA:102,0
DA:103,0
DA:106,0
DA:107,0
DA:109,0
DA:110,0
DA:111,0
DA:112,0
DA:114,0
DA:115,0
DA:117,0
DA:118,0
DA:119,0
DA:121,0
DA:124,0
DA:125,0
DA:126,0
DA:128,0
DA:131,0
DA:133,0
DA:134,0
DA:136,0
DA:140,0
DA:141,0
DA:142,0
DA:143,0
DA:145,0
DA:148,0
DA:150,0
DA:151,0
DA:152,0
DA:153,0
DA:155,0
DA:158,0
DA:169,0
DA:170,0
DA:173,0
DA:174,0
DA:175,0
DA:176,0
DA:177,0
DA:178,0
DA:182,0
DA:183,0
DA:186,0
LF:93
LH:0
BRDA:42,0,0,0
BRDA:50,1,0,0
BRDA:67,2,0,0
BRDA:67,2,1,0
BRDA:85,3,0,0
BRDA:85,3,1,0
BRDA:101,4,0,0
BRDA:112,5,0,0
BRDA:112,5,1,0
BRDA:117,6,0,0
BRDA:124,7,0,0
BRDA:124,8,0,0
BRDA:124,8,1,0
BRDA:141,9,0,0
BRDA:141,9,1,0
BRDA:142,10,0,0
BRDA:142,10,1,0
BRDA:143,11,0,0
BRDA:143,11,1,0
BRDA:146,12,0,0
BRDA:146,12,1,0
BRDA:150,13,0,0
BRDA:150,13,1,0
BRDA:152,14,0,0
BRDA:152,14,1,0
BRDA:175,15,0,0
BRF:26
BRH:0
end_of_record
TN:
SF:src/viewmodel/nutritionist/useNutritionistHomeViewModel.ts
FN:8,useNutritionistHomeViewModel
FN:24,(anonymous_2)
FN:42,(anonymous_3)
FN:57,(anonymous_4)
FN:70,(anonymous_5)
FN:74,(anonymous_6)
FN:79,(anonymous_7)
FN:87,(anonymous_8)
FN:91,(anonymous_9)
FN:95,(anonymous_10)
FN:100,(anonymous_11)
FN:105,(anonymous_12)
FN:109,(anonymous_13)
FN:113,(anonymous_14)
FN:115,(anonymous_15)
FN:118,(anonymous_16)
FNF:16
FNH:11
FNDA:28,useNutritionistHomeViewModel
FNDA:13,(anonymous_2)
FNDA:3,(anonymous_3)
FNDA:0,(anonymous_4)
FNDA:12,(anonymous_5)
FNDA:12,(anonymous_6)
FNDA:0,(anonymous_7)
FNDA:1,(anonymous_8)
FNDA:1,(anonymous_9)
FNDA:0,(anonymous_10)
FNDA:0,(anonymous_11)
FNDA:0,(anonymous_12)
FNDA:15,(anonymous_13)
FNDA:26,(anonymous_14)
FNDA:1,(anonymous_15)
FNDA:7,(anonymous_16)
DA:1,1
DA:5,1
DA:8,1
DA:14,28
DA:15,28
DA:16,28
DA:17,28
DA:18,28
DA:19,28
DA:20,28
DA:22,28
DA:24,28
DA:25,13
DA:27,12
DA:28,12
DA:30,12
DA:31,12
DA:32,9
DA:34,9
DA:35,9
DA:36,9
DA:41,9
DA:43,3
DA:44,3
DA:45,3
DA:46,2
DA:49,3
DA:57,9
DA:58,9
DA:60,3
DA:61,2
DA:63,1
DA:66,12
DA:70,28
DA:71,12
DA:74,28
DA:75,12
DA:77,11
DA:80,0
DA:84,11
DA:87,28
DA:88,1
DA:91,28
DA:92,1
DA:95,28
DA:96,0
DA:97,0
DA:100,28
DA:101,0
DA:102,0
DA:105,28
DA:106,0
DA:109,28
DA:110,15
DA:113,28
DA:114,26
DA:115,7
DA:116,1
DA:118,7
DA:122,28
LF:60
LH:54
BRDA:25,0,0,1
BRDA:46,1,0,1
BRDA:60,2,0,2
BRDA:60,2,1,1
BRDA:75,3,0,1
BRDA:114,4,0,7
BRDA:114,5,0,26
BRDA:114,5,1,20
BRDA:114,5,2,19
BRF:9
BRH:9
end_of_record
TN:
SF:src/viewmodel/nutritionist/usePatientNameCache.ts
FN:4,usePatientNameCache
FN:7,(anonymous_1)
FN:14,(anonymous_2)
FNF:3
FNH:3
FNDA:62,usePatientNameCache
FNDA:19,(anonymous_1)
FNDA:11,(anonymous_2)
DA:1,4
DA:4,4
DA:5,62
DA:7,62
DA:8,19
DA:9,8
DA:11,11
DA:12,11
DA:13,11
DA:14,11
DA:15,11
DA:17,0
DA:21,62
LF:13
LH:12
BRDA:8,0,0,8
BRDA:13,1,0,11
BRDA:13,1,1,0
BRF:3
BRH:2
end_of_record
TN:
SF:src/viewmodel/nutritionist/usePendingRequestsViewModel.ts
FN:19,usePendingRequestsViewModel
FN:36,(anonymous_2)
FN:46,(anonymous_3)
FN:48,(anonymous_4)
FN:65,(anonymous_5)
FN:70,(anonymous_6)
FN:101,(anonymous_7)
FN:128,(anonymous_8)
FN:132,(anonymous_9)
FNF:9
FNH:9
FNDA:33,usePendingRequestsViewModel
FNDA:15,(anonymous_2)
FNDA:15,(anonymous_3)
FNDA:15,(anonymous_4)
FNDA:15,(anonymous_5)
FNDA:6,(anonymous_6)
FNDA:1,(anonymous_7)
FNDA:1,(anonymous_8)
FNDA:1,(anonymous_9)
DA:1,2
DA:9,2
DA:10,2
DA:16,2
DA:17,2
DA:19,2
DA:29,33
DA:30,33
DA:31,33
DA:32,33
DA:33,33
DA:34,33
DA:36,33
DA:37,15
DA:38,0
DA:39,0
DA:42,15
DA:44,15
DA:47,15
DA:49,15
DA:50,15
DA:60,15
DA:61,15
DA:65,15
DA:66,15
DA:70,33
DA:71,6
DA:72,6
DA:74,6
DA:75,6
DA:76,3
DA:77,3
DA:80,3
DA:81,3
DA:83,0
DA:85,3
DA:86,3
DA:88,3
DA:89,2
DA:90,1
DA:91,1
DA:93,0
DA:95,3
DA:97,6
DA:101,33
DA:102,1
DA:103,1
DA:105,1
DA:106,1
DA:107,1
DA:108,1
DA:110,0
DA:112,1
DA:113,1
DA:115,0
DA:116,0
DA:117,0
DA:118,0
DA:120,0
DA:122,0
DA:124,1
DA:128,33
DA:129,1
DA:132,33
DA:133,1
DA:136,33
LF:66
LH:55
BRDA:37,0,0,0
BRDA:88,1,0,2
BRDA:88,1,1,1
BRDA:90,2,0,1
BRDA:90,2,1,0
BRDA:115,3,0,0
BRDA:115,3,1,0
BRDA:117,4,0,0
BRDA:117,4,1,0
BRF:9
BRH:3
end_of_record
TN:
SF:src/viewmodel/nutritionist/helpers/nutritionistAgendaViewModelHelpers.ts
FN:3,formatDateShort
FN:14,formatSelectedDate
FN:24,getDateRange
FNF:3
FNH:3
FNDA:4,formatDateShort
FNDA:15,formatSelectedDate
FNDA:14,getDateRange
DA:3,2
DA:4,4
DA:5,4
DA:6,4
DA:11,4
DA:14,2
DA:15,15
DA:16,4
DA:21,4
DA:24,2
DA:25,14
DA:26,14
DA:28,14
DA:30,1
DA:32,0
DA:33,0
DA:34,0
DA:35,0
DA:39,13
DA:40,13
DA:41,13
LF:21
LH:17
BRDA:15,0,0,11
BRDA:28,1,0,1
BRDA:28,1,1,0
BRDA:28,1,2,13
BRDA:28,1,3,13
BRF:5
BRH:4
end_of_record
TN:
SF:src/viewmodel/nutritionist/helpers/pendingRequestsViewModelHelpers.ts
FN:1,formatPendingDate
FNF:1
FNH:1
FNDA:15,formatPendingDate
DA:1,2
DA:2,15
DA:3,15
DA:4,15
LF:4
LH:4
BRF:0
BRH:0
end_of_record
TN:
SF:src/viewmodel/patient/usePatientCalendarSyncViewModel.ts
FN:6,usePatientCalendarSyncViewModel
FN:13,(anonymous_1)
FN:16,(anonymous_2)
FN:50,(anonymous_3)
FN:51,(anonymous_4)
FN:57,(anonymous_5)
FNF:6
FNH:0
FNDA:0,usePatientCalendarSyncViewModel
FNDA:0,(anonymous_1)
FNDA:0,(anonymous_2)
FNDA:0,(anonymous_3)
FNDA:0,(anonymous_4)
FNDA:0,(anonymous_5)
DA:1,0
DA:6,0
DA:11,0
DA:13,0
DA:14,0
DA:16,0
DA:17,0
DA:18,0
DA:19,0
DA:22,0
DA:23,0
DA:24,0
DA:26,0
DA:27,0
DA:28,0
DA:30,0
DA:32,0
DA:35,0
DA:36,0
DA:37,0
DA:39,0
DA:40,0
DA:41,0
DA:43,0
DA:48,0
DA:51,0
DA:52,0
DA:57,0
LF:28
LH:0
BRDA:14,0,0,0
BRDA:18,1,0,0
BRDA:22,2,0,0
BRDA:23,3,0,0
BRDA:35,4,0,0
BRDA:35,5,0,0
BRDA:35,5,1,0
BRDA:36,6,0,0
BRF:8
BRH:0
end_of_record
TN:
SF:src/viewmodel/patient/usePatientHomeViewModel.ts
FN:14,usePatientHomeViewModel
FN:18,(anonymous_1)
FN:23,(anonymous_2)
FN:28,(anonymous_3)
FNF:4
FNH:4
FNDA:7,usePatientHomeViewModel
FNDA:2,(anonymous_1)
FNDA:1,(anonymous_2)
FNDA:1,(anonymous_3)
DA:1,1
DA:14,1
DA:15,7
DA:16,7
DA:18,7
DA:19,2
DA:20,2
DA:23,7
DA:24,1
DA:25,1
DA:28,7
DA:29,1
DA:32,7
LF:13
LH:13
BRF:0
BRH:0
end_of_record
