TN:
SF:src/infra/firebase/repository/firebaseAppointmentRepository.ts
FN:23,(anonymous_1)
FN:38,(anonymous_2)
FN:57,(anonymous_3)
FN:67,(anonymous_4)
FN:83,(anonymous_5)
FN:95,(anonymous_6)
FN:101,(anonymous_7)
FN:116,(anonymous_8)
FN:122,(anonymous_9)
FN:138,(anonymous_10)
FN:144,(anonymous_11)
FN:163,(anonymous_12)
FN:169,(anonymous_13)
FN:183,(anonymous_14)
FN:198,(anonymous_15)
FN:199,(anonymous_16)
FN:204,(anonymous_17)
FN:212,(anonymous_18)
FN:228,(anonymous_19)
FN:229,(anonymous_20)
FN:234,(anonymous_21)
FNF:21
FNH:20
FNDA:7,(anonymous_1)
FNDA:4,(anonymous_2)
FNDA:4,(anonymous_3)
FNDA:4,(anonymous_4)
FNDA:3,(anonymous_5)
FNDA:1,(anonymous_6)
FNDA:4,(anonymous_7)
FNDA:1,(anonymous_8)
FNDA:4,(anonymous_9)
FNDA:1,(anonymous_10)
FNDA:3,(anonymous_11)
FNDA:1,(anonymous_12)
FNDA:3,(anonymous_13)
FNDA:2,(anonymous_14)
FNDA:1,(anonymous_15)
FNDA:1,(anonymous_16)
FNDA:1,(anonymous_17)
FNDA:2,(anonymous_18)
FNDA:2,(anonymous_19)
FNDA:1,(anonymous_20)
FNDA:0,(anonymous_21)
DA:3,1
DA:4,1
DA:5,1
DA:20,1
DA:21,22
DA:24,7
DA:39,4
DA:50,4
DA:51,3
DA:54,4
DA:58,4
DA:59,4
DA:60,4
DA:61,4
DA:63,2
DA:68,4
DA:69,4
DA:70,4
DA:71,4
DA:73,2
DA:74,1
DA:77,1
DA:79,2
DA:84,3
DA:85,3
DA:86,3
DA:87,3
DA:94,3
DA:95,1
DA:97,2
DA:102,4
DA:103,4
DA:104,4
DA:105,4
DA:110,4
DA:111,1
DA:114,4
DA:115,4
DA:116,2
DA:118,2
DA:123,4
DA:124,4
DA:125,4
DA:126,4
DA:132,4
DA:133,1
DA:136,4
DA:137,4
DA:138,2
DA:140,2
DA:149,3
DA:150,3
DA:151,3
DA:152,3
DA:162,3
DA:163,1
DA:165,2
DA:170,3
DA:171,3
DA:172,3
DA:173,3
DA:178,2
DA:187,2
DA:188,2
DA:189,2
DA:196,2
DA:199,1
DA:200,1
DA:202,1
DA:205,1
DA:209,2
DA:216,2
DA:217,2
DA:218,2
DA:226,2
DA:229,2
DA:230,1
DA:232,2
DA:235,0
DA:239,2
LF:80
LH:79
BRDA:50,0,0,3
BRDA:73,1,0,1
BRDA:110,2,0,1
BRDA:132,3,0,1
BRF:4
BRH:4
end_of_record
TN:
SF:src/infra/firebase/repository/firebaseUserRepository.ts
FN:10,(anonymous_1)
FN:25,(anonymous_2)
FN:48,(anonymous_3)
FN:55,(anonymous_4)
FNF:4
FNH:4
FNDA:3,(anonymous_1)
FNDA:4,(anonymous_2)
FNDA:5,(anonymous_3)
FNDA:3,(anonymous_4)
DA:3,1
DA:4,1
DA:5,1
DA:7,1
DA:8,9
DA:11,3
DA:12,3
DA:13,3
DA:14,3
DA:21,2
DA:26,4
DA:27,4
DA:28,4
DA:29,4
DA:31,2
DA:32,1
DA:35,1
DA:36,1
DA:44,2
DA:49,5
DA:50,5
DA:51,5
DA:52,5
DA:53,5
DA:55,3
DA:56,3
DA:57,3
DA:66,2
DA:67,2
LF:29
LH:29
BRDA:31,0,0,1
BRDA:62,1,0,3
BRDA:62,1,1,1
BRF:3
BRH:3
end_of_record
TN:
SF:src/infra/firebase/service/firebaseAuthService.ts
FN:15,(anonymous_1)
FN:28,(anonymous_2)
FN:41,(anonymous_3)
FN:49,(anonymous_4)
FN:57,(anonymous_5)
FN:58,(anonymous_6)
FNF:6
FNH:5
FNDA:4,(anonymous_1)
FNDA:4,(anonymous_2)
FNDA:3,(anonymous_3)
FNDA:0,(anonymous_4)
FNDA:3,(anonymous_5)
FNDA:3,(anonymous_6)
DA:2,1
DA:4,1
DA:12,1
DA:14,1
DA:16,4
DA:17,4
DA:18,4
DA:19,2
DA:24,2
DA:29,4
DA:30,4
DA:31,4
DA:32,2
DA:37,2
DA:42,3
DA:43,3
DA:45,2
DA:50,0
DA:51,0
DA:53,0
DA:58,3
DA:59,3
DA:60,2
DA:65,1
LF:24
LH:21
BRDA:21,0,0,2
BRDA:21,0,1,1
BRDA:34,1,0,2
BRDA:34,1,1,1
BRDA:59,2,0,2
BRDA:59,2,1,1
BRDA:62,3,0,2
BRDA:62,3,1,1
BRF:8
BRH:8
end_of_record
TN:
SF:src/model/errors/authError.ts
FNF:0
FNH:0
DA:1,6
LF:1
LH:1
BRF:0
BRH:0
end_of_record
TN:
SF:src/model/errors/repositoryError.ts
FNF:0
FNH:0
DA:1,14
LF:1
LH:1
BRF:0
BRH:0
end_of_record
TN:
SF:src/model/errors/validationError.ts
FNF:0
FNH:0
DA:1,23
LF:1
LH:1
BRF:0
BRH:0
end_of_record
TN:
SF:src/model/factories/makeAppointment.ts
FN:15,makeAppointment
FNF:1
FNH:1
FNDA:38,makeAppointment
DA:2,2
DA:15,2
DA:16,38
DA:18,38
LF:4
LH:4
BRDA:19,0,0,38
BRDA:19,0,1,37
BRDA:25,1,0,38
BRDA:25,1,1,33
BRF:4
BRH:4
end_of_record
TN:
SF:src/model/factories/makeTimeSlot.ts
FN:10,makeTimeSlot
FNF:1
FNH:1
FNDA:71,makeTimeSlot
DA:10,2
DA:11,71
LF:2
LH:2
BRDA:15,0,0,71
BRDA:15,0,1,3
BRF:2
BRH:2
end_of_record
TN:
SF:src/model/factories/makeUser.ts
FN:11,makeUser
FNF:1
FNH:1
FNDA:9,makeUser
DA:2,2
DA:11,2
DA:12,9
LF:3
LH:3
BRDA:13,0,0,9
BRDA:13,0,1,1
BRF:2
BRH:2
end_of_record
TN:
SF:src/model/utils/idUtils.ts
FN:1,generateId
FNF:1
FNH:1
FNDA:38,generateId
DA:1,4
DA:2,38
DA:3,38
DA:5,0
LF:4
LH:3
BRDA:2,0,0,38
BRDA:2,1,0,38
BRDA:2,1,1,38
BRF:3
BRH:3
end_of_record
TN:
SF:src/model/utils/timeSlotUtils.ts
FN:10,isWeekday
FN:15,formatDateToISO
FNF:2
FNH:2
FNDA:66,isWeekday
FNDA:63,formatDateToISO
DA:1,5
DA:8,5
DA:10,5
DA:11,66
DA:12,66
DA:15,5
DA:16,63
DA:17,63
DA:18,63
DA:19,63
LF:10
LH:10
BRF:0
BRH:0
end_of_record
TN:
SF:src/usecase/appointment/availability/getAvailableTimeSlotsUseCase.ts
FN:16,(anonymous_0)
FN:20,(anonymous_1)
FN:44,(anonymous_2)
FN:72,(anonymous_3)
FN:127,(anonymous_4)
FN:158,(anonymous_5)
FN:165,(anonymous_6)
FN:169,(anonymous_7)
FN:173,(anonymous_8)
FN:178,(anonymous_9)
FN:181,(anonymous_10)
FN:188,(anonymous_11)
FN:190,(anonymous_12)
FN:193,(anonymous_13)
FN:197,(anonymous_14)
FN:205,(anonymous_15)
FNF:16
FNH:15
FNDA:18,(anonymous_0)
FNDA:16,(anonymous_1)
FNDA:11,(anonymous_2)
FNDA:2,(anonymous_3)
FNDA:0,(anonymous_4)
FNDA:3,(anonymous_5)
FNDA:21,(anonymous_6)
FNDA:2,(anonymous_7)
FNDA:13,(anonymous_8)
FNDA:14,(anonymous_9)
FNDA:13,(anonymous_10)
FNDA:1,(anonymous_11)
FNDA:1,(anonymous_12)
FNDA:1,(anonymous_13)
FNDA:13,(anonymous_14)
FNDA:68,(anonymous_15)
DA:3,1
DA:4,1
DA:11,1
DA:13,1
DA:17,18
DA:25,16
DA:27,16
DA:28,3
DA:31,13
DA:32,0
DA:35,13
DA:37,13
DA:41,13
DA:43,13
DA:44,11
DA:47,13
DA:49,13
DA:50,52
DA:51,52
DA:53,52
DA:58,38
DA:69,13
DA:78,2
DA:79,2
DA:81,2
DA:83,2
DA:84,2
DA:86,2
DA:91,2
DA:95,2
DA:96,2
DA:97,0
DA:98,0
DA:99,0
DA:102,2
DA:103,2
DA:104,0
DA:105,0
DA:107,0
DA:108,0
DA:110,0
DA:111,0
DA:112,0
DA:113,0
DA:116,2
DA:117,2
DA:118,2
DA:120,2
DA:121,9
DA:122,7
DA:123,7
DA:124,7
DA:126,7
DA:127,0
DA:130,7
DA:131,7
DA:132,28
DA:133,28
DA:138,28
DA:149,7
DA:152,9
DA:155,2
DA:159,3
DA:161,3
DA:162,3
DA:166,21
DA:170,2
DA:177,13
DA:178,14
DA:182,13
DA:183,12
DA:186,1
DA:187,1
DA:188,1
DA:190,1
DA:194,1
DA:198,13
DA:199,13
DA:200,13
DA:201,13
DA:202,13
DA:206,68
DA:207,68
DA:208,0
DA:211,68
DA:212,68
DA:213,68
LF:87
LH:73
BRDA:27,0,0,3
BRDA:31,1,0,0
BRDA:53,2,0,38
BRDA:54,3,0,52
BRDA:54,3,1,41
BRDA:54,3,2,40
BRDA:91,4,0,0
BRDA:91,4,1,2
BRDA:97,5,0,0
BRDA:97,5,1,0
BRDA:104,6,0,0
BRDA:107,7,0,0
BRDA:107,8,0,0
BRDA:107,8,1,0
BRDA:111,9,0,0
BRDA:111,9,1,0
BRDA:121,10,0,7
BRDA:121,11,0,9
BRDA:121,11,1,7
BRDA:123,12,0,7
BRDA:123,12,1,7
BRDA:124,13,0,7
BRDA:124,13,1,7
BRDA:133,14,0,28
BRDA:134,15,0,28
BRDA:134,15,1,28
BRDA:134,15,2,28
BRDA:182,16,0,12
BRDA:188,17,0,1
BRDA:188,17,1,1
BRDA:194,18,0,1
BRDA:194,18,1,0
BRDA:207,19,0,0
BRDA:207,20,0,68
BRDA:207,20,1,68
BRF:35
BRH:23
end_of_record
TN:
SF:src/usecase/appointment/details/getAppointmentDetailsUseCase.ts
FN:9,(anonymous_0)
FN:13,(anonymous_1)
FN:19,(anonymous_2)
FNF:3
FNH:3
FNDA:9,(anonymous_0)
FNDA:10,(anonymous_1)
FNDA:10,(anonymous_2)
DA:2,1
DA:6,1
DA:10,9
DA:14,10
DA:16,7
DA:20,10
LF:6
LH:6
BRF:0
BRH:0
end_of_record
TN:
SF:src/usecase/appointment/list/listNutritionistAgendaUseCase.ts
FN:10,(anonymous_0)
FN:14,(anonymous_1)
FN:45,(anonymous_2)
FN:49,(anonymous_3)
FN:54,(anonymous_4)
FN:62,(anonymous_5)
FN:63,(anonymous_6)
FN:66,(anonymous_7)
FN:70,(anonymous_8)
FNF:9
FNH:9
FNDA:8,(anonymous_0)
FNDA:5,(anonymous_1)
FNDA:5,(anonymous_2)
FNDA:5,(anonymous_3)
FNDA:3,(anonymous_4)
FNDA:6,(anonymous_5)
FNDA:2,(anonymous_6)
FNDA:8,(anonymous_7)
FNDA:5,(anonymous_8)
DA:3,1
DA:5,1
DA:7,1
DA:11,8
DA:19,5
DA:21,5
DA:22,5
DA:23,5
DA:25,5
DA:26,5
DA:28,5
DA:34,5
DA:36,5
DA:37,9
DA:38,9
DA:39,9
DA:42,5
DA:44,5
DA:45,6
DA:46,6
DA:49,5
DA:51,5
DA:55,3
DA:57,3
DA:59,3
DA:61,3
DA:62,6
DA:63,2
DA:67,8
DA:71,5
LF:30
LH:30
BRDA:21,0,0,5
BRDA:21,0,1,4
BRDA:22,1,0,5
BRDA:22,1,1,4
BRDA:37,2,0,9
BRDA:37,2,1,6
BRF:6
BRH:6
end_of_record
TN:
SF:src/usecase/appointment/list/listPatientAppointmentsUseCase.ts
FN:9,(anonymous_0)
FN:13,(anonymous_1)
FN:19,(anonymous_2)
FN:24,(anonymous_3)
FN:30,(anonymous_4)
FN:39,(anonymous_5)
FN:47,(anonymous_6)
FNF:7
FNH:7
FNDA:11,(anonymous_0)
FNDA:9,(anonymous_1)
FNDA:13,(anonymous_2)
FNDA:5,(anonymous_3)
FNDA:2,(anonymous_4)
FNDA:2,(anonymous_5)
FNDA:11,(anonymous_6)
DA:4,1
DA:6,1
DA:10,11
DA:14,9
DA:16,9
DA:18,9
DA:19,13
DA:22,9
DA:23,2
DA:24,5
DA:27,9
DA:34,2
DA:36,2
DA:40,2
DA:41,2
DA:42,2
DA:43,2
DA:44,2
DA:48,11
LF:19
LH:19
BRDA:18,0,0,5
BRDA:22,1,0,2
BRF:2
BRH:2
end_of_record
TN:
SF:src/usecase/appointment/list/listPendingAppointmentsUseCase.ts
FN:9,(anonymous_0)
FN:13,(anonymous_1)
FN:21,(anonymous_2)
FN:30,(anonymous_3)
FN:38,(anonymous_4)
FNF:5
FNH:4
FNDA:4,(anonymous_0)
FNDA:4,(anonymous_1)
FNDA:9,(anonymous_2)
FNDA:0,(anonymous_3)
FNDA:4,(anonymous_4)
DA:4,1
DA:6,1
DA:10,4
DA:14,4
DA:16,4
DA:21,4
DA:22,9
DA:23,9
DA:24,5
DA:26,4
DA:34,0
DA:35,0
DA:39,4
LF:13
LH:11
BRDA:23,0,0,5
BRF:1
BRH:1
end_of_record
TN:
SF:src/usecase/appointment/request/requestAppointmentUseCase.ts
FN:12,(anonymous_1)
FN:16,(anonymous_2)
FN:22,(anonymous_3)
FN:54,(anonymous_4)
FN:72,(anonymous_5)
FN:90,(anonymous_6)
FN:98,(anonymous_7)
FN:106,(anonymous_8)
FN:114,(anonymous_9)
FNF:9
FNH:9
FNDA:25,(anonymous_1)
FNDA:27,(anonymous_2)
FNDA:27,(anonymous_3)
FNDA:18,(anonymous_4)
FNDA:21,(anonymous_5)
FNDA:18,(anonymous_6)
FNDA:5,(anonymous_7)
FNDA:21,(anonymous_8)
FNDA:5,(anonymous_9)
DA:2,1
DA:3,1
DA:4,1
DA:7,1
DA:9,1
DA:13,25
DA:17,27
DA:18,16
DA:19,16
DA:23,27
DA:24,27
DA:25,27
DA:26,22
DA:27,22
DA:29,21
DA:30,21
DA:36,18
DA:43,16
DA:60,18
DA:67,18
DA:68,2
DA:78,21
DA:85,21
DA:86,3
DA:96,18
DA:98,18
DA:99,5
DA:100,1
DA:102,4
DA:112,21
DA:114,21
DA:115,5
DA:116,2
DA:118,3
LF:34
LH:34
BRDA:67,0,0,2
BRDA:85,1,0,3
BRDA:99,2,0,1
BRDA:99,3,0,5
BRDA:99,3,1,4
BRDA:102,4,0,4
BRDA:102,4,1,3
BRDA:102,4,2,2
BRDA:115,5,0,2
BRDA:115,6,0,5
BRDA:115,6,1,4
BRDA:115,6,2,3
BRDA:118,7,0,3
BRDA:118,7,1,1
BRDA:118,7,2,0
BRF:15
BRH:14
end_of_record
TN:
SF:src/usecase/appointment/request/validator/requestAppointmentValidator.ts
FN:6,assertValidIds
FN:11,assertValidTimes
FN:16,assertValidDate
FN:31,assertSlotNotInPast
FN:46,assertValidSlot
FN:48,(anonymous_6)
FNF:6
FNH:6
FNDA:27,assertValidIds
FNDA:27,assertValidTimes
FNDA:29,assertValidDate
FNDA:25,assertSlotNotInPast
FNDA:24,assertValidSlot
FNDA:37,(anonymous_6)
DA:1,2
DA:2,2
DA:3,2
DA:6,2
DA:7,27
DA:8,27
DA:11,2
DA:12,27
DA:13,27
DA:16,2
DA:17,29
DA:18,5
DA:21,24
DA:22,24
DA:23,24
DA:24,24
DA:26,24
DA:27,2
DA:31,2
DA:32,25
DA:33,25
DA:34,1
DA:37,24
DA:38,24
DA:39,24
DA:41,24
DA:42,1
DA:46,2
DA:47,24
DA:48,37
DA:51,24
DA:52,2
LF:32
LH:32
BRDA:17,0,0,5
BRDA:26,1,0,2
BRDA:33,2,0,1
BRDA:33,3,0,25
BRDA:33,3,1,24
BRDA:41,4,0,1
BRDA:48,5,0,37
BRDA:48,5,1,22
BRDA:51,6,0,2
BRF:9
BRH:9
end_of_record
TN:
SF:src/usecase/appointment/status/acceptAppointmentUseCase.ts
FN:13,(anonymous_1)
FN:22,(anonymous_2)
FN:29,(anonymous_3)
FN:37,(anonymous_4)
FN:41,(anonymous_5)
FN:49,(anonymous_6)
FN:55,(anonymous_7)
FN:69,(anonymous_8)
FN:77,(anonymous_9)
FN:85,(anonymous_10)
FN:89,(anonymous_11)
FNF:11
FNH:11
FNDA:10,(anonymous_1)
FNDA:13,(anonymous_2)
FNDA:13,(anonymous_3)
FNDA:13,(anonymous_4)
FNDA:18,(anonymous_5)
FNDA:11,(anonymous_6)
FNDA:7,(anonymous_7)
FNDA:5,(anonymous_8)
FNDA:11,(anonymous_9)
FNDA:2,(anonymous_10)
FNDA:5,(anonymous_11)
DA:2,1
DA:3,1
DA:5,1
DA:9,1
DA:17,10
DA:18,10
DA:23,13
DA:24,5
DA:25,5
DA:26,5
DA:30,13
DA:32,13
DA:33,11
DA:34,7
DA:38,13
DA:42,18
DA:43,18
DA:44,2
DA:46,16
DA:50,11
DA:51,4
DA:56,7
DA:64,7
DA:65,2
DA:70,5
DA:71,5
DA:76,5
DA:78,11
DA:84,5
DA:85,2
DA:90,5
DA:91,5
DA:92,0
DA:94,5
LF:34
LH:33
BRDA:19,0,0,10
BRDA:19,0,1,10
BRDA:43,1,0,2
BRDA:50,2,0,4
BRDA:64,3,0,2
BRDA:78,4,0,11
BRDA:78,4,1,6
BRDA:78,4,2,4
BRDA:78,4,3,2
BRDA:91,5,0,0
BRF:10
BRH:9
end_of_record
TN:
SF:src/usecase/appointment/status/cancelAppointmentUseCase.ts
FN:10,(anonymous_1)
FN:14,(anonymous_2)
FN:20,(anonymous_3)
FN:27,(anonymous_4)
FN:31,(anonymous_5)
FN:39,(anonymous_6)
FN:45,(anonymous_7)
FNF:7
FNH:7
FNDA:5,(anonymous_1)
FNDA:5,(anonymous_2)
FNDA:5,(anonymous_3)
FNDA:5,(anonymous_4)
FNDA:4,(anonymous_5)
FNDA:3,(anonymous_6)
FNDA:2,(anonymous_7)
DA:2,1
DA:3,1
DA:7,1
DA:11,5
DA:15,5
DA:16,2
DA:17,2
DA:21,5
DA:23,4
DA:24,3
DA:28,5
DA:32,4
DA:33,4
DA:34,1
DA:36,3
DA:40,3
DA:41,1
DA:46,2
DA:47,2
DA:48,1
DA:50,1
LF:21
LH:21
BRDA:33,0,0,1
BRDA:40,1,0,1
BRDA:40,2,0,3
BRDA:40,2,1,2
BRDA:47,3,0,1
BRF:5
BRH:5
end_of_record
TN:
SF:src/usecase/appointment/status/checkAppointmentConflictUseCase.ts
FN:9,(anonymous_1)
FN:13,(anonymous_2)
FN:21,(anonymous_3)
FN:32,(anonymous_4)
FNF:4
FNH:4
FNDA:16,(anonymous_1)
FNDA:14,(anonymous_2)
FNDA:21,(anonymous_3)
FNDA:14,(anonymous_4)
DA:2,2
DA:3,2
DA:6,2
DA:10,16
DA:14,14
DA:16,12
DA:21,12
DA:22,21
DA:23,8
DA:25,13
DA:26,3
DA:28,10
DA:33,14
DA:34,13
DA:35,13
DA:36,13
DA:38,13
DA:39,1
LF:18
LH:18
BRDA:22,0,0,8
BRDA:25,1,0,3
BRDA:25,2,0,13
BRDA:25,2,1,10
BRDA:38,3,0,1
BRF:5
BRH:5
end_of_record
TN:
SF:src/usecase/appointment/status/rejectAppointmentUseCase.ts
FN:10,(anonymous_1)
FN:14,(anonymous_2)
FN:20,(anonymous_3)
FN:27,(anonymous_4)
FN:31,(anonymous_5)
FN:39,(anonymous_6)
FN:45,(anonymous_7)
FNF:7
FNH:7
FNDA:6,(anonymous_1)
FNDA:8,(anonymous_2)
FNDA:8,(anonymous_3)
FNDA:8,(anonymous_4)
FNDA:8,(anonymous_5)
FNDA:6,(anonymous_6)
FNDA:2,(anonymous_7)
DA:2,1
DA:3,1
DA:7,1
DA:11,6
DA:15,8
DA:16,2
DA:17,2
DA:21,8
DA:23,8
DA:24,6
DA:28,8
DA:32,8
DA:33,8
DA:34,2
DA:36,6
DA:40,6
DA:41,4
DA:46,2
DA:47,2
DA:48,0
DA:50,2
LF:21
LH:20
BRDA:33,0,0,2
BRDA:40,1,0,4
BRDA:47,2,0,0
BRF:3
BRH:2
end_of_record
TN:
SF:src/usecase/auth/authUseCases.ts
FN:15,(anonymous_1)
FN:20,(anonymous_2)
FN:40,(anonymous_3)
FN:56,(anonymous_4)
FN:67,(anonymous_5)
FN:80,(anonymous_6)
FN:81,(anonymous_7)
FNF:7
FNH:7
FNDA:25,(anonymous_1)
FNDA:7,(anonymous_2)
FNDA:7,(anonymous_3)
FNDA:3,(anonymous_4)
FNDA:4,(anonymous_5)
FNDA:4,(anonymous_6)
FNDA:4,(anonymous_7)
DA:2,1
DA:3,1
DA:4,1
DA:5,1
DA:8,1
DA:11,1
DA:16,25
DA:17,25
DA:21,7
DA:23,5
DA:24,5
DA:25,3
DA:27,2
DA:28,1
DA:31,1
DA:33,4
DA:34,3
DA:36,1
DA:41,7
DA:43,4
DA:44,4
DA:45,2
DA:46,2
DA:47,1
DA:49,3
DA:50,2
DA:52,1
DA:57,3
DA:58,3
DA:60,2
DA:61,1
DA:63,1
DA:68,4
DA:70,3
DA:71,3
DA:73,2
DA:74,1
DA:76,1
DA:81,4
DA:82,4
DA:83,2
DA:84,2
DA:85,1
DA:87,1
DA:90,2
LF:45
LH:45
BRDA:27,0,0,1
BRDA:33,1,0,3
BRDA:33,2,0,4
BRDA:33,2,1,2
BRDA:33,2,2,1
BRDA:49,3,0,2
BRDA:49,4,0,3
BRDA:49,4,1,2
BRDA:49,4,2,1
BRDA:60,5,0,1
BRDA:73,6,0,1
BRDA:73,7,0,2
BRDA:73,7,1,1
BRDA:82,8,0,2
BRDA:82,8,1,2
BRDA:82,9,0,4
BRDA:82,9,1,3
BRF:17
BRH:17
end_of_record
TN:
SF:src/usecase/auth/validator/authValidator.ts
FN:4,(anonymous_1)
FN:14,(anonymous_2)
FN:32,(anonymous_3)
FN:42,(anonymous_4)
FNF:4
FNH:4
FNDA:14,(anonymous_1)
FNDA:24,(anonymous_2)
FNDA:4,(anonymous_3)
FNDA:24,(anonymous_4)
DA:1,2
DA:3,2
DA:5,14
DA:6,5
DA:9,9
DA:10,3
DA:15,24
DA:16,3
DA:19,21
DA:20,1
DA:23,20
DA:24,6
DA:27,14
DA:28,3
DA:33,4
DA:34,0
DA:37,4
DA:38,1
DA:43,24
DA:44,24
LF:20
LH:19
BRDA:5,0,0,5
BRDA:5,1,0,14
BRDA:5,1,1,10
BRDA:9,2,0,3
BRDA:9,3,0,9
BRDA:9,3,1,7
BRDA:15,4,0,3
BRDA:15,5,0,24
BRDA:15,5,1,22
BRDA:19,6,0,1
BRDA:19,7,0,21
BRDA:19,7,1,20
BRDA:23,8,0,6
BRDA:27,9,0,3
BRDA:27,10,0,14
BRDA:27,10,1,13
BRDA:33,11,0,0
BRDA:33,12,0,4
BRDA:33,12,1,4
BRDA:37,13,0,1
BRF:20
BRH:19
end_of_record
TN:
SF:src/usecase/user/getNutritionistUseCase.ts
FN:8,(anonymous_1)
FN:10,(anonymous_2)
FNF:2
FNH:2
FNDA:5,(anonymous_1)
FNDA:6,(anonymous_2)
DA:2,1
DA:3,1
DA:7,1
DA:8,5
DA:11,6
DA:12,6
DA:14,4
DA:15,1
DA:18,2
DA:19,1
DA:22,1
DA:24,5
DA:25,2
DA:27,3
DA:28,1
DA:30,2
LF:16
LH:16
BRDA:14,0,0,1
BRDA:18,1,0,1
BRDA:24,2,0,2
BRDA:27,3,0,1
BRF:4
BRH:4
end_of_record
TN:
SF:src/usecase/user/getUserByIdUseCase.ts
FN:9,(anonymous_0)
FN:13,(anonymous_1)
FNF:2
FNH:2
FNDA:2,(anonymous_0)
FNDA:2,(anonymous_1)
DA:3,1
DA:6,1
DA:10,2
DA:14,2
DA:15,1
LF:5
LH:5
BRF:0
BRH:0
end_of_record
TN:
SF:src/usecase/utils/validationUtils.ts
FN:3,assertNonEmpty
FN:9,assertValidRange
FNF:2
FNH:2
FNDA:245,assertNonEmpty
FNDA:9,assertValidRange
DA:1,13
DA:3,13
DA:4,245
DA:5,7
DA:9,13
DA:10,9
DA:11,1
LF:7
LH:7
BRDA:4,0,0,7
BRDA:4,1,0,245
BRDA:4,1,1,240
BRDA:10,2,0,1
BRF:4
BRH:4
end_of_record
TN:
SF:src/viewmodel/appointment/useAppointmentDetailsViewModel.ts
FN:28,useAppointmentDetailsViewModel
FN:42,(anonymous_2)
FN:68,(anonymous_3)
FN:72,(anonymous_4)
FN:76,(anonymous_5)
FN:102,(anonymous_6)
FN:113,(anonymous_7)
FN:117,(anonymous_8)
FN:121,(anonymous_9)
FN:126,(anonymous_10)
FNF:10
FNH:4
FNDA:17,useAppointmentDetailsViewModel
FNDA:6,(anonymous_2)
FNDA:1,(anonymous_3)
FNDA:0,(anonymous_4)
FNDA:0,(anonymous_5)
FNDA:9,(anonymous_6)
FNDA:0,(anonymous_7)
FNDA:0,(anonymous_8)
FNDA:0,(anonymous_9)
FNDA:0,(anonymous_10)
DA:1,1
DA:4,1
DA:7,1
DA:28,1
DA:33,17
DA:34,17
DA:35,17
DA:36,17
DA:37,17
DA:38,17
DA:39,17
DA:40,17
DA:42,17
DA:43,6
DA:44,6
DA:45,6
DA:47,6
DA:48,6
DA:50,3
DA:51,1
DA:52,1
DA:54,2
DA:57,3
DA:58,2
DA:60,1
DA:62,3
DA:64,6
DA:68,17
DA:69,1
DA:72,17
DA:73,0
DA:76,17
DA:77,0
DA:78,0
DA:79,0
DA:82,0
DA:83,0
DA:85,0
DA:86,0
DA:87,0
DA:88,0
DA:90,0
DA:91,0
DA:92,0
DA:93,0
DA:95,0
DA:98,0
DA:102,17
DA:103,9
DA:104,9
DA:105,9
DA:106,9
DA:107,9
DA:110,0
DA:111,0
DA:112,0
DA:114,0
DA:115,0
DA:118,0
DA:119,0
DA:122,0
DA:123,0
DA:126,0
DA:127,0
DA:131,17
DA:133,17
LF:66
LH:39
BRDA:50,0,0,1
BRDA:50,0,1,2
BRDA:57,1,0,2
BRDA:57,1,1,1
BRDA:77,2,0,0
BRDA:90,3,0,0
BRDA:90,3,1,0
BRDA:92,4,0,0
BRDA:92,4,1,0
BRDA:104,5,0,9
BRDA:104,6,0,9
BRDA:104,6,1,2
BRDA:114,7,0,0
BRDA:115,8,0,0
BRDA:115,8,1,0
BRDA:118,9,0,0
BRDA:122,10,0,0
BRDA:131,11,0,17
BRDA:131,11,1,13
BRF:19
BRH:9
end_of_record
TN:
SF:src/viewmodel/appointment/useMyAppointmentsViewModel.ts
FN:24,useMyAppointmentsViewModel
FN:35,(anonymous_2)
FN:36,(anonymous_3)
FN:39,(anonymous_4)
FN:59,(anonymous_5)
FN:64,(anonymous_6)
FN:68,(anonymous_7)
FN:73,(anonymous_8)
FN:78,(anonymous_9)
FN:82,(anonymous_10)
FN:87,(anonymous_11)
FN:92,(anonymous_12)
FN:97,(anonymous_13)
FNF:13
FNH:9
FNDA:16,useMyAppointmentsViewModel
FNDA:6,(anonymous_2)
FNDA:6,(anonymous_3)
FNDA:10,(anonymous_4)
FNDA:1,(anonymous_5)
FNDA:1,(anonymous_6)
FNDA:0,(anonymous_7)
FNDA:0,(anonymous_8)
FNDA:0,(anonymous_9)
FNDA:9,(anonymous_10)
FNDA:9,(anonymous_11)
FNDA:0,(anonymous_12)
FNDA:8,(anonymous_13)
DA:1,1
DA:4,1
DA:24,1
DA:28,16
DA:29,16
DA:30,16
DA:31,16
DA:32,16
DA:33,16
DA:35,16
DA:36,6
DA:39,16
DA:40,10
DA:42,9
DA:44,9
DA:45,9
DA:46,6
DA:48,3
DA:49,2
DA:51,1
DA:54,9
DA:55,9
DA:59,16
DA:60,1
DA:61,1
DA:64,16
DA:65,1
DA:68,16
DA:69,0
DA:70,0
DA:73,16
DA:74,0
DA:75,0
DA:78,16
DA:79,0
DA:82,16
DA:83,9
DA:84,9
DA:87,16
DA:88,9
DA:90,8
DA:93,0
DA:97,8
DA:100,16
LF:44
LH:38
BRDA:40,0,0,1
BRDA:48,1,0,2
BRDA:48,1,1,1
BRDA:88,2,0,1
BRF:4
BRH:4
end_of_record
TN:
SF:src/viewmodel/appointment/useScheduleViewModel.ts
FN:11,useScheduleViewModel
FN:36,(anonymous_2)
FN:56,(anonymous_3)
FN:60,(anonymous_4)
FN:82,(anonymous_5)
FN:86,(anonymous_6)
FN:90,(anonymous_7)
FN:96,(anonymous_8)
FN:101,(anonymous_9)
FNF:9
FNH:9
FNDA:39,useScheduleViewModel
FNDA:2,(anonymous_2)
FNDA:2,(anonymous_3)
FNDA:3,(anonymous_4)
FNDA:1,(anonymous_5)
FNDA:1,(anonymous_6)
FNDA:1,(anonymous_7)
FNDA:2,(anonymous_8)
FNDA:1,(anonymous_9)
DA:1,1
DA:6,1
DA:7,1
DA:9,1
DA:11,1
DA:16,39
DA:17,39
DA:18,39
DA:19,39
DA:20,39
DA:21,39
DA:22,39
DA:34,39
DA:36,39
DA:37,2
DA:47,39
DA:56,2
DA:60,39
DA:61,3
DA:62,0
DA:65,3
DA:66,3
DA:68,3
DA:69,3
DA:70,1
DA:72,2
DA:73,2
DA:75,0
DA:78,3
DA:82,39
DA:83,1
DA:86,39
DA:87,1
DA:90,39
DA:91,1
DA:92,1
DA:93,1
DA:96,39
DA:97,2
DA:98,2
DA:101,39
DA:102,1
DA:105,39
LF:43
LH:41
BRDA:61,0,0,0
BRDA:72,1,0,2
BRDA:72,1,1,0
BRDA:91,2,0,0
BRF:4
BRH:1
end_of_record
TN:
SF:src/viewmodel/appointment/helpers/useScheduleAvailability.ts
FN:27,useScheduleAvailability
FN:37,(anonymous_2)
FN:63,(anonymous_3)
FN:68,(anonymous_4)
FN:106,(anonymous_5)
FNF:5
FNH:5
FNDA:39,useScheduleAvailability
FNDA:7,(anonymous_2)
FNDA:4,(anonymous_3)
FNDA:1,(anonymous_4)
FNDA:2,(anonymous_5)
DA:1,1
DA:3,1
DA:5,1
DA:27,1
DA:31,39
DA:32,39
DA:33,39
DA:34,39
DA:35,39
DA:37,39
DA:42,7
DA:43,7
DA:44,7
DA:45,7
DA:46,7
DA:48,7
DA:49,7
DA:50,6
DA:52,1
DA:53,1
DA:55,0
DA:57,1
DA:59,7
DA:63,39
DA:64,4
DA:65,4
DA:68,39
DA:74,1
DA:75,1
DA:77,1
DA:78,1
DA:85,1
DA:86,1
DA:87,1
DA:89,1
DA:90,1
DA:91,1
DA:92,31
DA:93,31
DA:94,31
DA:95,31
DA:97,31
DA:100,1
DA:102,0
DA:106,39
DA:107,2
DA:110,39
LF:47
LH:45
BRDA:52,0,0,1
BRDA:52,0,1,0
BRDA:93,1,0,31
BRDA:94,2,0,31
BRDA:94,2,1,29
BRF:5
BRH:4
end_of_record
TN:
SF:src/viewmodel/appointment/helpers/useScheduleSubmission.ts
FN:34,useScheduleSubmission
FN:50,(anonymous_2)
FN:101,(anonymous_3)
FN:114,(anonymous_4)
FNF:4
FNH:3
FNDA:39,useScheduleSubmission
FNDA:4,(anonymous_2)
FNDA:0,(anonymous_3)
FNDA:1,(anonymous_4)
DA:1,1
DA:4,1
DA:5,1
DA:34,1
DA:46,39
DA:47,39
DA:48,39
DA:50,39
DA:54,4
DA:55,1
DA:56,1
DA:59,3
DA:60,3
DA:62,3
DA:63,3
DA:72,3
DA:74,2
DA:75,2
DA:76,2
DA:77,2
DA:79,2
DA:80,2
DA:82,1
DA:83,1
DA:85,0
DA:87,1
DA:89,3
DA:101,39
DA:102,0
DA:103,0
DA:106,0
DA:107,0
DA:108,0
DA:111,0
DA:114,39
DA:115,1
DA:116,1
DA:119,39
LF:38
LH:31
BRDA:54,0,0,1
BRDA:54,1,0,4
BRDA:54,1,1,3
BRDA:69,2,0,3
BRDA:69,2,1,2
BRDA:82,3,0,1
BRDA:82,3,1,0
BRDA:82,4,0,1
BRDA:82,4,1,0
BRDA:102,5,0,0
BRDA:106,6,0,0
BRF:11
BRH:7
end_of_record
TN:
SF:src/viewmodel/auth/useHomeViewModel.ts
FN:19,useHomeViewModel
FN:24,(anonymous_2)
FN:25,(anonymous_3)
FN:30,(anonymous_4)
FN:33,(anonymous_5)
FN:51,(anonymous_6)
FNF:6
FNH:5
FNDA:17,useHomeViewModel
FNDA:8,(anonymous_2)
FNDA:4,(anonymous_3)
FNDA:8,(anonymous_4)
FNDA:4,(anonymous_5)
FNDA:0,(anonymous_6)
DA:1,1
DA:3,1
DA:19,1
DA:20,17
DA:21,17
DA:22,17
DA:24,17
DA:25,8
DA:26,4
DA:27,4
DA:30,8
DA:33,17
DA:34,4
DA:35,4
DA:37,4
DA:38,4
DA:39,2
DA:41,2
DA:42,1
DA:44,1
DA:47,4
DA:51,17
DA:52,0
DA:55,17
DA:56,17
DA:64,17
LF:26
LH:25
BRDA:41,0,0,1
BRDA:41,0,1,1
BRDA:55,1,0,5
BRDA:55,1,1,12
BRDA:55,2,0,17
BRDA:55,2,1,8
BRDA:56,3,0,8
BRDA:56,3,1,9
BRDA:57,4,0,3
BRDA:57,4,1,5
BRDA:58,5,0,0
BRDA:58,5,1,3
BRF:12
BRH:11
end_of_record
TN:
SF:src/viewmodel/auth/useLoginViewModel.ts
FN:30,useLoginViewModel
FN:41,(anonymous_1)
FN:42,(anonymous_2)
FN:46,(anonymous_3)
FN:49,(anonymous_4)
FN:76,(anonymous_5)
FN:82,(anonymous_6)
FN:97,(anonymous_7)
FN:101,(anonymous_8)
FN:106,(anonymous_9)
FN:111,(anonymous_10)
FN:116,(anonymous_11)
FNF:12
FNH:6
FNDA:19,useLoginViewModel
FNDA:9,(anonymous_1)
FNDA:1,(anonymous_2)
FNDA:9,(anonymous_3)
FNDA:7,(anonymous_4)
FNDA:1,(anonymous_5)
FNDA:0,(anonymous_6)
FNDA:0,(anonymous_7)
FNDA:0,(anonymous_8)
FNDA:0,(anonymous_9)
FNDA:0,(anonymous_10)
FNDA:0,(anonymous_11)
DA:1,1
DA:4,1
DA:30,1
DA:31,19
DA:32,19
DA:33,19
DA:34,19
DA:35,19
DA:36,19
DA:37,19
DA:38,19
DA:39,19
DA:41,19
DA:42,9
DA:43,1
DA:46,9
DA:49,19
DA:50,7
DA:51,7
DA:52,0
DA:53,0
DA:54,0
DA:55,0
DA:58,7
DA:59,7
DA:60,7
DA:61,7
DA:63,7
DA:64,7
DA:65,2
DA:67,5
DA:68,5
DA:69,5
DA:70,5
DA:72,7
DA:76,19
DA:77,1
DA:78,1
DA:79,1
DA:82,19
DA:83,0
DA:84,0
DA:85,0
DA:87,0
DA:88,0
DA:89,0
DA:91,0
DA:93,0
DA:97,19
DA:98,0
DA:101,19
DA:102,0
DA:103,0
DA:106,19
DA:107,0
DA:108,0
DA:111,19
DA:112,0
DA:113,0
DA:116,19
DA:117,0
DA:120,19
DA:126,19
LF:63
LH:43
BRDA:51,0,0,0
BRDA:120,1,0,3
BRDA:120,1,1,16
BRDA:121,2,0,0
BRDA:121,2,1,3
BRF:5
BRH:3
end_of_record
TN:
SF:src/viewmodel/auth/useSignUpViewModel.ts
FN:26,useSignUpViewModel
FN:37,(anonymous_1)
FN:81,(anonymous_2)
FN:89,(anonymous_3)
FN:94,(anonymous_4)
FNF:5
FNH:3
FNDA:19,useSignUpViewModel
FNDA:8,(anonymous_1)
FNDA:1,(anonymous_2)
FNDA:0,(anonymous_3)
FNDA:0,(anonymous_4)
DA:1,1
DA:4,1
DA:26,1
DA:27,19
DA:28,19
DA:29,19
DA:30,19
DA:31,19
DA:32,19
DA:33,19
DA:34,19
DA:35,19
DA:37,19
DA:43,8
DA:44,8
DA:45,8
DA:46,8
DA:47,8
DA:49,8
DA:56,8
DA:57,1
DA:58,1
DA:59,1
DA:60,1
DA:61,1
DA:64,7
DA:66,7
DA:67,7
DA:68,2
DA:70,5
DA:71,5
DA:72,5
DA:73,5
DA:74,5
DA:75,5
DA:77,7
DA:81,19
DA:82,1
DA:83,1
DA:84,1
DA:85,1
DA:86,1
DA:89,19
DA:90,0
DA:91,0
DA:94,19
DA:95,0
DA:98,19
DA:100,19
LF:49
LH:46
BRDA:56,0,0,1
BRDA:56,1,0,8
BRDA:56,1,1,8
BRDA:56,1,2,7
BRDA:56,1,3,7
BRDA:98,2,0,2
BRDA:98,2,1,17
BRF:7
BRH:7
end_of_record
TN:
SF:src/viewmodel/auth/helpers/loginViewModelHelpers.ts
FN:14,validateLoginInputs
FN:33,resolveLoginError
FN:51,resolveResetPasswordError
FNF:3
FNH:2
FNDA:7,validateLoginInputs
FNDA:5,resolveLoginError
FNDA:0,resolveResetPasswordError
DA:1,1
DA:2,1
DA:3,1
DA:14,1
DA:19,7
DA:20,7
DA:21,7
DA:22,7
DA:24,7
DA:33,1
DA:34,5
DA:35,1
DA:36,1
DA:38,0
DA:39,0
DA:41,0
DA:44,4
DA:45,3
DA:48,1
DA:51,1
DA:52,0
DA:53,0
DA:55,0
LF:23
LH:17
BRDA:27,0,0,7
BRDA:27,0,1,7
BRDA:28,1,0,7
BRDA:28,1,1,0
BRDA:29,2,0,7
BRDA:29,2,1,0
BRDA:34,3,0,1
BRDA:35,4,0,1
BRDA:38,5,0,0
BRDA:44,6,0,3
BRDA:44,7,0,4
BRDA:44,7,1,2
BRDA:52,8,0,0
BRDA:52,9,0,0
BRDA:52,9,1,0
BRDA:52,9,2,0
BRF:16
BRH:9
end_of_record
TN:
SF:src/viewmodel/auth/helpers/signUpViewModelHelpers.ts
FN:13,validateSignUpInputs
FN:70,resolveSignUpError
FNF:2
FNH:2
FNDA:8,validateSignUpInputs
FNDA:5,resolveSignUpError
DA:1,1
DA:2,1
DA:3,1
DA:13,1
DA:19,8
DA:20,8
DA:21,8
DA:22,8
DA:23,8
DA:25,8
DA:33,8
DA:34,0
DA:35,0
DA:38,8
DA:39,0
DA:40,0
DA:43,8
DA:44,1
DA:45,1
DA:48,7
DA:49,0
DA:50,0
DA:53,7
DA:54,0
DA:55,0
DA:58,7
DA:59,0
DA:60,0
DA:63,7
DA:64,0
DA:67,7
DA:70,1
DA:71,5
DA:79,5
DA:80,0
DA:81,0
DA:83,0
DA:84,0
DA:86,0
DA:87,0
DA:89,0
DA:92,5
DA:93,2
DA:96,3
DA:97,1
DA:100,2
DA:101,1
DA:104,1
LF:48
LH:30
BRDA:33,0,0,0
BRDA:38,1,0,0
BRDA:43,2,0,1
BRDA:48,3,0,0
BRDA:53,4,0,0
BRDA:58,5,0,0
BRDA:63,6,0,0
BRDA:79,7,0,0
BRDA:80,8,0,0
BRDA:83,9,0,0
BRDA:86,10,0,0
BRDA:92,11,0,2
BRDA:96,12,0,1
BRDA:100,13,0,1
BRF:14
BRH:4
end_of_record
TN:
SF:src/viewmodel/nutritionist/useNutritionistAgendaViewModel.ts
FN:14,useNutritionistAgendaViewModel
FN:31,(anonymous_2)
FN:56,(anonymous_3)
FN:58,(anonymous_4)
FN:73,(anonymous_5)
FN:93,(anonymous_6)
FN:97,(anonymous_7)
FN:106,(anonymous_8)
FN:112,(anonymous_9)
FN:117,(anonymous_10)
FN:121,(anonymous_11)
FN:125,(anonymous_12)
FNF:12
FNH:10
FNDA:26,useNutritionistAgendaViewModel
FNDA:13,(anonymous_2)
FNDA:3,(anonymous_3)
FNDA:2,(anonymous_4)
FNDA:3,(anonymous_5)
FNDA:1,(anonymous_6)
FNDA:1,(anonymous_7)
FNDA:1,(anonymous_8)
FNDA:0,(anonymous_9)
FNDA:0,(anonymous_10)
FNDA:13,(anonymous_11)
FNDA:11,(anonymous_12)
DA:1,1
DA:5,1
DA:12,1
DA:13,1
DA:14,1
DA:19,26
DA:20,26
DA:21,26
DA:22,26
DA:23,26
DA:24,26
DA:25,26
DA:26,26
DA:27,26
DA:29,26
DA:30,26
DA:31,26
DA:32,13
DA:34,13
DA:36,13
DA:37,13
DA:38,13
DA:40,10
DA:41,10
DA:42,4
DA:44,10
DA:46,2
DA:47,2
DA:49,0
DA:52,12
DA:56,26
DA:57,3
DA:59,2
DA:60,2
DA:73,26
DA:74,3
DA:75,3
DA:76,3
DA:77,3
DA:79,3
DA:80,3
DA:81,3
DA:82,3
DA:84,0
DA:85,0
DA:86,0
DA:89,3
DA:93,26
DA:94,1
DA:97,26
DA:98,1
DA:99,1
DA:100,1
DA:101,0
DA:103,1
DA:106,26
DA:107,1
DA:108,1
DA:109,1
DA:112,26
DA:113,0
DA:114,0
DA:117,26
DA:118,0
DA:121,26
DA:122,13
DA:125,26
DA:126,11
DA:129,26
LF:69
LH:61
BRDA:32,0,0,0
BRDA:46,1,0,2
BRDA:46,1,1,0
BRDA:85,2,0,0
BRDA:100,3,0,0
BRF:5
BRH:1
end_of_record
TN:
SF:src/viewmodel/nutritionist/useNutritionistAppointmentDetailsViewModel.ts
FN:14,useNutritionistAppointmentDetailsViewModel
FN:28,(anonymous_2)
FN:58,(anonymous_3)
FN:77,(anonymous_4)
FN:96,(anonymous_5)
FN:115,(anonymous_6)
FN:118,(anonymous_7)
FNF:7
FNH:7
FNDA:17,useNutritionistAppointmentDetailsViewModel
FNDA:4,(anonymous_2)
FNDA:2,(anonymous_3)
FNDA:1,(anonymous_4)
FNDA:1,(anonymous_5)
FNDA:1,(anonymous_6)
FNDA:1,(anonymous_7)
DA:1,1
DA:8,1
DA:9,1
DA:14,1
DA:21,17
DA:22,17
DA:23,17
DA:24,17
DA:25,17
DA:26,17
DA:27,17
DA:28,17
DA:29,4
DA:30,4
DA:31,4
DA:32,4
DA:33,4
DA:34,3
DA:35,1
DA:36,1
DA:37,1
DA:38,1
DA:40,2
DA:41,2
DA:42,2
DA:43,2
DA:44,1
DA:46,1
DA:49,1
DA:50,1
DA:52,0
DA:55,4
DA:58,17
DA:59,2
DA:60,2
DA:61,2
DA:62,2
DA:63,1
DA:64,1
DA:66,1
DA:67,1
DA:68,0
DA:69,0
DA:71,0
DA:74,2
DA:77,17
DA:78,1
DA:79,1
DA:80,1
DA:81,1
DA:82,0
DA:83,0
DA:85,1
DA:86,0
DA:87,1
DA:88,1
DA:90,0
DA:93,1
DA:96,17
DA:97,1
DA:98,1
DA:99,1
DA:100,1
DA:101,0
DA:102,0
DA:104,1
DA:105,0
DA:106,1
DA:107,0
DA:109,1
DA:112,1
DA:115,17
DA:116,1
DA:118,17
DA:119,1
DA:121,17
DA:122,17
DA:124,17
LF:78
LH:66
BRDA:29,0,0,0
BRDA:34,1,0,1
BRDA:44,2,0,1
BRDA:44,2,1,0
BRDA:49,3,0,1
BRDA:49,3,1,0
BRDA:66,4,0,1
BRDA:66,4,1,0
BRDA:68,5,0,0
BRDA:68,5,1,0
BRDA:85,6,0,0
BRDA:85,6,1,1
BRDA:87,7,0,1
BRDA:87,7,1,0
BRDA:104,8,0,0
BRDA:104,8,1,1
BRDA:106,9,0,0
BRDA:106,9,1,1
BRF:18
BRH:8
end_of_record
TN:
SF:src/viewmodel/nutritionist/useNutritionistHomeViewModel.ts
FN:8,useNutritionistHomeViewModel
FN:24,(anonymous_2)
FN:42,(anonymous_3)
FN:57,(anonymous_4)
FN:70,(anonymous_5)
FN:74,(anonymous_6)
FN:79,(anonymous_7)
FN:87,(anonymous_8)
FN:91,(anonymous_9)
FN:95,(anonymous_10)
FN:100,(anonymous_11)
FN:105,(anonymous_12)
FN:109,(anonymous_13)
FN:113,(anonymous_14)
FN:115,(anonymous_15)
FN:118,(anonymous_16)
FNF:16
FNH:11
FNDA:28,useNutritionistHomeViewModel
FNDA:13,(anonymous_2)
FNDA:3,(anonymous_3)
FNDA:0,(anonymous_4)
FNDA:12,(anonymous_5)
FNDA:12,(anonymous_6)
FNDA:0,(anonymous_7)
FNDA:1,(anonymous_8)
FNDA:1,(anonymous_9)
FNDA:0,(anonymous_10)
FNDA:0,(anonymous_11)
FNDA:0,(anonymous_12)
FNDA:15,(anonymous_13)
FNDA:26,(anonymous_14)
FNDA:1,(anonymous_15)
FNDA:7,(anonymous_16)
DA:1,1
DA:5,1
DA:8,1
DA:14,28
DA:15,28
DA:16,28
DA:17,28
DA:18,28
DA:19,28
DA:20,28
DA:22,28
DA:24,28
DA:25,13
DA:27,12
DA:28,12
DA:30,12
DA:31,12
DA:32,9
DA:34,9
DA:35,9
DA:36,9
DA:41,9
DA:43,3
DA:44,3
DA:45,3
DA:46,2
DA:49,3
DA:57,9
DA:58,9
DA:60,3
DA:61,2
DA:63,1
DA:66,12
DA:70,28
DA:71,12
DA:74,28
DA:75,12
DA:77,11
DA:80,0
DA:84,11
DA:87,28
DA:88,1
DA:91,28
DA:92,1
DA:95,28
DA:96,0
DA:97,0
DA:100,28
DA:101,0
DA:102,0
DA:105,28
DA:106,0
DA:109,28
DA:110,15
DA:113,28
DA:114,26
DA:115,7
DA:116,1
DA:118,7
DA:122,28
LF:60
LH:54
BRDA:25,0,0,1
BRDA:46,1,0,1
BRDA:60,2,0,2
BRDA:60,2,1,1
BRDA:75,3,0,1
BRDA:114,4,0,7
BRDA:114,5,0,26
BRDA:114,5,1,20
BRDA:114,5,2,19
BRF:9
BRH:9
end_of_record
TN:
SF:src/viewmodel/nutritionist/usePatientNameCache.ts
FN:4,usePatientNameCache
FN:7,(anonymous_1)
FN:14,(anonymous_2)
FNF:3
FNH:3
FNDA:54,usePatientNameCache
FNDA:12,(anonymous_1)
FNDA:7,(anonymous_2)
DA:1,2
DA:4,2
DA:5,54
DA:7,54
DA:8,12
DA:9,5
DA:11,7
DA:12,7
DA:13,7
DA:14,7
DA:15,7
DA:17,0
DA:21,54
LF:13
LH:12
BRDA:8,0,0,5
BRDA:13,1,0,7
BRDA:13,1,1,0
BRF:3
BRH:2
end_of_record
TN:
SF:src/viewmodel/nutritionist/usePendingRequestsViewModel.ts
FN:17,usePendingRequestsViewModel
FN:32,(anonymous_2)
FN:42,(anonymous_3)
FN:44,(anonymous_4)
FN:62,(anonymous_5)
FN:67,(anonymous_6)
FN:89,(anonymous_7)
FN:111,(anonymous_8)
FN:115,(anonymous_9)
FNF:9
FNH:9
FNDA:28,usePendingRequestsViewModel
FNDA:13,(anonymous_2)
FNDA:12,(anonymous_3)
FNDA:10,(anonymous_4)
FNDA:13,(anonymous_5)
FNDA:5,(anonymous_6)
FNDA:1,(anonymous_7)
FNDA:1,(anonymous_8)
FNDA:1,(anonymous_9)
DA:1,1
DA:7,1
DA:8,1
DA:14,1
DA:15,1
DA:17,1
DA:25,28
DA:26,28
DA:27,28
DA:28,28
DA:29,28
DA:30,28
DA:32,28
DA:33,13
DA:34,0
DA:35,0
DA:38,13
DA:40,13
DA:43,12
DA:45,10
DA:46,10
DA:57,12
DA:58,12
DA:62,13
DA:63,13
DA:67,28
DA:68,5
DA:69,5
DA:71,5
DA:72,5
DA:73,2
DA:74,2
DA:76,3
DA:77,2
DA:78,1
DA:79,1
DA:81,0
DA:83,3
DA:85,5
DA:89,28
DA:90,1
DA:91,1
DA:93,1
DA:94,1
DA:95,1
DA:96,1
DA:98,0
DA:99,0
DA:100,0
DA:101,0
DA:103,0
DA:105,0
DA:107,1
DA:111,28
DA:112,1
DA:115,28
DA:116,1
DA:119,28
LF:58
LH:49
BRDA:33,0,0,0
BRDA:76,1,0,2
BRDA:76,1,1,1
BRDA:78,2,0,1
BRDA:78,2,1,0
BRDA:98,3,0,0
BRDA:98,3,1,0
BRDA:100,4,0,0
BRDA:100,4,1,0
BRF:9
BRH:3
end_of_record
TN:
SF:src/viewmodel/nutritionist/helpers/nutritionistAgendaViewModelHelpers.ts
FN:3,formatDateShort
FN:14,formatSelectedDate
FN:24,getDateRange
FNF:3
FNH:3
FNDA:2,formatDateShort
FNDA:13,formatSelectedDate
FNDA:13,getDateRange
DA:3,1
DA:4,2
DA:5,2
DA:6,2
DA:11,2
DA:14,1
DA:15,13
DA:16,3
DA:21,3
DA:24,1
DA:25,13
DA:26,13
DA:28,13
DA:30,1
DA:32,0
DA:33,0
DA:34,0
DA:35,0
DA:39,12
DA:40,12
DA:41,12
LF:21
LH:17
BRDA:15,0,0,10
BRDA:28,1,0,1
BRDA:28,1,1,0
BRDA:28,1,2,12
BRDA:28,1,3,12
BRF:5
BRH:4
end_of_record
TN:
SF:src/viewmodel/nutritionist/helpers/pendingRequestsViewModelHelpers.ts
FN:1,formatPendingDate
FNF:1
FNH:1
FNDA:10,formatPendingDate
DA:1,1
DA:2,10
DA:3,10
DA:4,10
LF:4
LH:4
BRF:0
BRH:0
end_of_record
TN:
SF:src/viewmodel/patient/usePatientHomeViewModel.ts
FN:14,usePatientHomeViewModel
FN:18,(anonymous_1)
FN:23,(anonymous_2)
FN:28,(anonymous_3)
FNF:4
FNH:4
FNDA:7,usePatientHomeViewModel
FNDA:2,(anonymous_1)
FNDA:1,(anonymous_2)
FNDA:1,(anonymous_3)
DA:1,1
DA:14,1
DA:15,7
DA:16,7
DA:18,7
DA:19,2
DA:20,2
DA:23,7
DA:24,1
DA:25,1
DA:28,7
DA:29,1
DA:32,7
LF:13
LH:13
BRF:0
BRH:0
end_of_record
